REANN Package used for fitting energy and tensorial Property
2025-08-06-11_00_24 
Epoch=    0 learning rate   5.000000e-03  train error:   64.50918    1.93764 test error:   14.54053    2.26697 
Epoch=   10 learning rate   5.000000e-03  train error:    6.87270    0.23600 test error:  112.00742    2.24835 
Epoch=   20 learning rate   5.000000e-03  train error:    9.09386    0.21010 test error:  226.79608    2.50012 
Epoch=   30 learning rate   5.000000e-03  train error:    5.61334    0.16442 test error:  166.44534    2.39596 
Epoch=   40 learning rate   5.000000e-03  train error:    4.53990    0.15272 test error:   78.83804    1.28723 
Epoch=   50 learning rate   5.000000e-03  train error:    5.48432    0.15179 test error:   34.05824    0.60983 
Epoch=   60 learning rate   5.000000e-03  train error:   10.85019    0.16316 test error:   12.09206    0.29296 
Epoch=   70 learning rate   5.000000e-03  train error:    5.13681    0.13670 test error:    3.80966    0.16990 
Epoch=   80 learning rate   5.000000e-03  train error:    7.88924    0.14977 test error:    2.09503    0.13038 
Epoch=   90 learning rate   5.000000e-03  train error:    3.62854    0.12632 test error:    1.60487    0.12061 
Epoch=  100 learning rate   5.000000e-03  train error:    6.07886    0.12954 test error:    1.93243    0.11442 
Epoch=  110 learning rate   5.000000e-03  train error:    5.43357    0.24524 test error:   69.74809    0.97242 
Epoch=  120 learning rate   2.500000e-03  train error:    2.87203    0.11547 test error:   37.80108    1.00119 
Epoch=  130 learning rate   2.500000e-03  train error:    1.95227    0.11514 test error:    7.03233    0.77622 
Epoch=  140 learning rate   2.500000e-03  train error:    1.71704    0.11554 test error:    4.68619    0.48588 
Epoch=  150 learning rate   2.500000e-03  train error:    1.92357    0.11309 test error:    4.15730    0.28088 
Epoch=  160 learning rate   2.500000e-03  train error:    2.26625    0.11382 test error:    2.83467    0.16654 
Epoch=  170 learning rate   2.500000e-03  train error:    3.86713    0.11698 test error:    1.60888    0.12007 
Epoch=  180 learning rate   2.500000e-03  train error:    2.15033    0.10836 test error:    1.12032    0.10478 
Epoch=  190 learning rate   2.500000e-03  train error:    2.28760    0.10848 test error:    1.10929    0.09940 
Epoch=  200 learning rate   2.500000e-03  train error:    2.40290    0.10852 test error:    1.10727    0.09696 
Epoch=  210 learning rate   2.500000e-03  train error:    2.88783    0.10768 test error:    1.05521    0.09558 
Epoch=  220 learning rate   2.500000e-03  train error:    2.78080    0.11140 test error:    1.01756    0.09443 
Epoch=  230 learning rate   2.500000e-03  train error:    3.11631    0.11260 test error:    1.00130    0.09351 
Epoch=  240 learning rate   2.500000e-03  train error:    1.87464    0.10248 test error:    0.99000    0.09278 
Epoch=  250 learning rate   2.500000e-03  train error:   15.31649    0.19570 test error:    1.15080    0.09247 
Epoch=  260 learning rate   2.500000e-03  train error:    2.21868    0.10139 test error:    1.09340    0.09235 
Epoch=  270 learning rate   2.500000e-03  train error:    2.34437    0.10225 test error:    1.03645    0.09147 
Epoch=  280 learning rate   2.500000e-03  train error:    2.29627    0.10344 test error:    1.03637    0.09097 
Epoch=  290 learning rate   2.500000e-03  train error:    4.04443    0.11134 test error:    1.03129    0.09046 
Epoch=  300 learning rate   2.500000e-03  train error:    2.39173    0.09905 test error:    1.03382    0.09005 
Epoch=  310 learning rate   2.500000e-03  train error:    2.63186    0.10422 test error:    1.03989    0.08967 
Epoch=  320 learning rate   2.500000e-03  train error:    2.29265    0.10198 test error:    1.03830    0.08916 
Epoch=  330 learning rate   2.500000e-03  train error:    1.97540    0.09748 test error:    1.03178    0.08878 
Epoch=  340 learning rate   2.500000e-03  train error:    2.62096    0.09723 test error:    1.02388    0.08839 
Epoch=  350 learning rate   2.500000e-03  train error:    2.66135    0.09833 test error:    1.01065    0.08803 
Epoch=  360 learning rate   2.500000e-03  train error:    2.09673    0.10041 test error:    1.01435    0.08773 
Epoch=  370 learning rate   2.500000e-03  train error:    2.38950    0.09869 test error:    0.99994    0.08753 
Epoch=  380 learning rate   2.500000e-03  train error:    1.95457    0.09568 test error:    0.99781    0.08727 
Epoch=  390 learning rate   2.500000e-03  train error:    2.92940    0.10061 test error:    0.99211    0.08704 
Epoch=  400 learning rate   2.500000e-03  train error:    2.80753    0.10720 test error:    0.98567    0.08687 
Epoch=  410 learning rate   2.500000e-03  train error:    2.74363    0.10621 test error:    0.97162    0.08664 
Epoch=  420 learning rate   2.500000e-03  train error:    2.49582    0.10292 test error:    0.96608    0.08654 
Epoch=  430 learning rate   2.500000e-03  train error:    3.09393    0.09740 test error:    0.97146    0.08638 
Epoch=  440 learning rate   2.500000e-03  train error:    2.31256    0.09757 test error:    0.96777    0.08626 
Epoch=  450 learning rate   2.500000e-03  train error:    2.88956    0.09328 test error:    0.95423    0.08621 
Epoch=  460 learning rate   2.500000e-03  train error:    2.62215    0.09458 test error:    0.96140    0.08612 
Epoch=  470 learning rate   2.500000e-03  train error:    2.72408    0.10041 test error:    0.96952    0.08596 
Epoch=  480 learning rate   2.500000e-03  train error:    3.78988    0.09439 test error:    0.96858    0.08580 
Epoch=  490 learning rate   2.500000e-03  train error:    2.31380    0.09557 test error:    0.96855    0.08566 
Epoch=  500 learning rate   2.500000e-03  train error:    2.35738    0.09499 test error:    0.96571    0.08550 
Epoch=  510 learning rate   2.500000e-03  train error:    2.39512    0.09653 test error:    0.95560    0.08534 
Epoch=  520 learning rate   2.500000e-03  train error:    2.29670    0.09398 test error:    0.95227    0.08520 
Epoch=  530 learning rate   2.500000e-03  train error:    2.49226    0.09861 test error:    0.95614    0.08513 
Epoch=  540 learning rate   2.500000e-03  train error:    2.86971    0.10074 test error:    0.95973    0.08494 
Epoch=  550 learning rate   2.500000e-03  train error:    2.23435    0.09215 test error:    0.95296    0.08488 
Epoch=  560 learning rate   2.500000e-03  train error:    2.32045    0.09371 test error:    0.95220    0.08469 
Epoch=  570 learning rate   2.500000e-03  train error:    2.24081    0.09210 test error:    0.94391    0.08456 
Epoch=  580 learning rate   2.500000e-03  train error:    2.64016    0.09300 test error:    0.94514    0.08444 
Epoch=  590 learning rate   2.500000e-03  train error:    2.90500    0.09337 test error:    0.94476    0.08428 
Epoch=  600 learning rate   2.500000e-03  train error:    2.92517    0.09480 test error:    0.94406    0.08413 
Epoch=  610 learning rate   2.500000e-03  train error:    1.91704    0.09570 test error:    0.94688    0.08398 
Epoch=  620 learning rate   2.500000e-03  train error:    2.82510    0.09545 test error:    0.94930    0.08382 
Epoch=  630 learning rate   2.500000e-03  train error:    2.36784    0.09451 test error:    0.94679    0.08372 
Epoch=  640 learning rate   2.500000e-03  train error:    2.52004    0.09157 test error:    0.95602    0.08371 
Epoch=  650 learning rate   2.500000e-03  train error:    2.01927    0.09893 test error:    0.94920    0.08359 
Epoch=  660 learning rate   2.500000e-03  train error:    1.84081    0.09112 test error:    0.94210    0.08350 
Epoch=  670 learning rate   2.500000e-03  train error:    2.60011    0.09176 test error:    0.93190    0.08337 
Epoch=  680 learning rate   2.500000e-03  train error:    2.30835    0.09183 test error:    0.93939    0.08332 
Epoch=  690 learning rate   2.500000e-03  train error:    2.65821    0.09383 test error:    0.93664    0.08323 
Epoch=  700 learning rate   2.500000e-03  train error:    3.07719    0.09229 test error:    0.94479    0.08310 
Epoch=  710 learning rate   2.500000e-03  train error:    2.32589    0.09008 test error:    0.93944    0.08299 
Epoch=  720 learning rate   2.500000e-03  train error:    1.91669    0.09129 test error:    0.93812    0.08288 
Epoch=  730 learning rate   2.500000e-03  train error:    2.62671    0.09184 test error:    0.93708    0.08279 
Epoch=  740 learning rate   2.500000e-03  train error:    2.20311    0.09189 test error:    0.93411    0.08274 
Epoch=  750 learning rate   2.500000e-03  train error:    2.57652    0.09207 test error:    0.93623    0.08263 
Epoch=  760 learning rate   2.500000e-03  train error:    2.06716    0.09247 test error:    0.92992    0.08256 
Epoch=  770 learning rate   2.500000e-03  train error:    2.42794    0.09263 test error:    0.92237    0.08250 
Epoch=  780 learning rate   2.500000e-03  train error:    3.57639    0.10571 test error:    0.92670    0.08242 
Epoch=  790 learning rate   2.500000e-03  train error:    2.48001    0.09275 test error:    0.91477    0.08238 
Epoch=  800 learning rate   2.500000e-03  train error:    2.02660    0.09104 test error:    0.91428    0.08226 
Epoch=  810 learning rate   2.500000e-03  train error:    2.33534    0.09310 test error:    0.91347    0.08221 
Epoch=  820 learning rate   2.500000e-03  train error:    2.49883    0.09072 test error:    0.91276    0.08212 
Epoch=  830 learning rate   2.500000e-03  train error:    2.61449    0.08850 test error:    0.91015    0.08206 
Epoch=  840 learning rate   2.500000e-03  train error:    2.99439    0.08965 test error:    0.91109    0.08199 
Epoch=  850 learning rate   2.500000e-03  train error:    2.07097    0.08882 test error:    0.90789    0.08192 
Epoch=  860 learning rate   2.500000e-03  train error:    2.17677    0.08909 test error:    0.90934    0.08182 
Epoch=  870 learning rate   2.500000e-03  train error:    2.63798    0.09003 test error:    0.90973    0.08187 
Epoch=  880 learning rate   2.500000e-03  train error:    2.77464    0.08767 test error:    0.90558    0.08181 
Epoch=  890 learning rate   2.500000e-03  train error:    1.99136    0.09026 test error:    0.90755    0.08177 
Epoch=  900 learning rate   2.500000e-03  train error:    2.51257    0.09173 test error:    0.90480    0.08176 
Epoch=  910 learning rate   2.500000e-03  train error:    1.95536    0.08730 test error:    0.90360    0.08170 
Epoch=  920 learning rate   2.500000e-03  train error:    1.99819    0.08892 test error:    0.89722    0.08167 
Epoch=  930 learning rate   2.500000e-03  train error:    2.40995    0.08841 test error:    0.90622    0.08158 
Epoch=  940 learning rate   2.500000e-03  train error:    2.33237    0.09051 test error:    0.90551    0.08147 
Epoch=  950 learning rate   2.500000e-03  train error:    2.43561    0.08861 test error:    0.91195    0.08165 
Epoch=  960 learning rate   2.500000e-03  train error:    1.93190    0.08780 test error:    0.90849    0.08152 
Epoch=  970 learning rate   2.500000e-03  train error:    2.19980    0.08938 test error:    0.91011    0.08136 
Epoch=  980 learning rate   2.500000e-03  train error:    2.26662    0.09143 test error:    0.91147    0.08134 
Epoch=  990 learning rate   2.500000e-03  train error:    2.32639    0.09189 test error:    0.91595    0.08130 
Epoch= 1000 learning rate   2.500000e-03  train error:    2.58928    0.08796 test error:    0.91196    0.08123 
Epoch= 1010 learning rate   2.500000e-03  train error:    1.80530    0.09062 test error:    0.91426    0.08117 
Epoch= 1020 learning rate   2.500000e-03  train error:    1.51103    0.08882 test error:    0.91592    0.08109 
Epoch= 1030 learning rate   2.500000e-03  train error:    1.84576    0.09101 test error:    0.91570    0.08107 
Epoch= 1040 learning rate   2.500000e-03  train error:    1.93935    0.08732 test error:    0.90704    0.08105 
Epoch= 1050 learning rate   2.500000e-03  train error:    2.35266    0.08703 test error:    0.90627    0.08102 
Epoch= 1060 learning rate   2.500000e-03  train error:    2.31590    0.08731 test error:    0.90346    0.08099 
Epoch= 1070 learning rate   2.500000e-03  train error:    2.79912    0.09111 test error:    0.91219    0.08100 
Epoch= 1080 learning rate   2.500000e-03  train error:    2.53287    0.08768 test error:    0.90641    0.08102 
Epoch= 1090 learning rate   2.500000e-03  train error:    2.43520    0.08806 test error:    0.90195    0.08091 
Epoch= 1100 learning rate   2.500000e-03  train error:    2.70041    0.08801 test error:    0.90001    0.08093 
Epoch= 1110 learning rate   2.500000e-03  train error:    2.12292    0.09196 test error:    0.89835    0.08101 
Epoch= 1120 learning rate   2.500000e-03  train error:    2.56322    0.08769 test error:    0.89973    0.08108 
Epoch= 1130 learning rate   2.500000e-03  train error:    2.59811    0.08630 test error:    0.89398    0.08111 
Epoch= 1140 learning rate   2.500000e-03  train error:    1.74014    0.08711 test error:    0.89692    0.08132 
Epoch= 1150 learning rate   2.500000e-03  train error:    2.26596    0.08808 test error:    0.89244    0.08139 
Epoch= 1160 learning rate   2.500000e-03  train error:    1.92827    0.08589 test error:    0.88843    0.08143 
Epoch= 1170 learning rate   2.500000e-03  train error:    2.22635    0.08978 test error:    0.88182    0.08148 
Epoch= 1180 learning rate   2.500000e-03  train error:    1.83195    0.08720 test error:    0.88388    0.08138 
Epoch= 1190 learning rate   2.500000e-03  train error:    2.20399    0.08908 test error:    0.88270    0.08132 
Epoch= 1200 learning rate   2.500000e-03  train error:    2.26904    0.08688 test error:    0.87443    0.08144 
Epoch= 1210 learning rate   2.500000e-03  train error:    2.63408    0.08737 test error:    0.87851    0.08148 
Epoch= 1220 learning rate   2.500000e-03  train error:    2.28753    0.08729 test error:    0.87715    0.08148 
Epoch= 1230 learning rate   2.500000e-03  train error:    1.86388    0.08761 test error:    0.87383    0.08155 
Epoch= 1240 learning rate   2.500000e-03  train error:    2.05187    0.08570 test error:    0.86936    0.08158 
Epoch= 1250 learning rate   2.500000e-03  train error:    2.05103    0.08567 test error:    0.86551    0.08148 
Epoch= 1260 learning rate   2.500000e-03  train error:    3.45932    0.09804 test error:    0.86281    0.08144 
Epoch= 1270 learning rate   2.500000e-03  train error:    2.16395    0.08741 test error:    0.86644    0.08147 
Epoch= 1280 learning rate   2.500000e-03  train error:    1.89205    0.08613 test error:    0.86070    0.08151 
Epoch= 1290 learning rate   2.500000e-03  train error:    1.66762    0.08414 test error:    0.85908    0.08154 
Epoch= 1300 learning rate   2.500000e-03  train error:    2.12319    0.08565 test error:    0.85966    0.08154 
Epoch= 1310 learning rate   2.500000e-03  train error:    1.90677    0.08665 test error:    0.86328    0.08151 
Epoch= 1320 learning rate   2.500000e-03  train error:    3.27900    0.08625 test error:    0.86553    0.08148 
Epoch= 1330 learning rate   2.500000e-03  train error:    1.78260    0.08495 test error:    0.85905    0.08145 
Epoch= 1340 learning rate   2.500000e-03  train error:    2.04613    0.08557 test error:    0.86106    0.08119 
Epoch= 1350 learning rate   2.500000e-03  train error:    2.43010    0.08549 test error:    0.86022    0.08117 
Epoch= 1360 learning rate   2.500000e-03  train error:    2.14502    0.08649 test error:    0.85848    0.08120 
Epoch= 1370 learning rate   2.500000e-03  train error:    1.79764    0.08686 test error:    0.85595    0.08124 
Epoch= 1380 learning rate   2.500000e-03  train error:    2.26941    0.08500 test error:    0.84993    0.08134 
Epoch= 1390 learning rate   2.500000e-03  train error:    1.83671    0.08491 test error:    0.85004    0.08126 
Epoch= 1400 learning rate   2.500000e-03  train error:    1.92275    0.08412 test error:    0.85063    0.08124 
Epoch= 1410 learning rate   2.500000e-03  train error:    1.68230    0.08672 test error:    0.84643    0.08108 
Epoch= 1420 learning rate   2.500000e-03  train error:    1.72374    0.08316 test error:    0.84304    0.08105 
Epoch= 1430 learning rate   2.500000e-03  train error:    2.15854    0.08670 test error:    0.84481    0.08095 
Epoch= 1440 learning rate   2.500000e-03  train error:    1.91244    0.08447 test error:    0.85010    0.08089 
Epoch= 1450 learning rate   2.500000e-03  train error:    2.45743    0.08432 test error:    0.84989    0.08068 
Epoch= 1460 learning rate   2.500000e-03  train error:    2.06679    0.08330 test error:    0.84582    0.08048 
Epoch= 1470 learning rate   2.500000e-03  train error:    2.11523    0.08630 test error:    0.84175    0.08037 
Epoch= 1480 learning rate   2.500000e-03  train error:    2.01515    0.08412 test error:    0.83538    0.08031 
Epoch= 1490 learning rate   2.500000e-03  train error:    2.05975    0.08470 test error:    0.83370    0.08031 
Epoch= 1500 learning rate   2.500000e-03  train error:    1.93120    0.08444 test error:    0.83380    0.08013 
Epoch= 1510 learning rate   2.500000e-03  train error:    2.52971    0.08892 test error:    0.82616    0.08011 
Epoch= 1520 learning rate   2.500000e-03  train error:    2.37732    0.08692 test error:    0.83120    0.08009 
Epoch= 1530 learning rate   2.500000e-03  train error:    1.97682    0.08661 test error:    0.82882    0.07998 
Epoch= 1540 learning rate   2.500000e-03  train error:    2.33913    0.08668 test error:    0.83212    0.07997 
Epoch= 1550 learning rate   2.500000e-03  train error:    1.64974    0.08300 test error:    0.82951    0.07982 
Epoch= 1560 learning rate   2.500000e-03  train error:    1.46267    0.08345 test error:    0.82658    0.07970 
Epoch= 1570 learning rate   2.500000e-03  train error:    1.59260    0.08560 test error:    0.82516    0.07965 
Epoch= 1580 learning rate   2.500000e-03  train error:    2.42156    0.08532 test error:    0.82259    0.07953 
Epoch= 1590 learning rate   2.500000e-03  train error:    1.97864    0.08343 test error:    0.82224    0.07952 
Epoch= 1600 learning rate   2.500000e-03  train error:    1.94299    0.08314 test error:    0.81870    0.07951 
Epoch= 1610 learning rate   2.500000e-03  train error:    2.00429    0.08817 test error:    0.82016    0.07946 
Epoch= 1620 learning rate   2.500000e-03  train error:    1.41462    0.08289 test error:    0.81721    0.07942 
Epoch= 1630 learning rate   2.500000e-03  train error:    1.71456    0.08292 test error:    0.82126    0.07938 
Epoch= 1640 learning rate   2.500000e-03  train error:    1.98545    0.08749 test error:    0.82337    0.07934 
Epoch= 1650 learning rate   2.500000e-03  train error:    1.95560    0.08564 test error:    0.81872    0.07941 
Epoch= 1660 learning rate   2.500000e-03  train error:    2.24950    0.08594 test error:    0.81458    0.07942 
Epoch= 1670 learning rate   2.500000e-03  train error:    1.78694    0.08368 test error:    0.81170    0.07933 
Epoch= 1680 learning rate   2.500000e-03  train error:    2.75048    0.09430 test error:    0.81041    0.07932 
Epoch= 1690 learning rate   2.500000e-03  train error:    1.85115    0.08389 test error:    0.81318    0.07912 
Epoch= 1700 learning rate   2.500000e-03  train error:    1.95458    0.08497 test error:    0.80779    0.07914 
Epoch= 1710 learning rate   2.500000e-03  train error:    1.76509    0.08322 test error:    0.80514    0.07909 
Epoch= 1720 learning rate   2.500000e-03  train error:    1.63202    0.08283 test error:    0.80691    0.07907 
Epoch= 1730 learning rate   2.500000e-03  train error:    1.99759    0.08338 test error:    0.81027    0.07922 
Epoch= 1740 learning rate   2.500000e-03  train error:    1.84578    0.08332 test error:    0.80935    0.07940 
Epoch= 1750 learning rate   2.500000e-03  train error:    1.42475    0.08164 test error:    0.80820    0.07928 
Epoch= 1760 learning rate   2.500000e-03  train error:    1.66325    0.08207 test error:    0.80341    0.07919 
Epoch= 1770 learning rate   2.500000e-03  train error:    3.30608    0.08961 test error:    0.80333    0.07919 
Epoch= 1780 learning rate   2.500000e-03  train error:    1.73794    0.08577 test error:    0.80254    0.07910 
Epoch= 1790 learning rate   2.500000e-03  train error:    1.70880    0.08644 test error:    0.80067    0.07904 
Epoch= 1800 learning rate   2.500000e-03  train error:    2.10186    0.08580 test error:    0.80120    0.07916 
Epoch= 1810 learning rate   2.500000e-03  train error:    1.98868    0.08285 test error:    0.79879    0.07919 
Epoch= 1820 learning rate   2.500000e-03  train error:    1.72388    0.08274 test error:    0.79753    0.07904 
Epoch= 1830 learning rate   2.500000e-03  train error:    1.84673    0.08344 test error:    0.79665    0.07891 
Epoch= 1840 learning rate   2.500000e-03  train error:    1.40555    0.08163 test error:    0.80096    0.07902 
Epoch= 1850 learning rate   2.500000e-03  train error:    2.11648    0.08487 test error:    0.80261    0.07914 
Epoch= 1860 learning rate   2.500000e-03  train error:    2.01201    0.08248 test error:    0.80268    0.07919 
Epoch= 1870 learning rate   2.500000e-03  train error:    2.48148    0.08551 test error:    0.79790    0.07917 
Epoch= 1880 learning rate   2.500000e-03  train error:    1.63858    0.08210 test error:    0.79889    0.07893 
Epoch= 1890 learning rate   2.500000e-03  train error:    1.88084    0.08210 test error:    0.79753    0.07868 
Epoch= 1900 learning rate   2.500000e-03  train error:    1.62863    0.08159 test error:    0.79357    0.07864 
Epoch= 1910 learning rate   2.500000e-03  train error:    1.67107    0.08114 test error:    0.79331    0.07874 
Epoch= 1920 learning rate   2.500000e-03  train error:    1.58188    0.08152 test error:    0.79230    0.07885 
Epoch= 1930 learning rate   2.500000e-03  train error:    1.98630    0.08363 test error:    0.79635    0.07889 
Epoch= 1940 learning rate   2.500000e-03  train error:    1.77862    0.08180 test error:    0.79479    0.07890 
Epoch= 1950 learning rate   2.500000e-03  train error:    1.71967    0.08252 test error:    0.79695    0.07894 
Epoch= 1960 learning rate   2.500000e-03  train error:    1.94983    0.08142 test error:    0.79442    0.07901 
Epoch= 1970 learning rate   2.500000e-03  train error:    1.83178    0.08298 test error:    0.79061    0.07892 
Epoch= 1980 learning rate   2.500000e-03  train error:    1.54783    0.08176 test error:    0.79163    0.07893 
Epoch= 1990 learning rate   2.500000e-03  train error:    2.41526    0.08261 test error:    0.78858    0.07889 
Epoch= 2000 learning rate   2.500000e-03  train error:    1.53638    0.08440 test error:    0.78574    0.07879 
Epoch= 2010 learning rate   2.500000e-03  train error:    2.36656    0.08201 test error:    0.78366    0.07882 
Epoch= 2020 learning rate   2.500000e-03  train error:    2.17826    0.08145 test error:    0.78213    0.07882 
Epoch= 2030 learning rate   2.500000e-03  train error:    1.72080    0.08257 test error:    0.78058    0.07888 
Epoch= 2040 learning rate   2.500000e-03  train error:    1.71206    0.08080 test error:    0.78319    0.07897 
Epoch= 2050 learning rate   2.500000e-03  train error:    1.64024    0.08560 test error:    0.78094    0.07907 
Epoch= 2060 learning rate   2.500000e-03  train error:    1.99926    0.08137 test error:    0.78148    0.07909 
Epoch= 2070 learning rate   2.500000e-03  train error:    2.03801    0.08285 test error:    0.77993    0.07892 
Epoch= 2080 learning rate   2.500000e-03  train error:    1.75216    0.08305 test error:    0.77969    0.07892 
Epoch= 2090 learning rate   2.500000e-03  train error:    1.91167    0.08208 test error:    0.77882    0.07903 
Epoch= 2100 learning rate   2.500000e-03  train error:    2.23600    0.08361 test error:    0.77861    0.07904 
Epoch= 2110 learning rate   2.500000e-03  train error:    1.56324    0.08449 test error:    0.77511    0.07908 
Epoch= 2120 learning rate   2.500000e-03  train error:    1.51016    0.08070 test error:    0.77484    0.07908 
Epoch= 2130 learning rate   2.500000e-03  train error:    1.40294    0.08127 test error:    0.77446    0.07890 
Epoch= 2140 learning rate   2.500000e-03  train error:    1.51913    0.08191 test error:    0.77779    0.07888 
Epoch= 2150 learning rate   2.500000e-03  train error:    2.23529    0.08366 test error:    0.77502    0.07867 
Epoch= 2160 learning rate   1.250000e-03  train error:    0.90967    0.07792 test error:    0.75633    0.07868 
Epoch= 2170 learning rate   1.250000e-03  train error:    1.09041    0.07822 test error:    0.74528    0.07869 
Epoch= 2180 learning rate   1.250000e-03  train error:    1.17123    0.07855 test error:    0.73817    0.07865 
Epoch= 2190 learning rate   1.250000e-03  train error:    1.15994    0.07907 test error:    0.73410    0.07857 
Epoch= 2200 learning rate   1.250000e-03  train error:    1.01585    0.08007 test error:    0.72976    0.07850 
Epoch= 2210 learning rate   1.250000e-03  train error:    1.26566    0.07857 test error:    0.72890    0.07841 
Epoch= 2220 learning rate   1.250000e-03  train error:    1.10633    0.07940 test error:    0.72771    0.07837 
Epoch= 2230 learning rate   1.250000e-03  train error:    1.20149    0.07876 test error:    0.72611    0.07841 
Epoch= 2240 learning rate   1.250000e-03  train error:    1.17508    0.07902 test error:    0.72647    0.07845 
Epoch= 2250 learning rate   1.250000e-03  train error:    1.25883    0.07872 test error:    0.72400    0.07844 
Epoch= 2260 learning rate   1.250000e-03  train error:    1.38805    0.07903 test error:    0.72440    0.07839 
Epoch= 2270 learning rate   1.250000e-03  train error:    1.35264    0.07888 test error:    0.72484    0.07839 
Epoch= 2280 learning rate   1.250000e-03  train error:    1.35481    0.07908 test error:    0.72343    0.07842 
Epoch= 2290 learning rate   1.250000e-03  train error:    1.24578    0.07872 test error:    0.72195    0.07834 
Epoch= 2300 learning rate   1.250000e-03  train error:    1.38337    0.07905 test error:    0.72076    0.07836 
Epoch= 2310 learning rate   1.250000e-03  train error:    1.13518    0.07859 test error:    0.71985    0.07844 
Epoch= 2320 learning rate   1.250000e-03  train error:    1.45158    0.07910 test error:    0.72179    0.07852 
Epoch= 2330 learning rate   1.250000e-03  train error:    1.12992    0.07906 test error:    0.71975    0.07853 
Epoch= 2340 learning rate   1.250000e-03  train error:    1.61185    0.07839 test error:    0.71828    0.07840 
Epoch= 2350 learning rate   1.250000e-03  train error:    1.24017    0.07869 test error:    0.71868    0.07847 
Epoch= 2360 learning rate   1.250000e-03  train error:    1.22195    0.07864 test error:    0.71819    0.07848 
Epoch= 2370 learning rate   1.250000e-03  train error:    1.08787    0.07823 test error:    0.71960    0.07852 
Epoch= 2380 learning rate   1.250000e-03  train error:    1.21587    0.07847 test error:    0.71779    0.07856 
Epoch= 2390 learning rate   1.250000e-03  train error:    1.07896    0.07799 test error:    0.71570    0.07849 
Epoch= 2400 learning rate   1.250000e-03  train error:    1.48949    0.07809 test error:    0.71576    0.07852 
Epoch= 2410 learning rate   6.250000e-04  train error:    0.84426    0.07679 test error:    0.70579    0.07856 
Epoch= 2420 learning rate   6.250000e-04  train error:    0.86122    0.07679 test error:    0.70057    0.07858 
Epoch= 2430 learning rate   6.250000e-04  train error:    1.17404    0.07686 test error:    0.69837    0.07858 
Epoch= 2440 learning rate   6.250000e-04  train error:    0.93778    0.07715 test error:    0.69581    0.07855 
Epoch= 2450 learning rate   6.250000e-04  train error:    1.08881    0.07751 test error:    0.69567    0.07855 
Epoch= 2460 learning rate   6.250000e-04  train error:    1.04892    0.07712 test error:    0.69452    0.07851 
Epoch= 2470 learning rate   6.250000e-04  train error:    0.94233    0.07704 test error:    0.69432    0.07851 
Epoch= 2480 learning rate   6.250000e-04  train error:    1.01638    0.07714 test error:    0.69405    0.07845 
Epoch= 2490 learning rate   6.250000e-04  train error:    0.99175    0.07715 test error:    0.69382    0.07844 
Epoch= 2500 learning rate   6.250000e-04  train error:    0.96077    0.07691 test error:    0.69357    0.07844 
Epoch= 2510 learning rate   6.250000e-04  train error:    0.98001    0.07710 test error:    0.69271    0.07843 
Epoch= 2520 learning rate   6.250000e-04  train error:    0.97762    0.07732 test error:    0.69293    0.07844 
Epoch= 2530 learning rate   6.250000e-04  train error:    0.94064    0.07723 test error:    0.69315    0.07842 
Epoch= 2540 learning rate   6.250000e-04  train error:    1.02352    0.07742 test error:    0.69308    0.07845 
Epoch= 2550 learning rate   6.250000e-04  train error:    0.96128    0.07692 test error:    0.69234    0.07845 
Epoch= 2560 learning rate   6.250000e-04  train error:    1.12038    0.07696 test error:    0.69202    0.07844 
Epoch= 2570 learning rate   6.250000e-04  train error:    0.92558    0.07675 test error:    0.69206    0.07850 
Epoch= 2580 learning rate   6.250000e-04  train error:    1.03362    0.07686 test error:    0.69152    0.07850 
Epoch= 2590 learning rate   6.250000e-04  train error:    0.95289    0.07679 test error:    0.69137    0.07852 
Epoch= 2600 learning rate   6.250000e-04  train error:    1.18082    0.07701 test error:    0.69076    0.07855 
Epoch= 2610 learning rate   6.250000e-04  train error:    1.06778    0.07700 test error:    0.69166    0.07856 
Epoch= 2620 learning rate   6.250000e-04  train error:    0.96464    0.07689 test error:    0.69164    0.07857 
Epoch= 2630 learning rate   6.250000e-04  train error:    1.02981    0.07689 test error:    0.69156    0.07854 
Epoch= 2640 learning rate   6.250000e-04  train error:    1.01310    0.07701 test error:    0.69121    0.07851 
Epoch= 2650 learning rate   6.250000e-04  train error:    1.10299    0.07670 test error:    0.69179    0.07851 
Epoch= 2660 learning rate   6.250000e-04  train error:    1.24114    0.07680 test error:    0.69105    0.07854 
Epoch= 2670 learning rate   6.250000e-04  train error:    1.13093    0.07680 test error:    0.69138    0.07858 
Epoch= 2680 learning rate   6.250000e-04  train error:    1.18845    0.07680 test error:    0.69109    0.07863 
Epoch= 2690 learning rate   6.250000e-04  train error:    1.01335    0.07671 test error:    0.69109    0.07862 
Epoch= 2700 learning rate   6.250000e-04  train error:    0.96891    0.07691 test error:    0.69105    0.07859 
Epoch= 2710 learning rate   6.250000e-04  train error:    1.07432    0.07676 test error:    0.69152    0.07861 
Epoch= 2720 learning rate   6.250000e-04  train error:    1.18057    0.07698 test error:    0.69057    0.07861 
Epoch= 2730 learning rate   6.250000e-04  train error:    0.93519    0.07676 test error:    0.69010    0.07860 
Epoch= 2740 learning rate   6.250000e-04  train error:    1.00486    0.07666 test error:    0.69022    0.07862 
Epoch= 2750 learning rate   6.250000e-04  train error:    0.91066    0.07648 test error:    0.68970    0.07866 
Epoch= 2760 learning rate   6.250000e-04  train error:    1.00367    0.07653 test error:    0.68918    0.07866 
Epoch= 2770 learning rate   6.250000e-04  train error:    1.23223    0.07665 test error:    0.68841    0.07864 
Epoch= 2780 learning rate   6.250000e-04  train error:    0.88817    0.07664 test error:    0.68870    0.07861 
Epoch= 2790 learning rate   6.250000e-04  train error:    0.91600    0.07683 test error:    0.68940    0.07861 
Epoch= 2800 learning rate   6.250000e-04  train error:    0.87343    0.07649 test error:    0.69053    0.07859 
Epoch= 2810 learning rate   6.250000e-04  train error:    0.95121    0.07647 test error:    0.68942    0.07859 
Epoch= 2820 learning rate   6.250000e-04  train error:    1.00880    0.07659 test error:    0.68982    0.07863 
Epoch= 2830 learning rate   6.250000e-04  train error:    0.89446    0.07646 test error:    0.68932    0.07862 
Epoch= 2840 learning rate   6.250000e-04  train error:    0.99659    0.07645 test error:    0.68882    0.07865 
Epoch= 2850 learning rate   6.250000e-04  train error:    0.88366    0.07678 test error:    0.68902    0.07863 
Epoch= 2860 learning rate   6.250000e-04  train error:    1.11560    0.07654 test error:    0.68961    0.07859 
Epoch= 2870 learning rate   6.250000e-04  train error:    1.22309    0.07636 test error:    0.68932    0.07860 
Epoch= 2880 learning rate   6.250000e-04  train error:    1.10075    0.07652 test error:    0.69036    0.07863 
Epoch= 2890 learning rate   6.250000e-04  train error:    1.05738    0.07660 test error:    0.69061    0.07860 
Epoch= 2900 learning rate   6.250000e-04  train error:    1.10143    0.07632 test error:    0.68947    0.07854 
Epoch= 2910 learning rate   6.250000e-04  train error:    1.09115    0.07657 test error:    0.68940    0.07857 
Epoch= 2920 learning rate   6.250000e-04  train error:    0.87248    0.07649 test error:    0.68948    0.07858 
Epoch= 2930 learning rate   6.250000e-04  train error:    0.95700    0.07662 test error:    0.68897    0.07852 
Epoch= 2940 learning rate   6.250000e-04  train error:    0.88038    0.07618 test error:    0.68950    0.07850 
Epoch= 2950 learning rate   6.250000e-04  train error:    0.94640    0.07643 test error:    0.68838    0.07854 
Epoch= 2960 learning rate   6.250000e-04  train error:    0.86351    0.07635 test error:    0.68867    0.07858 
Epoch= 2970 learning rate   6.250000e-04  train error:    1.09833    0.07637 test error:    0.68851    0.07857 
Epoch= 2980 learning rate   6.250000e-04  train error:    0.98727    0.07640 test error:    0.68941    0.07859 
Epoch= 2990 learning rate   6.250000e-04  train error:    0.98289    0.07643 test error:    0.68907    0.07861 
Epoch= 3000 learning rate   6.250000e-04  train error:    0.87447    0.07655 test error:    0.68859    0.07860 
Epoch= 3010 learning rate   6.250000e-04  train error:    0.96416    0.07652 test error:    0.68809    0.07857 
Epoch= 3020 learning rate   6.250000e-04  train error:    0.88670    0.07627 test error:    0.68731    0.07860 
Epoch= 3030 learning rate   6.250000e-04  train error:    0.93826    0.07624 test error:    0.68750    0.07864 
Epoch= 3040 learning rate   6.250000e-04  train error:    0.94276    0.07637 test error:    0.68744    0.07865 
Epoch= 3050 learning rate   6.250000e-04  train error:    1.03388    0.07641 test error:    0.68751    0.07861 
Epoch= 3060 learning rate   6.250000e-04  train error:    1.08579    0.07617 test error:    0.68755    0.07853 
Epoch= 3070 learning rate   6.250000e-04  train error:    1.02705    0.07649 test error:    0.68604    0.07849 
Epoch= 3080 learning rate   6.250000e-04  train error:    0.95023    0.07655 test error:    0.68631    0.07848 
Epoch= 3090 learning rate   6.250000e-04  train error:    0.90140    0.07627 test error:    0.68607    0.07853 
Epoch= 3100 learning rate   6.250000e-04  train error:    0.85916    0.07635 test error:    0.68602    0.07852 
Epoch= 3110 learning rate   6.250000e-04  train error:    1.12795    0.07629 test error:    0.68660    0.07851 
Epoch= 3120 learning rate   6.250000e-04  train error:    0.93123    0.07604 test error:    0.68694    0.07849 
Epoch= 3130 learning rate   6.250000e-04  train error:    1.05860    0.07616 test error:    0.68648    0.07851 
Epoch= 3140 learning rate   6.250000e-04  train error:    1.22599    0.07624 test error:    0.68677    0.07853 
Epoch= 3150 learning rate   6.250000e-04  train error:    1.05301    0.07639 test error:    0.68655    0.07853 
Epoch= 3160 learning rate   6.250000e-04  train error:    0.99275    0.07674 test error:    0.68652    0.07852 
Epoch= 3170 learning rate   6.250000e-04  train error:    1.09383    0.07608 test error:    0.68734    0.07847 
Epoch= 3180 learning rate   6.250000e-04  train error:    0.94101    0.07607 test error:    0.68685    0.07844 
Epoch= 3190 learning rate   6.250000e-04  train error:    0.92447    0.07607 test error:    0.68568    0.07846 
Epoch= 3200 learning rate   6.250000e-04  train error:    1.04511    0.07661 test error:    0.68593    0.07844 
Epoch= 3210 learning rate   6.250000e-04  train error:    1.01800    0.07616 test error:    0.68544    0.07845 
Epoch= 3220 learning rate   6.250000e-04  train error:    1.01021    0.07673 test error:    0.68545    0.07843 
Epoch= 3230 learning rate   6.250000e-04  train error:    0.98965    0.07597 test error:    0.68477    0.07847 
Epoch= 3240 learning rate   6.250000e-04  train error:    0.88936    0.07603 test error:    0.68465    0.07844 
Epoch= 3250 learning rate   6.250000e-04  train error:    0.97849    0.07588 test error:    0.68488    0.07846 
Epoch= 3260 learning rate   6.250000e-04  train error:    1.09532    0.07631 test error:    0.68455    0.07841 
Epoch= 3270 learning rate   6.250000e-04  train error:    1.01193    0.07609 test error:    0.68421    0.07842 
Epoch= 3280 learning rate   6.250000e-04  train error:    0.96039    0.07610 test error:    0.68499    0.07842 
Epoch= 3290 learning rate   6.250000e-04  train error:    0.86941    0.07608 test error:    0.68448    0.07841 
Epoch= 3300 learning rate   6.250000e-04  train error:    1.11315    0.07623 test error:    0.68463    0.07843 
Epoch= 3310 learning rate   6.250000e-04  train error:    0.99776    0.07653 test error:    0.68433    0.07845 
Epoch= 3320 learning rate   6.250000e-04  train error:    1.04871    0.07595 test error:    0.68419    0.07845 
Epoch= 3330 learning rate   6.250000e-04  train error:    0.94885    0.07613 test error:    0.68426    0.07848 
Epoch= 3340 learning rate   6.250000e-04  train error:    1.03384    0.07588 test error:    0.68353    0.07845 
Epoch= 3350 learning rate   6.250000e-04  train error:    0.90789    0.07584 test error:    0.68348    0.07840 
Epoch= 3360 learning rate   6.250000e-04  train error:    0.87499    0.07609 test error:    0.68327    0.07840 
Epoch= 3370 learning rate   6.250000e-04  train error:    0.95865    0.07584 test error:    0.68402    0.07841 
Epoch= 3380 learning rate   6.250000e-04  train error:    0.91007    0.07593 test error:    0.68408    0.07847 
Epoch= 3390 learning rate   6.250000e-04  train error:    1.05573    0.07574 test error:    0.68488    0.07844 
Epoch= 3400 learning rate   6.250000e-04  train error:    1.38153    0.07577 test error:    0.68385    0.07846 
Epoch= 3410 learning rate   6.250000e-04  train error:    0.94549    0.07607 test error:    0.68294    0.07848 
Epoch= 3420 learning rate   6.250000e-04  train error:    1.04307    0.07622 test error:    0.68304    0.07848 
Epoch= 3430 learning rate   6.250000e-04  train error:    0.94332    0.07587 test error:    0.68239    0.07844 
Epoch= 3440 learning rate   6.250000e-04  train error:    0.95745    0.07614 test error:    0.68249    0.07842 
Epoch= 3450 learning rate   6.250000e-04  train error:    1.01413    0.07579 test error:    0.68333    0.07842 
Epoch= 3460 learning rate   6.250000e-04  train error:    0.98440    0.07594 test error:    0.68314    0.07838 
Epoch= 3470 learning rate   6.250000e-04  train error:    0.95354    0.07595 test error:    0.68269    0.07837 
Epoch= 3480 learning rate   6.250000e-04  train error:    0.95210    0.07575 test error:    0.68138    0.07837 
Epoch= 3490 learning rate   6.250000e-04  train error:    1.02065    0.07576 test error:    0.68141    0.07839 
Epoch= 3500 learning rate   6.250000e-04  train error:    0.92053    0.07588 test error:    0.68157    0.07838 
Epoch= 3510 learning rate   6.250000e-04  train error:    0.88190    0.07589 test error:    0.68265    0.07835 
Epoch= 3520 learning rate   6.250000e-04  train error:    0.85648    0.07577 test error:    0.68251    0.07835 
Epoch= 3530 learning rate   6.250000e-04  train error:    0.91952    0.07586 test error:    0.68120    0.07828 
Epoch= 3540 learning rate   6.250000e-04  train error:    1.04761    0.07600 test error:    0.68183    0.07826 
Epoch= 3550 learning rate   6.250000e-04  train error:    0.87477    0.07559 test error:    0.68166    0.07834 
Epoch= 3560 learning rate   6.250000e-04  train error:    1.04822    0.07580 test error:    0.68245    0.07830 
Epoch= 3570 learning rate   6.250000e-04  train error:    1.01889    0.07559 test error:    0.68164    0.07822 
Epoch= 3580 learning rate   6.250000e-04  train error:    0.88776    0.07587 test error:    0.68045    0.07818 
Epoch= 3590 learning rate   6.250000e-04  train error:    1.06523    0.07599 test error:    0.68118    0.07826 
Epoch= 3600 learning rate   6.250000e-04  train error:    0.94707    0.07569 test error:    0.68034    0.07826 
Epoch= 3610 learning rate   6.250000e-04  train error:    1.02004    0.07549 test error:    0.68069    0.07825 
Epoch= 3620 learning rate   6.250000e-04  train error:    0.88547    0.07558 test error:    0.68002    0.07818 
Epoch= 3630 learning rate   6.250000e-04  train error:    0.90919    0.07583 test error:    0.67981    0.07816 
Epoch= 3640 learning rate   6.250000e-04  train error:    0.95706    0.07549 test error:    0.67989    0.07813 
Epoch= 3650 learning rate   6.250000e-04  train error:    0.96143    0.07554 test error:    0.68023    0.07812 
Epoch= 3660 learning rate   6.250000e-04  train error:    0.92502    0.07613 test error:    0.68044    0.07815 
Epoch= 3670 learning rate   6.250000e-04  train error:    0.98705    0.07579 test error:    0.67999    0.07814 
Epoch= 3680 learning rate   6.250000e-04  train error:    1.07765    0.07573 test error:    0.67895    0.07811 
Epoch= 3690 learning rate   6.250000e-04  train error:    0.92778    0.07593 test error:    0.67969    0.07809 
Epoch= 3700 learning rate   6.250000e-04  train error:    1.02217    0.07552 test error:    0.67887    0.07807 
Epoch= 3710 learning rate   6.250000e-04  train error:    0.89304    0.07576 test error:    0.67907    0.07807 
Epoch= 3720 learning rate   6.250000e-04  train error:    0.96270    0.07612 test error:    0.67872    0.07805 
Epoch= 3730 learning rate   6.250000e-04  train error:    0.94202    0.07561 test error:    0.67910    0.07804 
Epoch= 3740 learning rate   6.250000e-04  train error:    0.97052    0.07558 test error:    0.67932    0.07804 
Epoch= 3750 learning rate   6.250000e-04  train error:    0.93970    0.07558 test error:    0.67879    0.07806 
Epoch= 3760 learning rate   6.250000e-04  train error:    0.96325    0.07551 test error:    0.67862    0.07807 
Epoch= 3770 learning rate   6.250000e-04  train error:    0.86560    0.07544 test error:    0.67838    0.07807 
Epoch= 3780 learning rate   6.250000e-04  train error:    0.91840    0.07566 test error:    0.67833    0.07806 
Epoch= 3790 learning rate   6.250000e-04  train error:    1.16754    0.07557 test error:    0.67877    0.07804 
Epoch= 3800 learning rate   6.250000e-04  train error:    0.90633    0.07557 test error:    0.67949    0.07807 
Epoch= 3810 learning rate   6.250000e-04  train error:    1.05248    0.07540 test error:    0.67880    0.07802 
Epoch= 3820 learning rate   6.250000e-04  train error:    1.06846    0.07592 test error:    0.67763    0.07799 
Epoch= 3830 learning rate   6.250000e-04  train error:    0.99267    0.07604 test error:    0.67895    0.07806 
Epoch= 3840 learning rate   6.250000e-04  train error:    0.98945    0.07526 test error:    0.67815    0.07807 
Epoch= 3850 learning rate   6.250000e-04  train error:    0.95861    0.07543 test error:    0.67791    0.07805 
Epoch= 3860 learning rate   6.250000e-04  train error:    0.96810    0.07520 test error:    0.67834    0.07807 
Epoch= 3870 learning rate   6.250000e-04  train error:    0.97952    0.07558 test error:    0.67834    0.07809 
Epoch= 3880 learning rate   6.250000e-04  train error:    0.86750    0.07535 test error:    0.67832    0.07810 
Epoch= 3890 learning rate   6.250000e-04  train error:    0.99739    0.07537 test error:    0.67763    0.07809 
Epoch= 3900 learning rate   6.250000e-04  train error:    0.94283    0.07527 test error:    0.67817    0.07810 
Epoch= 3910 learning rate   6.250000e-04  train error:    0.99749    0.07571 test error:    0.67861    0.07804 
Epoch= 3920 learning rate   6.250000e-04  train error:    0.88316    0.07539 test error:    0.67727    0.07803 
Epoch= 3930 learning rate   6.250000e-04  train error:    0.94214    0.07539 test error:    0.67702    0.07801 
Epoch= 3940 learning rate   6.250000e-04  train error:    0.89291    0.07521 test error:    0.67745    0.07801 
Epoch= 3950 learning rate   6.250000e-04  train error:    0.87896    0.07537 test error:    0.67745    0.07802 
Epoch= 3960 learning rate   6.250000e-04  train error:    0.88826    0.07526 test error:    0.67802    0.07805 
Epoch= 3970 learning rate   6.250000e-04  train error:    0.95701    0.07534 test error:    0.67800    0.07811 
Epoch= 3980 learning rate   6.250000e-04  train error:    1.06516    0.07516 test error:    0.67803    0.07811 
Epoch= 3990 learning rate   6.250000e-04  train error:    0.93318    0.07531 test error:    0.67781    0.07808 
Epoch= 4000 learning rate   6.250000e-04  train error:    0.94286    0.07522 test error:    0.67766    0.07807 
Epoch= 4010 learning rate   6.250000e-04  train error:    0.97179    0.07517 test error:    0.67737    0.07802 
Epoch= 4020 learning rate   6.250000e-04  train error:    0.96576    0.07512 test error:    0.67662    0.07796 
Epoch= 4030 learning rate   6.250000e-04  train error:    0.98744    0.07557 test error:    0.67725    0.07793 
Epoch= 4040 learning rate   6.250000e-04  train error:    1.07995    0.07542 test error:    0.67652    0.07794 
Epoch= 4050 learning rate   6.250000e-04  train error:    0.92547    0.07524 test error:    0.67672    0.07806 
Epoch= 4060 learning rate   6.250000e-04  train error:    0.87644    0.07503 test error:    0.67708    0.07806 
Epoch= 4070 learning rate   6.250000e-04  train error:    0.86607    0.07536 test error:    0.67601    0.07805 
Epoch= 4080 learning rate   6.250000e-04  train error:    0.95929    0.07500 test error:    0.67676    0.07801 
Epoch= 4090 learning rate   6.250000e-04  train error:    1.13075    0.07549 test error:    0.67730    0.07800 
Epoch= 4100 learning rate   6.250000e-04  train error:    0.99922    0.07518 test error:    0.67628    0.07797 
Epoch= 4110 learning rate   6.250000e-04  train error:    1.03941    0.07539 test error:    0.67585    0.07795 
Epoch= 4120 learning rate   6.250000e-04  train error:    0.91666    0.07571 test error:    0.67700    0.07796 
Epoch= 4130 learning rate   6.250000e-04  train error:    0.86020    0.07528 test error:    0.67721    0.07802 
Epoch= 4140 learning rate   6.250000e-04  train error:    0.98570    0.07495 test error:    0.67772    0.07802 
Epoch= 4150 learning rate   6.250000e-04  train error:    0.90790    0.07540 test error:    0.67761    0.07797 
Epoch= 4160 learning rate   6.250000e-04  train error:    1.08478    0.07515 test error:    0.67613    0.07797 
Epoch= 4170 learning rate   6.250000e-04  train error:    0.95047    0.07516 test error:    0.67653    0.07798 
Epoch= 4180 learning rate   6.250000e-04  train error:    0.90048    0.07511 test error:    0.67618    0.07800 
Epoch= 4190 learning rate   6.250000e-04  train error:    1.03455    0.07500 test error:    0.67708    0.07795 
Epoch= 4200 learning rate   6.250000e-04  train error:    1.03629    0.07524 test error:    0.67654    0.07791 
Epoch= 4210 learning rate   6.250000e-04  train error:    0.98104    0.07509 test error:    0.67681    0.07788 
Epoch= 4220 learning rate   6.250000e-04  train error:    1.04697    0.07532 test error:    0.67612    0.07788 
Epoch= 4230 learning rate   6.250000e-04  train error:    0.94223    0.07488 test error:    0.67601    0.07788 
Epoch= 4240 learning rate   6.250000e-04  train error:    0.89209    0.07511 test error:    0.67539    0.07792 
Epoch= 4250 learning rate   6.250000e-04  train error:    1.18993    0.07522 test error:    0.67543    0.07792 
Epoch= 4260 learning rate   6.250000e-04  train error:    0.90775    0.07542 test error:    0.67516    0.07793 
Epoch= 4270 learning rate   6.250000e-04  train error:    0.94005    0.07510 test error:    0.67575    0.07794 
Epoch= 4280 learning rate   6.250000e-04  train error:    0.84000    0.07507 test error:    0.67487    0.07792 
Epoch= 4290 learning rate   6.250000e-04  train error:    0.97068    0.07537 test error:    0.67489    0.07788 
Epoch= 4300 learning rate   6.250000e-04  train error:    0.98882    0.07513 test error:    0.67529    0.07789 
Epoch= 4310 learning rate   6.250000e-04  train error:    0.89890    0.07505 test error:    0.67504    0.07789 
Epoch= 4320 learning rate   6.250000e-04  train error:    1.05437    0.07507 test error:    0.67473    0.07787 
Epoch= 4330 learning rate   6.250000e-04  train error:    1.09113    0.07516 test error:    0.67450    0.07788 
Epoch= 4340 learning rate   6.250000e-04  train error:    0.94701    0.07503 test error:    0.67444    0.07790 
Epoch= 4350 learning rate   6.250000e-04  train error:    1.08063    0.07539 test error:    0.67432    0.07787 
Epoch= 4360 learning rate   6.250000e-04  train error:    1.02015    0.07512 test error:    0.67585    0.07796 
Epoch= 4370 learning rate   6.250000e-04  train error:    1.01666    0.07500 test error:    0.67512    0.07788 
Epoch= 4380 learning rate   6.250000e-04  train error:    0.92351    0.07536 test error:    0.67546    0.07786 
Epoch= 4390 learning rate   6.250000e-04  train error:    0.92686    0.07507 test error:    0.67451    0.07788 
Epoch= 4400 learning rate   6.250000e-04  train error:    0.98682    0.07490 test error:    0.67384    0.07789 
Epoch= 4410 learning rate   6.250000e-04  train error:    0.91766    0.07497 test error:    0.67417    0.07788 
Epoch= 4420 learning rate   6.250000e-04  train error:    1.02970    0.07497 test error:    0.67439    0.07787 
Epoch= 4430 learning rate   6.250000e-04  train error:    0.98010    0.07488 test error:    0.67396    0.07781 
Epoch= 4440 learning rate   6.250000e-04  train error:    0.94366    0.07484 test error:    0.67398    0.07782 
Epoch= 4450 learning rate   6.250000e-04  train error:    1.12071    0.07514 test error:    0.67440    0.07782 
Epoch= 4460 learning rate   6.250000e-04  train error:    1.00348    0.07504 test error:    0.67585    0.07783 
Epoch= 4470 learning rate   6.250000e-04  train error:    1.02240    0.07479 test error:    0.67507    0.07778 
Epoch= 4480 learning rate   6.250000e-04  train error:    1.02629    0.07466 test error:    0.67361    0.07776 
Epoch= 4490 learning rate   6.250000e-04  train error:    0.84943    0.07489 test error:    0.67438    0.07776 
Epoch= 4500 learning rate   6.250000e-04  train error:    1.01638    0.07495 test error:    0.67465    0.07777 
Epoch= 4510 learning rate   6.250000e-04  train error:    0.89148    0.07482 test error:    0.67420    0.07773 
Epoch= 4520 learning rate   6.250000e-04  train error:    0.96205    0.07486 test error:    0.67445    0.07771 
Epoch= 4530 learning rate   3.125000e-04  train error:    0.81667    0.07395 test error:    0.66671    0.07769 
Epoch= 4540 learning rate   3.125000e-04  train error:    0.84585    0.07406 test error:    0.66243    0.07768 
Epoch= 4550 learning rate   3.125000e-04  train error:    0.84951    0.07427 test error:    0.65972    0.07768 
Epoch= 4560 learning rate   3.125000e-04  train error:    0.89419    0.07422 test error:    0.65818    0.07768 
Epoch= 4570 learning rate   3.125000e-04  train error:    0.87093    0.07426 test error:    0.65705    0.07769 
Epoch= 4580 learning rate   3.125000e-04  train error:    0.81697    0.07416 test error:    0.65585    0.07767 
Epoch= 4590 learning rate   3.125000e-04  train error:    0.85979    0.07415 test error:    0.65538    0.07768 
Epoch= 4600 learning rate   3.125000e-04  train error:    0.88790    0.07413 test error:    0.65593    0.07768 
Epoch= 4610 learning rate   3.125000e-04  train error:    0.88623    0.07427 test error:    0.65571    0.07766 
Epoch= 4620 learning rate   3.125000e-04  train error:    0.85223    0.07415 test error:    0.65591    0.07767 
Epoch= 4630 learning rate   3.125000e-04  train error:    0.88836    0.07429 test error:    0.65557    0.07764 
Epoch= 4640 learning rate   3.125000e-04  train error:    0.80923    0.07436 test error:    0.65624    0.07763 
Epoch= 4650 learning rate   1.562500e-04  train error:    0.74310    0.07376 test error:    0.65002    0.07764 
Epoch= 4660 learning rate   1.562500e-04  train error:    0.76411    0.07381 test error:    0.64286    0.07766 
Epoch= 4670 learning rate   1.562500e-04  train error:    0.75116    0.07382 test error:    0.63910    0.07767 
Epoch= 4680 learning rate   1.562500e-04  train error:    0.76370    0.07381 test error:    0.63827    0.07767 
Epoch= 4690 learning rate   1.562500e-04  train error:    0.74242    0.07386 test error:    0.63792    0.07767 
Epoch= 4700 learning rate   1.562500e-04  train error:    0.73206    0.07385 test error:    0.63657    0.07766 
Epoch= 4710 learning rate   1.562500e-04  train error:    0.80540    0.07383 test error:    0.63636    0.07766 
Epoch= 4720 learning rate   1.562500e-04  train error:    0.75514    0.07389 test error:    0.63649    0.07766 
Epoch= 4730 learning rate   1.562500e-04  train error:    0.75027    0.07379 test error:    0.63690    0.07767 
Epoch= 4740 learning rate   1.562500e-04  train error:    0.73787    0.07383 test error:    0.63563    0.07766 
Epoch= 4750 learning rate   1.562500e-04  train error:    0.77269    0.07383 test error:    0.63611    0.07766 
Epoch= 4760 learning rate   1.562500e-04  train error:    0.76149    0.07383 test error:    0.63582    0.07765 
Epoch= 4770 learning rate   1.562500e-04  train error:    0.78331    0.07385 test error:    0.63604    0.07765 
Epoch= 4780 learning rate   7.812500e-05  train error:    0.71587    0.07364 test error:    0.62648    0.07766 
Epoch= 4790 learning rate   7.812500e-05  train error:    0.69309    0.07363 test error:    0.62119    0.07767 
Epoch= 4800 learning rate   7.812500e-05  train error:    0.72274    0.07368 test error:    0.61860    0.07767 
Epoch= 4810 learning rate   7.812500e-05  train error:    0.73990    0.07368 test error:    0.61766    0.07767 
Epoch= 4820 learning rate   7.812500e-05  train error:    0.73076    0.07368 test error:    0.61847    0.07766 
Epoch= 4830 learning rate   7.812500e-05  train error:    0.72115    0.07367 test error:    0.61778    0.07766 
Epoch= 4840 learning rate   7.812500e-05  train error:    0.72983    0.07369 test error:    0.61644    0.07766 
Epoch= 4850 learning rate   7.812500e-05  train error:    0.71983    0.07368 test error:    0.61564    0.07766 
Epoch= 4860 learning rate   7.812500e-05  train error:    0.70126    0.07363 test error:    0.61505    0.07767 
Epoch= 4870 learning rate   7.812500e-05  train error:    0.72931    0.07363 test error:    0.61494    0.07766 
Epoch= 4880 learning rate   7.812500e-05  train error:    0.74059    0.07370 test error:    0.61507    0.07765 
Epoch= 4890 learning rate   7.812500e-05  train error:    0.70464    0.07368 test error:    0.61482    0.07766 
Epoch= 4900 learning rate   3.906250e-05  train error:    0.68359    0.07359 test error:    0.60707    0.07767 
Epoch= 4910 learning rate   3.906250e-05  train error:    0.67471    0.07358 test error:    0.60276    0.07768 
Epoch= 4920 learning rate   3.906250e-05  train error:    0.66448    0.07360 test error:    0.60027    0.07768 
Epoch= 4930 learning rate   3.906250e-05  train error:    0.66333    0.07361 test error:    0.59881    0.07769 
Epoch= 4940 learning rate   3.906250e-05  train error:    0.68565    0.07361 test error:    0.59814    0.07768 
Epoch= 4950 learning rate   3.906250e-05  train error:    0.68515    0.07360 test error:    0.59768    0.07768 
Epoch= 4960 learning rate   3.906250e-05  train error:    0.69100    0.07362 test error:    0.59769    0.07768 
Epoch= 4970 learning rate   3.906250e-05  train error:    0.66497    0.07362 test error:    0.59734    0.07768 
Epoch= 4980 learning rate   3.906250e-05  train error:    0.66090    0.07361 test error:    0.59745    0.07768 
Epoch= 4990 learning rate   3.906250e-05  train error:    0.66633    0.07361 test error:    0.59735    0.07767 
Epoch= 5000 learning rate   3.906250e-05  train error:    0.70944    0.07361 test error:    0.59739    0.07768 
Epoch= 5010 learning rate   3.906250e-05  train error:    0.71083    0.07361 test error:    0.59707    0.07768 
Epoch= 5020 learning rate   3.906250e-05  train error:    0.69961    0.07362 test error:    0.59683    0.07767 
Epoch= 5030 learning rate   1.953125e-05  train error:    0.64512    0.07357 test error:    0.59199    0.07768 
Epoch= 5040 learning rate   1.953125e-05  train error:    0.64945    0.07357 test error:    0.58812    0.07769 
Epoch= 5050 learning rate   1.953125e-05  train error:    0.64393    0.07358 test error:    0.58656    0.07770 
Epoch= 5060 learning rate   1.953125e-05  train error:    0.64695    0.07359 test error:    0.58556    0.07770 
Epoch= 5070 learning rate   1.953125e-05  train error:    0.64565    0.07359 test error:    0.58488    0.07770 
Epoch= 5080 learning rate   1.953125e-05  train error:    0.64335    0.07358 test error:    0.58442    0.07770 
Epoch= 5090 learning rate   1.953125e-05  train error:    0.64284    0.07359 test error:    0.58398    0.07770 
Epoch= 5100 learning rate   1.953125e-05  train error:    0.64348    0.07359 test error:    0.58413    0.07770 
Epoch= 5110 learning rate   1.953125e-05  train error:    0.64268    0.07360 test error:    0.58393    0.07770 
Epoch= 5120 learning rate   1.953125e-05  train error:    0.65854    0.07357 test error:    0.58380    0.07769 
Epoch= 5130 learning rate   1.953125e-05  train error:    0.63586    0.07359 test error:    0.58337    0.07769 
Epoch= 5140 learning rate   1.953125e-05  train error:    0.63414    0.07358 test error:    0.58374    0.07769 
2025-08-06-16_38_08 
terminated normal
