REANN Package used for fitting energy and tensorial Property
Epoch=    0 learning rate   1.000000e-03  train error:    0.43383    0.68761 test error:    0.44767    0.67214 
Epoch=    1 learning rate   1.000000e-03  train error:   15.75969    0.57610 test error:   13.19744    0.52473 
Epoch=    2 learning rate   1.000000e-03  train error:    8.31854    0.53073 test error:    2.31120    0.48624 
Epoch=    3 learning rate   1.000000e-03  train error:    8.22055    0.54505 test error:    1.51841    0.49296 
Epoch=    4 learning rate   1.000000e-03  train error:    5.80761    0.50349 test error:    3.73003    0.45837 
Epoch=    5 learning rate   1.000000e-03  train error:    1.31954    0.43969 test error:    0.30673    0.31805 
Epoch=    6 learning rate   1.000000e-03  train error:    0.24482    0.27848 test error:    0.27118    0.21613 
Epoch=    7 learning rate   1.000000e-03  train error:    0.19119    0.20526 test error:    0.18015    0.18057 
Epoch=    8 learning rate   1.000000e-03  train error:    0.16616    0.16522 test error:    0.26541    0.16263 
Epoch=    9 learning rate   1.000000e-03  train error:    0.16549    0.14040 test error:    0.17845    0.14462 
Epoch=   10 learning rate   1.000000e-03  train error:    0.14261    0.12721 test error:    0.16702    0.12712 
Epoch=   11 learning rate   1.000000e-03  train error:    0.13286    0.11319 test error:    0.15226    0.11434 
Epoch=   12 learning rate   1.000000e-03  train error:    0.12210    0.10532 test error:    0.13937    0.10415 
Epoch=   13 learning rate   1.000000e-03  train error:    0.10695    0.09379 test error:    0.16155    0.09537 
Epoch=   14 learning rate   1.000000e-03  train error:    0.10120    0.08748 test error:    0.13611    0.08088 
Epoch=   15 learning rate   1.000000e-03  train error:    0.09422    0.08038 test error:    0.12759    0.07632 
Epoch=   16 learning rate   1.000000e-03  train error:    0.08790    0.07476 test error:    0.11283    0.07373 
Epoch=   17 learning rate   1.000000e-03  train error:    0.08273    0.07109 test error:    0.10945    0.06843 
Epoch=   18 learning rate   1.000000e-03  train error:    0.07833    0.06755 test error:    0.11444    0.06651 
Epoch=   19 learning rate   1.000000e-03  train error:    0.07418    0.06442 test error:    0.09997    0.06243 
Epoch=   20 learning rate   1.000000e-03  train error:    0.07186    0.06171 test error:    0.10245    0.05906 
Epoch=   21 learning rate   1.000000e-03  train error:    0.06943    0.05886 test error:    0.09466    0.05713 
Epoch=   22 learning rate   1.000000e-03  train error:    0.06946    0.05729 test error:    0.11941    0.05627 
Epoch=   23 learning rate   1.000000e-03  train error:    0.06624    0.05518 test error:    0.09121    0.05325 
Epoch=   24 learning rate   1.000000e-03  train error:    0.06399    0.05352 test error:    0.08958    0.05111 
Epoch=   25 learning rate   1.000000e-03  train error:    0.05986    0.05113 test error:    0.08566    0.04933 
Epoch=   26 learning rate   1.000000e-03  train error:    0.05873    0.04987 test error:    0.09215    0.04959 
Epoch=   27 learning rate   1.000000e-03  train error:    0.05692    0.04970 test error:    0.08101    0.04799 
Epoch=   28 learning rate   1.000000e-03  train error:    0.05627    0.04791 test error:    0.08765    0.04730 
Epoch=   29 learning rate   1.000000e-03  train error:    0.05521    0.04656 test error:    0.08001    0.04478 
Epoch=   30 learning rate   1.000000e-03  train error:    0.05315    0.04532 test error:    0.08128    0.04668 
Epoch=   31 learning rate   1.000000e-03  train error:    0.05167    0.04423 test error:    0.07905    0.04310 
Epoch=   32 learning rate   1.000000e-03  train error:    0.05006    0.04253 test error:    0.07198    0.04117 
Epoch=   33 learning rate   1.000000e-03  train error:    0.04850    0.04132 test error:    0.07267    0.04064 
Epoch=   34 learning rate   1.000000e-03  train error:    0.04747    0.04027 test error:    0.07061    0.04020 
Epoch=   35 learning rate   1.000000e-03  train error:    0.04570    0.03927 test error:    0.06630    0.03899 
Epoch=   36 learning rate   1.000000e-03  train error:    0.04459    0.03878 test error:    0.06925    0.03857 
Epoch=   37 learning rate   1.000000e-03  train error:    0.04377    0.03839 test error:    0.06501    0.04025 
Epoch=   38 learning rate   1.000000e-03  train error:    0.04410    0.03748 test error:    0.06167    0.03823 
Epoch=   39 learning rate   1.000000e-03  train error:    0.04235    0.03673 test error:    0.06185    0.03817 
Epoch=   40 learning rate   1.000000e-03  train error:    0.04210    0.03675 test error:    0.05965    0.03601 
Epoch=   41 learning rate   1.000000e-03  train error:    0.03990    0.03576 test error:    0.05512    0.03629 
Epoch=   42 learning rate   1.000000e-03  train error:    0.04028    0.03474 test error:    0.05543    0.03550 
Epoch=   43 learning rate   1.000000e-03  train error:    0.03878    0.03425 test error:    0.05640    0.03535 
Epoch=   44 learning rate   1.000000e-03  train error:    0.03650    0.03328 test error:    0.05122    0.03359 
Epoch=   45 learning rate   1.000000e-03  train error:    0.03707    0.03313 test error:    0.04907    0.03307 
Epoch=   46 learning rate   1.000000e-03  train error:    0.03567    0.03274 test error:    0.04974    0.03381 
Epoch=   47 learning rate   1.000000e-03  train error:    0.03435    0.03253 test error:    0.04755    0.03250 
Epoch=   48 learning rate   1.000000e-03  train error:    0.03514    0.03224 test error:    0.04792    0.03320 
Epoch=   49 learning rate   1.000000e-03  train error:    0.03396    0.03197 test error:    0.05158    0.03395 
Epoch=   50 learning rate   1.000000e-03  train error:    0.03362    0.03220 test error:    0.04745    0.03320 
Epoch=   51 learning rate   1.000000e-03  train error:    0.03464    0.03233 test error:    0.04823    0.03388 
Epoch=   52 learning rate   1.000000e-03  train error: 1009.32819  144.14191 test error:   36.01846   11.82069 
Epoch=   53 learning rate   5.000000e-04  train error:    0.12877    0.03232 test error:    0.05311    0.03203 
Epoch=   54 learning rate   5.000000e-04  train error:    0.03617    0.03189 test error:    0.04598    0.03237 
Epoch=   55 learning rate   5.000000e-04  train error:    0.03419    0.03129 test error:    0.04313    0.03204 
Epoch=   56 learning rate   5.000000e-04  train error:    0.03215    0.03081 test error:    0.04635    0.03232 
Epoch=   57 learning rate   5.000000e-04  train error:    0.03223    0.03041 test error:    0.04764    0.03062 
Epoch=   58 learning rate   5.000000e-04  train error:    0.03175    0.02970 test error:    0.04373    0.03033 
Epoch=   59 learning rate   5.000000e-04  train error:    0.03081    0.02927 test error:    0.04365    0.03049 
Epoch=   60 learning rate   5.000000e-04  train error:    0.03149    0.02900 test error:    0.03854    0.02928 
Epoch=   61 learning rate   5.000000e-04  train error:    0.03104    0.02875 test error:    0.03987    0.02936 
Epoch=   62 learning rate   5.000000e-04  train error:    0.03026    0.02804 test error:    0.04043    0.02912 
Epoch=   63 learning rate   5.000000e-04  train error:    0.02895    0.02771 test error:    0.03583    0.02883 
Epoch=   64 learning rate   5.000000e-04  train error:    0.02741    0.02745 test error:    0.03523    0.02784 
Epoch=   65 learning rate   5.000000e-04  train error:    0.02724    0.02729 test error:    0.03443    0.02799 
Epoch=   66 learning rate   5.000000e-04  train error:    0.02697    0.02695 test error:    0.03483    0.02831 
Epoch=   67 learning rate   5.000000e-04  train error:    0.02665    0.02666 test error:    0.03278    0.02827 
Epoch=   68 learning rate   5.000000e-04  train error:    0.02606    0.02647 test error:    0.03129    0.02748 
Epoch=   69 learning rate   5.000000e-04  train error:    0.02615    0.02642 test error:    0.03194    0.02727 
Epoch=   70 learning rate   5.000000e-04  train error:    0.02613    0.02637 test error:    0.03017    0.02805 
Epoch=   71 learning rate   5.000000e-04  train error:    0.02618    0.02595 test error:    0.02883    0.02745 
Epoch=   72 learning rate   5.000000e-04  train error:    0.02576    0.02599 test error:    0.03108    0.02671 
Epoch=   73 learning rate   5.000000e-04  train error:    0.02567    0.02576 test error:    0.02917    0.02685 
Epoch=   74 learning rate   5.000000e-04  train error:    0.02525    0.02589 test error:    0.02530    0.02678 
Epoch=   75 learning rate   5.000000e-04  train error:    0.02479    0.02565 test error:    0.02927    0.02753 
Epoch=   76 learning rate   5.000000e-04  train error:    0.02441    0.02576 test error:    0.02516    0.02653 
Epoch=   77 learning rate   5.000000e-04  train error:    0.02344    0.02527 test error:    0.02646    0.02639 
Epoch=   78 learning rate   5.000000e-04  train error:    0.02386    0.02525 test error:    0.02990    0.02604 
Epoch=   79 learning rate   5.000000e-04  train error:    0.02443    0.02507 test error:    0.02451    0.02633 
Epoch=   80 learning rate   5.000000e-04  train error:    0.02367    0.02469 test error:    0.02429    0.02616 
Epoch=   81 learning rate   5.000000e-04  train error:    0.02296    0.02459 test error:    0.02584    0.02638 
Epoch=   82 learning rate   5.000000e-04  train error:    0.02249    0.02426 test error:    0.02333    0.02587 
Epoch=   83 learning rate   5.000000e-04  train error:    0.02281    0.02418 test error:    0.02478    0.02585 
Epoch=   84 learning rate   5.000000e-04  train error:    0.02253    0.02383 test error:    0.02541    0.02542 
Epoch=   85 learning rate   5.000000e-04  train error:    0.02182    0.02352 test error:    0.02246    0.02540 
Epoch=   86 learning rate   5.000000e-04  train error:    0.02153    0.02362 test error:    0.02388    0.02554 
Epoch=   87 learning rate   5.000000e-04  train error:    0.02158    0.02329 test error:    0.02263    0.02486 
Epoch=   88 learning rate   5.000000e-04  train error:    0.02097    0.02305 test error:    0.02326    0.02470 
Epoch=   89 learning rate   5.000000e-04  train error:    0.02117    0.02294 test error:    0.02319    0.02488 
Epoch=   90 learning rate   5.000000e-04  train error:    0.02107    0.02271 test error:    0.02213    0.02488 
Epoch=   91 learning rate   5.000000e-04  train error:    0.02072    0.02257 test error:    0.02159    0.02411 
Epoch=   92 learning rate   5.000000e-04  train error:    0.02072    0.02253 test error:    0.02245    0.02438 
Epoch=   93 learning rate   5.000000e-04  train error:    0.02024    0.02244 test error:    0.02137    0.02431 
Epoch=   94 learning rate   5.000000e-04  train error:    0.01993    0.02238 test error:    0.02088    0.02421 
Epoch=   95 learning rate   5.000000e-04  train error:    0.01957    0.02202 test error:    0.01890    0.02403 
Epoch=   96 learning rate   5.000000e-04  train error:    0.01972    0.02194 test error:    0.02102    0.02372 
Epoch=   97 learning rate   5.000000e-04  train error:    0.02005    0.02187 test error:    0.02152    0.02361 
Epoch=   98 learning rate   5.000000e-04  train error:    0.02010    0.02174 test error:    0.01954    0.02341 
Epoch=   99 learning rate   5.000000e-04  train error:    0.01939    0.02166 test error:    0.01875    0.02318 
Epoch=  100 learning rate   5.000000e-04  train error:    0.01855    0.02161 test error:    0.01941    0.02299 
Epoch=  101 learning rate   5.000000e-04  train error:    0.01909    0.02155 test error:    0.02034    0.02323 
Epoch=  102 learning rate   5.000000e-04  train error:    0.01921    0.02145 test error:    0.01932    0.02326 
Epoch=  103 learning rate   5.000000e-04  train error:    0.01890    0.02138 test error:    0.02029    0.02330 
Epoch=  104 learning rate   5.000000e-04  train error:    0.01876    0.02111 test error:    0.02005    0.02310 
Epoch=  105 learning rate   5.000000e-04  train error:    0.01833    0.02098 test error:    0.01995    0.02283 
Epoch=  106 learning rate   5.000000e-04  train error:    0.01840    0.02094 test error:    0.02020    0.02276 
Epoch=  107 learning rate   5.000000e-04  train error:    0.01847    0.02080 test error:    0.01908    0.02239 
Epoch=  108 learning rate   5.000000e-04  train error:    0.01843    0.02067 test error:    0.01960    0.02234 
Epoch=  109 learning rate   5.000000e-04  train error:    0.01814    0.02047 test error:    0.01827    0.02186 
Epoch=  110 learning rate   5.000000e-04  train error:    0.01796    0.02053 test error:    0.01919    0.02224 
Epoch=  111 learning rate   5.000000e-04  train error:    0.01811    0.02049 test error:    0.01995    0.02226 
Epoch=  112 learning rate   5.000000e-04  train error:    0.01785    0.02040 test error:    0.01922    0.02202 
Epoch=  113 learning rate   5.000000e-04  train error:    0.01773    0.02016 test error:    0.01875    0.02166 
Epoch=  114 learning rate   5.000000e-04  train error:    0.01744    0.02017 test error:    0.01727    0.02187 
Epoch=  115 learning rate   5.000000e-04  train error:    0.01734    0.02003 test error:    0.01723    0.02186 
Epoch=  116 learning rate   5.000000e-04  train error:    0.01741    0.01993 test error:    0.01930    0.02184 
Epoch=  117 learning rate   5.000000e-04  train error:    0.01703    0.01975 test error:    0.01843    0.02147 
Epoch=  118 learning rate   5.000000e-04  train error:    0.01691    0.01968 test error:    0.01885    0.02145 
Epoch=  119 learning rate   5.000000e-04  train error:    0.01723    0.01969 test error:    0.01824    0.02126 
Epoch=  120 learning rate   5.000000e-04  train error:    0.01717    0.01969 test error:    0.01871    0.02187 
Epoch=  121 learning rate   5.000000e-04  train error:    0.01686    0.01949 test error:    0.01673    0.02121 
Epoch=  122 learning rate   5.000000e-04  train error:    0.01681    0.01932 test error:    0.01733    0.02086 
Epoch=  123 learning rate   5.000000e-04  train error:    0.01689    0.01940 test error:    0.01742    0.02154 
Epoch=  124 learning rate   5.000000e-04  train error:    0.01687    0.01932 test error:    0.01770    0.02120 
Epoch=  125 learning rate   5.000000e-04  train error:    0.01680    0.01931 test error:    0.01908    0.02089 
Epoch=  126 learning rate   5.000000e-04  train error:    0.01674    0.01914 test error:    0.01757    0.02088 
Epoch=  127 learning rate   5.000000e-04  train error:    0.01666    0.01907 test error:    0.01976    0.02065 
Epoch=  128 learning rate   5.000000e-04  train error:    0.01651    0.01887 test error:    0.01790    0.02069 
Epoch=  129 learning rate   5.000000e-04  train error:    0.01663    0.01892 test error:    0.01727    0.02060 
Epoch=  130 learning rate   5.000000e-04  train error:    0.01654    0.01888 test error:    0.01865    0.02041 
Epoch=  131 learning rate   5.000000e-04  train error:    0.01633    0.01879 test error:    0.01736    0.02048 
Epoch=  132 learning rate   5.000000e-04  train error:    0.01637    0.01885 test error:    0.01834    0.02039 
Epoch=  133 learning rate   5.000000e-04  train error:    0.01638    0.01883 test error:    0.01795    0.02019 
Epoch=  134 learning rate   5.000000e-04  train error:    0.01657    0.01884 test error:    0.01811    0.02029 
Epoch=  135 learning rate   5.000000e-04  train error:    0.01645    0.01873 test error:    0.01841    0.02023 
Epoch=  136 learning rate   5.000000e-04  train error:    0.01622    0.01858 test error:    0.01735    0.02040 
Epoch=  137 learning rate   5.000000e-04  train error:    0.01610    0.01872 test error:    0.01699    0.01975 
Epoch=  138 learning rate   5.000000e-04  train error:    0.01632    0.01863 test error:    0.01763    0.01987 
Epoch=  139 learning rate   5.000000e-04  train error:    0.01594    0.01855 test error:    0.01890    0.02051 
Epoch=  140 learning rate   5.000000e-04  train error:    0.01625    0.01855 test error:    0.01833    0.02005 
Epoch=  141 learning rate   5.000000e-04  train error:    0.01584    0.01842 test error:    0.01814    0.02021 
Epoch=  142 learning rate   5.000000e-04  train error:    0.01584    0.01842 test error:    0.01731    0.01969 
Epoch=  143 learning rate   5.000000e-04  train error:    0.01539    0.01824 test error:    0.01565    0.01991 
Epoch=  144 learning rate   5.000000e-04  train error:    0.01534    0.01816 test error:    0.01650    0.01965 
Epoch=  145 learning rate   5.000000e-04  train error:    0.01562    0.01813 test error:    0.01762    0.01950 
Epoch=  146 learning rate   5.000000e-04  train error:    0.01539    0.01817 test error:    0.01757    0.01974 
Epoch=  147 learning rate   5.000000e-04  train error:    0.01538    0.01817 test error:    0.01711    0.01954 
Epoch=  148 learning rate   5.000000e-04  train error:    0.01560    0.01809 test error:    0.01754    0.01959 
Epoch=  149 learning rate   5.000000e-04  train error:    0.01548    0.01807 test error:    0.01794    0.01976 
Epoch=  150 learning rate   5.000000e-04  train error:    0.01545    0.01805 test error:    0.01617    0.01946 
Epoch=  151 learning rate   5.000000e-04  train error:    0.01492    0.01796 test error:    0.01695    0.01989 
Epoch=  152 learning rate   5.000000e-04  train error:    0.01519    0.01785 test error:    0.01846    0.01963 
Epoch=  153 learning rate   5.000000e-04  train error:    0.01520    0.01800 test error:    0.01753    0.01945 
Epoch=  154 learning rate   5.000000e-04  train error:    0.01523    0.01783 test error:    0.01635    0.01941 
Epoch=  155 learning rate   5.000000e-04  train error:    0.01514    0.01798 test error:    0.01747    0.01944 
Epoch=  156 learning rate   5.000000e-04  train error:    0.01512    0.01780 test error:    0.01757    0.01958 
Epoch=  157 learning rate   5.000000e-04  train error:    0.01524    0.01770 test error:    0.01769    0.01957 
Epoch=  158 learning rate   5.000000e-04  train error:    0.01514    0.01769 test error:    0.01740    0.01945 
Epoch=  159 learning rate   5.000000e-04  train error:    0.01513    0.01770 test error:    0.01812    0.01930 
Epoch=  160 learning rate   5.000000e-04  train error:    0.01506    0.01769 test error:    0.01789    0.01925 
Epoch=  161 learning rate   5.000000e-04  train error:    0.01506    0.01759 test error:    0.01743    0.01919 
Epoch=  162 learning rate   5.000000e-04  train error:    0.01491    0.01765 test error:    0.01950    0.01932 
Epoch=  163 learning rate   5.000000e-04  train error:    0.01478    0.01765 test error:    0.01833    0.01937 
Epoch=  164 learning rate   5.000000e-04  train error:    0.01494    0.01761 test error:    0.01830    0.01952 
Epoch=  165 learning rate   5.000000e-04  train error:    0.04271    0.01923 test error:    0.01793    0.01940 
Epoch=  166 learning rate   5.000000e-04  train error:    0.01701    0.01798 test error:    0.01984    0.01927 
Epoch=  167 learning rate   5.000000e-04  train error:    0.01499    0.01754 test error:    0.01841    0.01941 
Epoch=  168 learning rate   5.000000e-04  train error:    0.01520    0.01759 test error:    0.01749    0.01903 
Epoch=  169 learning rate   5.000000e-04  train error:    0.01488    0.01754 test error:    0.01841    0.01910 
Epoch=  170 learning rate   5.000000e-04  train error:    0.01493    0.01757 test error:    0.01829    0.01914 
Epoch=  171 learning rate   5.000000e-04  train error:    0.01535    0.01758 test error:    0.01916    0.01955 
Epoch=  172 learning rate   5.000000e-04  train error:    0.01514    0.01768 test error:    0.01813    0.01925 
Epoch=  173 learning rate   5.000000e-04  train error:    0.01529    0.01780 test error:    0.01916    0.01947 
Epoch=  174 learning rate   5.000000e-04  train error:    0.01541    0.01796 test error:    0.02059    0.01944 
Epoch=  175 learning rate   5.000000e-04  train error:    0.01555    0.01817 test error:    0.02139    0.01984 
Epoch=  176 learning rate   5.000000e-04  train error:    0.01626    0.01883 test error:    0.02482    0.02064 
Epoch=  177 learning rate   5.000000e-04  train error:    0.02118    0.02703 test error:    0.02942    0.02572 
Epoch=  178 learning rate   5.000000e-04  train error:    0.01978    0.02194 test error:    0.02483    0.02170 
Epoch=  179 learning rate   5.000000e-04  train error:    0.01789    0.01971 test error:    0.02442    0.02150 
Epoch=  180 learning rate   5.000000e-04  train error:    0.01711    0.01907 test error:    0.02173    0.02012 
Epoch=  181 learning rate   5.000000e-04  train error:    0.01634    0.01863 test error:    0.02238    0.02025 
Epoch=  182 learning rate   5.000000e-04  train error:    0.01606    0.01822 test error:    0.02189    0.01977 
Epoch=  183 learning rate   5.000000e-04  train error:    0.01597    0.01807 test error:    0.02245    0.01977 
Epoch=  184 learning rate   5.000000e-04  train error:    0.01595    0.01784 test error:    0.02093    0.01948 
Epoch=  185 learning rate   5.000000e-04  train error:    0.01547    0.01774 test error:    0.02136    0.01916 
Epoch=  186 learning rate   5.000000e-04  train error:    0.01515    0.01754 test error:    0.02081    0.01932 
Epoch=  187 learning rate   5.000000e-04  train error:    0.01485    0.01743 test error:    0.02020    0.01915 
Epoch=  188 learning rate   5.000000e-04  train error:    0.01486    0.01735 test error:    0.02043    0.01923 
Epoch=  189 learning rate   5.000000e-04  train error:    0.01458    0.01733 test error:    0.01970    0.01894 
Epoch=  190 learning rate   5.000000e-04  train error:    0.01457    0.01718 test error:    0.01985    0.01870 
Epoch=  191 learning rate   5.000000e-04  train error:    0.01486    0.01712 test error:    0.01939    0.01859 
Epoch=  192 learning rate   5.000000e-04  train error:    0.01466    0.01703 test error:    0.01913    0.01859 
Epoch=  193 learning rate   5.000000e-04  train error:    0.01467    0.01701 test error:    0.01858    0.01839 
Epoch=  194 learning rate   5.000000e-04  train error:    0.01474    0.01699 test error:    0.01779    0.01825 
Epoch=  195 learning rate   5.000000e-04  train error:    0.01402    0.01678 test error:    0.01771    0.01863 
Epoch=  196 learning rate   5.000000e-04  train error:    0.01420    0.01681 test error:    0.01756    0.01862 
Epoch=  197 learning rate   5.000000e-04  train error:    0.01443    0.01681 test error:    0.01865    0.01842 
Epoch=  198 learning rate   5.000000e-04  train error:    0.01401    0.01666 test error:    0.01894    0.01863 
Epoch=  199 learning rate   5.000000e-04  train error:    0.01400    0.01669 test error:    0.01775    0.01867 
Epoch=  200 learning rate   5.000000e-04  train error:    0.01432    0.01675 test error:    0.01693    0.01849 
Epoch=  201 learning rate   5.000000e-04  train error:    0.01396    0.01660 test error:    0.01710    0.01827 
Epoch=  202 learning rate   5.000000e-04  train error:    0.01401    0.01655 test error:    0.01629    0.01847 
Epoch=  203 learning rate   5.000000e-04  train error:    0.01352    0.01639 test error:    0.01749    0.01824 
Epoch=  204 learning rate   5.000000e-04  train error:    0.01349    0.01641 test error:    0.01700    0.01812 
Epoch=  205 learning rate   5.000000e-04  train error:    0.01349    0.01637 test error:    0.01631    0.01814 
Epoch=  206 learning rate   5.000000e-04  train error:    0.01358    0.01639 test error:    0.01704    0.01818 
Epoch=  207 learning rate   5.000000e-04  train error:    0.01347    0.01636 test error:    0.01450    0.01821 
Epoch=  208 learning rate   5.000000e-04  train error:    0.01345    0.01625 test error:    0.01636    0.01833 
Epoch=  209 learning rate   5.000000e-04  train error:    0.01331    0.01622 test error:    0.01618    0.01808 
Epoch=  210 learning rate   5.000000e-04  train error:    0.01339    0.01623 test error:    0.01532    0.01795 
Epoch=  211 learning rate   5.000000e-04  train error:    0.01281    0.01617 test error:    0.01493    0.01797 
Epoch=  212 learning rate   5.000000e-04  train error:    0.01302    0.01611 test error:    0.01570    0.01812 
Epoch=  213 learning rate   5.000000e-04  train error:    0.01323    0.01611 test error:    0.01567    0.01784 
Epoch=  214 learning rate   5.000000e-04  train error:    0.01334    0.01605 test error:    0.01501    0.01779 
Epoch=  215 learning rate   5.000000e-04  train error:    0.01318    0.01608 test error:    0.01463    0.01780 
Epoch=  216 learning rate   5.000000e-04  train error:    0.01314    0.01611 test error:    0.01586    0.01812 
Epoch=  217 learning rate   5.000000e-04  train error:    0.01323    0.01598 test error:    0.01490    0.01764 
Epoch=  218 learning rate   5.000000e-04  train error:    0.01296    0.01594 test error:    0.01545    0.01794 
Epoch=  219 learning rate   5.000000e-04  train error:    0.01320    0.01597 test error:    0.01520    0.01781 
Epoch=  220 learning rate   5.000000e-04  train error:    0.01290    0.01593 test error:    0.01475    0.01746 
Epoch=  221 learning rate   5.000000e-04  train error:    0.01269    0.01586 test error:    0.01423    0.01772 
Epoch=  222 learning rate   5.000000e-04  train error:    0.01260    0.01583 test error:    0.01430    0.01766 
Epoch=  223 learning rate   5.000000e-04  train error:    0.01296    0.01582 test error:    0.01517    0.01782 
Epoch=  224 learning rate   5.000000e-04  train error:    0.01290    0.01575 test error:    0.01486    0.01783 
Epoch=  225 learning rate   5.000000e-04  train error:    0.01289    0.01572 test error:    0.01533    0.01762 
Epoch=  226 learning rate   5.000000e-04  train error:    0.01273    0.01566 test error:    0.01488    0.01775 
Epoch=  227 learning rate   5.000000e-04  train error:    0.01289    0.01569 test error:    0.01489    0.01753 
Epoch=  228 learning rate   5.000000e-04  train error:    0.01251    0.01562 test error:    0.01379    0.01751 
Epoch=  229 learning rate   5.000000e-04  train error:    0.01258    0.01563 test error:    0.01417    0.01746 
Epoch=  230 learning rate   5.000000e-04  train error:    0.01262    0.01560 test error:    0.01473    0.01759 
Epoch=  231 learning rate   5.000000e-04  train error:    0.01272    0.01560 test error:    0.01495    0.01729 
Epoch=  232 learning rate   5.000000e-04  train error:    0.01257    0.01555 test error:    0.01448    0.01766 
Epoch=  233 learning rate   5.000000e-04  train error:    0.01253    0.01554 test error:    0.01361    0.01735 
Epoch=  234 learning rate   5.000000e-04  train error:    0.01269    0.01550 test error:    0.01379    0.01738 
Epoch=  235 learning rate   5.000000e-04  train error:    0.01265    0.01549 test error:    0.01458    0.01749 
Epoch=  236 learning rate   5.000000e-04  train error:    0.01229    0.01546 test error:    0.01373    0.01728 
Epoch=  237 learning rate   5.000000e-04  train error:    0.01231    0.01541 test error:    0.01423    0.01759 
Epoch=  238 learning rate   5.000000e-04  train error:    0.01212    0.01543 test error:    0.01396    0.01740 
Epoch=  239 learning rate   5.000000e-04  train error:    0.01221    0.01537 test error:    0.01458    0.01728 
Epoch=  240 learning rate   5.000000e-04  train error:    0.01231    0.01541 test error:    0.01525    0.01761 
Epoch=  241 learning rate   5.000000e-04  train error:    0.01221    0.01531 test error:    0.01360    0.01710 
Epoch=  242 learning rate   5.000000e-04  train error:    0.01211    0.01528 test error:    0.01333    0.01710 
Epoch=  243 learning rate   5.000000e-04  train error:    0.01208    0.01523 test error:    0.01267    0.01732 
Epoch=  244 learning rate   5.000000e-04  train error:    0.01204    0.01522 test error:    0.01322    0.01707 
Epoch=  245 learning rate   5.000000e-04  train error:    0.01181    0.01520 test error:    0.01367    0.01721 
Epoch=  246 learning rate   5.000000e-04  train error:    0.01201    0.01515 test error:    0.01337    0.01698 
Epoch=  247 learning rate   5.000000e-04  train error:    0.01199    0.01518 test error:    0.01330    0.01734 
Epoch=  248 learning rate   5.000000e-04  train error:    0.01212    0.01518 test error:    0.01174    0.01687 
Epoch=  249 learning rate   5.000000e-04  train error:    0.01197    0.01508 test error:    0.01278    0.01703 
Epoch=  250 learning rate   5.000000e-04  train error:    0.01188    0.01508 test error:    0.01343    0.01687 
Epoch=  251 learning rate   5.000000e-04  train error:    0.01198    0.01502 test error:    0.01418    0.01704 
Epoch=  252 learning rate   5.000000e-04  train error:    0.01182    0.01503 test error:    0.01292    0.01717 
Epoch=  253 learning rate   5.000000e-04  train error:    0.01181    0.01504 test error:    0.01258    0.01689 
Epoch=  254 learning rate   5.000000e-04  train error:    0.01178    0.01501 test error:    0.01267    0.01689 
Epoch=  255 learning rate   5.000000e-04  train error:    0.01182    0.01497 test error:    0.01294    0.01705 
Epoch=  256 learning rate   5.000000e-04  train error:    0.01173    0.01493 test error:    0.01264    0.01677 
Epoch=  257 learning rate   5.000000e-04  train error:    0.01170    0.01494 test error:    0.01334    0.01696 
Epoch=  258 learning rate   5.000000e-04  train error:    0.01198    0.01496 test error:    0.01296    0.01681 
Epoch=  259 learning rate   5.000000e-04  train error:    0.01183    0.01485 test error:    0.01253    0.01678 
Epoch=  260 learning rate   5.000000e-04  train error:    0.01165    0.01482 test error:    0.01338    0.01689 
Epoch=  261 learning rate   5.000000e-04  train error:    0.01159    0.01484 test error:    0.01275    0.01673 
Epoch=  262 learning rate   5.000000e-04  train error:    0.01159    0.01477 test error:    0.01223    0.01672 
Epoch=  263 learning rate   5.000000e-04  train error:    0.01145    0.01481 test error:    0.01254    0.01675 
Epoch=  264 learning rate   5.000000e-04  train error:    0.01145    0.01471 test error:    0.01206    0.01687 
Epoch=  265 learning rate   5.000000e-04  train error:    0.01144    0.01473 test error:    0.01177    0.01698 
Epoch=  266 learning rate   5.000000e-04  train error:    0.01145    0.01468 test error:    0.01213    0.01676 
Epoch=  267 learning rate   5.000000e-04  train error:    0.01134    0.01464 test error:    0.01239    0.01671 
Epoch=  268 learning rate   5.000000e-04  train error:    0.01128    0.01467 test error:    0.01278    0.01654 
Epoch=  269 learning rate   5.000000e-04  train error:    0.01133    0.01467 test error:    0.01169    0.01668 
Epoch=  270 learning rate   5.000000e-04  train error:    0.01141    0.01470 test error:    0.01211    0.01674 
Epoch=  271 learning rate   5.000000e-04  train error:    0.01125    0.01465 test error:    0.01228    0.01665 
Epoch=  272 learning rate   5.000000e-04  train error:    0.01134    0.01462 test error:    0.01182    0.01640 
Epoch=  273 learning rate   5.000000e-04  train error:    0.01120    0.01458 test error:    0.01194    0.01644 
Epoch=  274 learning rate   5.000000e-04  train error:    0.01114    0.01456 test error:    0.01131    0.01660 
Epoch=  275 learning rate   5.000000e-04  train error:    0.01122    0.01451 test error:    0.01171    0.01658 
Epoch=  276 learning rate   5.000000e-04  train error:    0.01114    0.01447 test error:    0.01141    0.01657 
Epoch=  277 learning rate   5.000000e-04  train error:    0.01101    0.01454 test error:    0.01150    0.01667 
Epoch=  278 learning rate   5.000000e-04  train error:    0.01111    0.01450 test error:    0.01292    0.01660 
Epoch=  279 learning rate   5.000000e-04  train error:    0.01119    0.01451 test error:    0.01207    0.01661 
Epoch=  280 learning rate   5.000000e-04  train error:    0.01109    0.01446 test error:    0.01178    0.01659 
Epoch=  281 learning rate   5.000000e-04  train error:    0.01105    0.01442 test error:    0.01230    0.01638 
Epoch=  282 learning rate   5.000000e-04  train error:    0.01101    0.01438 test error:    0.01185    0.01662 
Epoch=  283 learning rate   5.000000e-04  train error:    0.01083    0.01436 test error:    0.01171    0.01658 
Epoch=  284 learning rate   5.000000e-04  train error:    0.01092    0.01432 test error:    0.01094    0.01639 
Epoch=  285 learning rate   5.000000e-04  train error:    0.01086    0.01436 test error:    0.01176    0.01650 
Epoch=  286 learning rate   5.000000e-04  train error:    0.01091    0.01438 test error:    0.01310    0.01670 
Epoch=  287 learning rate   5.000000e-04  train error:    0.01098    0.01426 test error:    0.01236    0.01656 
Epoch=  288 learning rate   5.000000e-04  train error:    0.01094    0.01427 test error:    0.01183    0.01643 
Epoch=  289 learning rate   5.000000e-04  train error:    0.01100    0.01432 test error:    0.01237    0.01670 
Epoch=  290 learning rate   5.000000e-04  train error:    0.01120    0.01431 test error:    0.01236    0.01662 
Epoch=  291 learning rate   5.000000e-04  train error:    0.01111    0.01441 test error:    0.01362    0.01728 
Epoch=  292 learning rate   5.000000e-04  train error:    0.01879    0.01722 test error:    0.01303    0.01672 
Epoch=  293 learning rate   5.000000e-04  train error:    0.01093    0.01433 test error:    0.01173    0.01672 
Epoch=  294 learning rate   5.000000e-04  train error:    0.01076    0.01419 test error:    0.01175    0.01657 
Epoch=  295 learning rate   5.000000e-04  train error:    0.01076    0.01419 test error:    0.01236    0.01666 
Epoch=  296 learning rate   5.000000e-04  train error:    0.01070    0.01418 test error:    0.01162    0.01651 
Epoch=  297 learning rate   5.000000e-04  train error:    0.01055    0.01413 test error:    0.01131    0.01640 
Epoch=  298 learning rate   5.000000e-04  train error:    0.01076    0.01413 test error:    0.01158    0.01650 
Epoch=  299 learning rate   5.000000e-04  train error:    0.01065    0.01416 test error:    0.01197    0.01640 
Epoch=  300 learning rate   5.000000e-04  train error:    0.01134    0.01434 test error:    0.01794    0.01695 
Epoch=  301 learning rate   5.000000e-04  train error:    0.01100    0.01413 test error:    0.01151    0.01665 
Epoch=  302 learning rate   5.000000e-04  train error:    0.01052    0.01405 test error:    0.01167    0.01640 
Epoch=  303 learning rate   5.000000e-04  train error:    0.01047    0.01406 test error:    0.01249    0.01639 
Epoch=  304 learning rate   5.000000e-04  train error:    0.01047    0.01404 test error:    0.01152    0.01623 
Epoch=  305 learning rate   5.000000e-04  train error:    0.01060    0.01403 test error:    0.01135    0.01619 
Epoch=  306 learning rate   5.000000e-04  train error:    0.01057    0.01403 test error:    0.01114    0.01632 
Epoch=  307 learning rate   5.000000e-04  train error:    0.01043    0.01402 test error:    0.01134    0.01650 
Epoch=  308 learning rate   5.000000e-04  train error:    0.01058    0.01398 test error:    0.01187    0.01621 
Epoch=  309 learning rate   5.000000e-04  train error:    0.01045    0.01399 test error:    0.01248    0.01636 
Epoch=  310 learning rate   5.000000e-04  train error:    0.01062    0.01398 test error:    0.01147    0.01645 
Epoch=  311 learning rate   5.000000e-04  train error:    0.01060    0.01397 test error:    0.01144    0.01625 
Epoch=  312 learning rate   5.000000e-04  train error:    0.01053    0.01398 test error:    0.01149    0.01630 
Epoch=  313 learning rate   5.000000e-04  train error:    0.01032    0.01390 test error:    0.01156    0.01633 
Epoch=  314 learning rate   5.000000e-04  train error:    0.01062    0.01392 test error:    0.01128    0.01613 
Epoch=  315 learning rate   5.000000e-04  train error:    0.01053    0.01390 test error:    0.01167    0.01654 
Epoch=  316 learning rate   5.000000e-04  train error:    0.01046    0.01387 test error:    0.01093    0.01622 
Epoch=  317 learning rate   5.000000e-04  train error:    0.01045    0.01390 test error:    0.01163    0.01637 
Epoch=  318 learning rate   5.000000e-04  train error:    0.01038    0.01390 test error:    0.01137    0.01643 
Epoch=  319 learning rate   5.000000e-04  train error:    0.01030    0.01389 test error:    0.01193    0.01634 
Epoch=  320 learning rate   5.000000e-04  train error:    0.01050    0.01387 test error:    0.01127    0.01644 
Epoch=  321 learning rate   5.000000e-04  train error:    0.01035    0.01384 test error:    0.01114    0.01635 
Epoch=  322 learning rate   5.000000e-04  train error:    0.01024    0.01382 test error:    0.01180    0.01637 
Epoch=  323 learning rate   5.000000e-04  train error:    0.01043    0.01384 test error:    0.01140    0.01632 
Epoch=  324 learning rate   5.000000e-04  train error:    0.01032    0.01380 test error:    0.01153    0.01671 
Epoch=  325 learning rate   5.000000e-04  train error:    0.01021    0.01375 test error:    0.01124    0.01660 
Epoch=  326 learning rate   5.000000e-04  train error:    0.01034    0.01380 test error:    0.01160    0.01674 
Epoch=  327 learning rate   5.000000e-04  train error:    0.01034    0.01373 test error:    0.01131    0.01656 
Epoch=  328 learning rate   5.000000e-04  train error:    0.01019    0.01374 test error:    0.01121    0.01640 
Epoch=  329 learning rate   5.000000e-04  train error:    0.01024    0.01370 test error:    0.01140    0.01675 
Epoch=  330 learning rate   5.000000e-04  train error:    0.01011    0.01371 test error:    0.01162    0.01663 
Epoch=  331 learning rate   5.000000e-04  train error:    0.01011    0.01371 test error:    0.01194    0.01682 
Epoch=  332 learning rate   5.000000e-04  train error:    0.01027    0.01371 test error:    0.01142    0.01679 
Epoch=  333 learning rate   5.000000e-04  train error:    0.01022    0.01368 test error:    0.01226    0.01680 
Epoch=  334 learning rate   5.000000e-04  train error:    0.01017    0.01370 test error:    0.01158    0.01699 
Epoch=  335 learning rate   5.000000e-04  train error:    0.01010    0.01368 test error:    0.01129    0.01683 
Epoch=  336 learning rate   5.000000e-04  train error:    0.01020    0.01371 test error:    0.01161    0.01681 
Epoch=  337 learning rate   5.000000e-04  train error:    0.01018    0.01368 test error:    0.01247    0.01741 
Epoch=  338 learning rate   5.000000e-04  train error:    0.01018    0.01371 test error:    0.01177    0.01695 
Epoch=  339 learning rate   5.000000e-04  train error:    0.00986    0.01367 test error:    0.01159    0.01761 
Epoch=  340 learning rate   5.000000e-04  train error:    0.01002    0.01364 test error:    0.01204    0.01725 
Epoch=  341 learning rate   5.000000e-04  train error:    0.01000    0.01373 test error:    0.01179    0.01768 
Epoch=  342 learning rate   5.000000e-04  train error:    0.01003    0.01373 test error:    0.01201    0.01734 
Epoch=  343 learning rate   5.000000e-04  train error:    0.01004    0.01374 test error:    0.01180    0.01709 
Epoch=  344 learning rate   5.000000e-04  train error:    0.01001    0.01372 test error:    0.01223    0.01814 
Epoch=  345 learning rate   2.500000e-04  train error:    0.01013    0.01374 test error:    0.01247    0.01852 
Epoch=  346 learning rate   2.500000e-04  train error:    0.01012    0.01380 test error:    0.01274    0.01934 
Epoch=  347 learning rate   2.500000e-04  train error:    0.01015    0.01383 test error:    0.01345    0.02059 
Epoch=  348 learning rate   2.500000e-04  train error:    0.01005    0.01390 test error:    0.01322    0.02019 
Epoch=  349 learning rate   2.500000e-04  train error:    0.01028    0.01402 test error:    0.01360    0.02075 
Epoch=  350 learning rate   2.500000e-04  train error:    0.01022    0.01406 test error:    0.01518    0.02213 
Epoch=  351 learning rate   2.500000e-04  train error:    0.01051    0.01425 test error:    0.01616    0.02408 
Epoch=  352 learning rate   2.500000e-04  train error:    0.01068    0.01457 test error:    0.01711    0.02562 
Epoch=  353 learning rate   2.500000e-04  train error:    0.01112    0.01532 test error:    0.02081    0.03086 
