REANN Package used for fitting energy and tensorial Property
2025-09-17-20_38_58 
Epoch=    0 learning rate   5.000000e-03  train error:   14.97520    2.25833 test error:   14.45627    2.26698 
Epoch=    5 learning rate   5.000000e-03  train error:   33.76025    0.78146 test error:   35.43429    0.71151 
Epoch=   10 learning rate   5.000000e-03  train error:   24.15356    0.28208 test error:   21.06123    0.22577 
Epoch=   15 learning rate   5.000000e-03  train error:   17.43492    0.15166 test error:   20.21500    0.14172 
Epoch=   20 learning rate   5.000000e-03  train error:   13.13075    0.12700 test error:   15.17471    0.11115 
Epoch=   25 learning rate   5.000000e-03  train error:   20.65870    0.32948 test error:   21.15696    0.09775 
Epoch=   30 learning rate   5.000000e-03  train error:   19.02586    0.10259 test error:   18.95401    0.09269 
Epoch=   35 learning rate   5.000000e-03  train error:   14.60379    0.09811 test error:   14.09576    0.08851 
Epoch=   40 learning rate   5.000000e-03  train error:    7.05422    0.09615 test error:    6.17713    0.08702 
Epoch=   45 learning rate   5.000000e-03  train error:    0.92491    0.09199 test error:    0.81764    0.08509 
Epoch=   50 learning rate   5.000000e-03  train error:    0.78849    0.09074 test error:    0.68650    0.08509 
Epoch=   55 learning rate   5.000000e-03  train error:    0.72824    0.08969 test error:    0.59930    0.08389 
Epoch=   60 learning rate   5.000000e-03  train error:    0.65447    0.08935 test error:    0.61041    0.08309 
Epoch=   65 learning rate   5.000000e-03  train error:    0.57992    0.08976 test error:    0.52695    0.08303 
Epoch=   70 learning rate   5.000000e-03  train error:    0.52948    0.08905 test error:    0.50048    0.08342 
Epoch=   75 learning rate   5.000000e-03  train error:    0.48165    0.08921 test error:    0.46776    0.08294 
Epoch=   80 learning rate   5.000000e-03  train error:    0.44241    0.08962 test error:    0.46538    0.08373 
Epoch=   85 learning rate   2.500000e-03  train error:    0.41779    0.09059 test error:    0.43416    0.08343 
Epoch=   90 learning rate   2.500000e-03  train error:    1.22649    0.09020 test error:    0.43770    0.08281 
Epoch=   95 learning rate   2.500000e-03  train error:    0.36014    0.08991 test error:    0.43006    0.08307 
Epoch=  100 learning rate   2.500000e-03  train error:    0.34849    0.08956 test error:    0.41730    0.08304 
Epoch=  105 learning rate   2.500000e-03  train error:    0.32832    0.08968 test error:    0.41650    0.08267 
Epoch=  110 learning rate   2.500000e-03  train error:    0.31183    0.09027 test error:    0.40264    0.08350 
Epoch=  115 learning rate   2.500000e-03  train error:    0.30678    0.08987 test error:    0.40966    0.08288 
Epoch=  120 learning rate   2.500000e-03  train error:    0.29673    0.08978 test error:    0.40599    0.08367 
Epoch=  125 learning rate   1.250000e-03  train error:    0.29123    0.09028 test error:    0.42466    0.08442 
Epoch=  130 learning rate   1.250000e-03  train error:    0.28691    0.08994 test error:    0.42170    0.08452 
Epoch=  135 learning rate   1.250000e-03  train error:    0.29176    0.09081 test error:    0.41133    0.08584 
Epoch=  140 learning rate   1.250000e-03  train error:    0.29712    0.09107 test error:    0.43011    0.08576 
Epoch=  145 learning rate   6.250000e-04  train error:    0.29261    0.09264 test error:    0.42236    0.08755 
Epoch=  150 learning rate   6.250000e-04  train error:    0.30286    0.09509 test error:    0.43921    0.09093 
Epoch=  155 learning rate   6.250000e-04  train error:    0.31988    0.09431 test error:    0.45002    0.08819 
Epoch=  160 learning rate   6.250000e-04  train error:    0.66368    0.09757 test error:    0.49533    0.09791 
Epoch=  165 learning rate   6.250000e-04  train error:    0.36764    0.09600 test error:    0.42106    0.22519 
Epoch=  170 learning rate   6.250000e-04  train error:    0.37691    0.09464 test error:    0.39883    0.38448 
Epoch=  175 learning rate   6.250000e-04  train error:    0.55163    0.13239 test error:    0.82277    0.31354 
Epoch=  180 learning rate   6.250000e-04  train error:    0.42513    0.09778 test error:    0.41612    0.35482 
Epoch=  185 learning rate   3.125000e-04  train error:    0.34038    0.09622 test error:    0.36213    0.35577 
Epoch=  190 learning rate   3.125000e-04  train error:    0.37396    0.09297 test error:    0.36461    0.34223 
Epoch=  195 learning rate   3.125000e-04  train error:    0.29345    0.09374 test error:    0.34762    0.33843 
Epoch=  200 learning rate   3.125000e-04  train error:    0.27981    0.09345 test error:    0.35509    0.28929 
Epoch=  205 learning rate   1.562500e-04  train error:    0.26260    0.09329 test error:    0.34513    0.29484 
Epoch=  210 learning rate   1.562500e-04  train error:    0.25446    0.09370 test error:    0.35154    0.21053 
Epoch=  215 learning rate   1.562500e-04  train error:    0.24559    0.09365 test error:    0.35193    0.22327 
Epoch=  220 learning rate   1.562500e-04  train error:    0.23712    0.09360 test error:    0.35781    0.24815 
Epoch=  225 learning rate   7.812500e-05  train error:    0.23030    0.09363 test error:    0.35951    0.17692 
Epoch=  230 learning rate   7.812500e-05  train error:    0.22564    0.09300 test error:    0.35369    0.17793 
Epoch=  235 learning rate   7.812500e-05  train error:    0.22130    0.09308 test error:    0.35504    0.19643 
Epoch=  240 learning rate   7.812500e-05  train error:    0.21481    0.09313 test error:    0.35513    0.16791 
Epoch=  245 learning rate   3.906250e-05  train error:    0.21284    0.09302 test error:    0.34726    0.15731 
Epoch=  250 learning rate   3.906250e-05  train error:    0.20816    0.09307 test error:    0.35414    0.15144 
Epoch=  255 learning rate   3.906250e-05  train error:    0.20537    0.09322 test error:    0.35884    0.14895 
Epoch=  260 learning rate   3.906250e-05  train error:    0.20251    0.09302 test error:    0.35762    0.14686 
Epoch=  265 learning rate   3.906250e-05  train error:    0.19901    0.09304 test error:    0.35554    0.14875 
Epoch=  270 learning rate   3.906250e-05  train error:    0.19684    0.09314 test error:    0.34740    0.13719 
Epoch=  275 learning rate   3.906250e-05  train error:    0.19428    0.09272 test error:    0.34774    0.14949 
Epoch=  280 learning rate   3.906250e-05  train error:    0.19092    0.09278 test error:    0.35041    0.15157 
Epoch=  285 learning rate   1.953125e-05  train error:    0.18909    0.09310 test error:    0.34665    0.13987 
Epoch=  290 learning rate   1.953125e-05  train error:    0.18747    0.09313 test error:    0.34632    0.14181 
Epoch=  295 learning rate   1.953125e-05  train error:    0.18503    0.09321 test error:    0.34204    0.14799 
Epoch=  300 learning rate   1.953125e-05  train error:    0.18452    0.09319 test error:    0.34028    0.15144 
2025-09-17-22_13_44 
terminated normal
