REANN Package used for fitting energy and tensorial Property
2025-09-17-10_20_12 
Epoch=    0 train error:   15.44797    2.25833 test error:   14.44632    2.26698 
Epoch=    5 train error:  120.03128    0.45971 test error:   64.00600    0.41159 
Epoch=   10 train error:  926.92773   93.35088 test error:  780.08246   81.45775 
Epoch=   15 train error:    4.40076    0.28721 test error:    3.16791    0.28319 
Epoch=   20 train error:    2.84778    0.22792 test error:    2.09338    0.20263 
Epoch=   25 train error:    3.91788    0.20059 test error:    3.92602    0.18199 
Epoch=   30 train error:    2.27879    0.18825 test error:    1.45405    0.17903 
Epoch=   35 train error:    1.82102    0.19033 test error:    1.95833    0.17818 
Epoch=   40 train error:    1.35911    0.18977 test error:    0.92432    0.17746 
Epoch=   45 train error:    1.37223    0.19014 test error:    0.97464    0.18398 
Epoch=   50 train error:    0.92474    0.19362 test error:    0.97677    0.18282 
Epoch=   55 train error:    0.72307    0.19589 test error:    0.90736    0.18860 
Epoch=   60 train error:    0.62517    0.19854 test error:    0.84837    0.19230 
Epoch=   65 train error:    0.60715    0.20045 test error:    0.71781    0.18531 
Epoch=   70 train error:    0.58889    0.19743 test error:    0.71429    0.18316 
Epoch=   75 train error:    0.58549    0.19625 test error:    0.68708    0.18667 
Epoch=   80 train error:    0.55997    0.19613 test error:    0.73695    0.18237 
Epoch=   85 train error:    0.55656    0.19748 test error:    0.67442    0.18083 
Epoch=   90 train error:    0.54328    0.19717 test error:    0.65669    0.18263 
Epoch=   95 train error:    0.54447    0.19377 test error:    0.64781    0.17908 
Epoch=  100 train error:    0.52952    0.19431 test error:    0.64653    0.18224 
Epoch=  105 train error:    0.51595    0.19513 test error:    0.69394    0.17765 
Epoch=  110 train error:    0.51878    0.19263 test error:    0.63349    0.17968 
Epoch=  115 train error:    0.51919    0.19278 test error:    0.62914    0.17957 
Epoch=  120 train error:    0.48917    0.19465 test error:    0.62455    0.17719 
Epoch=  125 train error:    0.47925    0.19370 test error:    0.62024    0.17974 
Epoch=  130 train error:    0.48775    0.19279 test error:    0.62985    0.17995 
Epoch=  135 train error:    0.47600    0.19331 test error:    0.59672    0.18087 
Epoch=  140 train error:    0.47110    0.19361 test error:    0.60623    0.17778 
Epoch=  145 train error:    0.46705    0.19335 test error:    0.61834    0.18619 
Epoch=  150 train error:    0.45611    0.19517 test error:    0.60802    0.18021 
Epoch=  155 train error:    0.45983    0.19175 test error:    0.57819    0.18142 
Epoch=  160 train error:    0.45038    0.19705 test error:    0.60058    0.17944 
Epoch=  165 train error:    0.45664    0.19102 test error:    0.59034    0.17977 
Epoch=  170 train error:    0.44705    0.19033 test error:    0.60525    0.17825 
Epoch=  175 train error:   77.70733    0.38253 test error:   20.63257    0.18974 
Epoch=  180 train error:    0.44150    0.18874 test error:    0.58967    0.17764 
Epoch=  185 train error:    0.43462    0.18982 test error:    0.57904    0.18468 
Epoch=  190 train error:    0.42840    0.18824 test error:    0.59282    0.18111 
Epoch=  195 train error:    0.42920    0.19385 test error:    0.59331    0.17781 
Epoch=  200 train error:    0.42086    0.18586 test error:    0.62377    0.17964 
Epoch=  205 train error:    0.41938    0.18520 test error:    0.59233    0.19398 
Epoch=  210 train error:    0.42240    0.18848 test error:    0.57477    0.18017 
Epoch=  215 train error:    0.41682    0.18649 test error:    0.59519    0.18229 
Epoch=  220 train error:    0.41158    0.18434 test error:    0.58464    0.18134 
Epoch=  225 train error:    0.41461    0.18225 test error:    0.59241    0.17736 
Epoch=  230 train error:    0.40488    0.18311 test error:    0.56430    0.18126 
Epoch=  235 train error:    0.40784    0.18306 test error:    0.57900    0.17102 
Epoch=  240 train error:    0.40580    0.18146 test error:    0.57798    0.18117 
Epoch=  245 train error:    0.40278    0.18510 test error:    0.57996    0.19116 
Epoch=  250 train error:    0.39791    0.18078 test error:    0.58877    0.17238 
Epoch=  255 train error:    0.39261    0.18023 test error:    0.57795    0.17357 
Epoch=  260 train error:    0.39491    0.18012 test error:    0.56619    0.17095 
Epoch=  265 train error:    0.38802    0.17885 test error:    0.55947    0.17193 
Epoch=  270 train error:    0.38237    0.17866 test error:    0.56141    0.17123 
Epoch=  275 train error:    0.38662    0.17744 test error:    0.55636    0.17294 
Epoch=  280 train error:    0.38043    0.17487 test error:    0.55876    0.17129 
Epoch=  285 train error:    0.37371    0.17402 test error:    0.54262    0.16517 
Epoch=  290 train error:    0.36436    0.17231 test error:    0.55465    0.16904 
Epoch=  295 train error:    0.35689    0.17175 test error:    0.56945    0.16525 
Epoch=  300 train error:    0.38720    0.19190 test error:    0.56230    0.15912 
Epoch=  305 train error:    0.34483    0.16736 test error:    0.53551    0.17102 
Epoch=  310 train error:    0.35443    0.17612 test error:    0.55680    0.17574 
Epoch=  315 train error:    0.33643    0.16572 test error:    0.52039    0.15746 
Epoch=  320 train error:    0.33299    0.16136 test error:    0.53500    0.15126 
Epoch=  325 train error:    0.33374    0.15909 test error:    0.51318    0.14794 
Epoch=  330 train error:    0.32079    0.15868 test error:    0.51881    0.15052 
Epoch=  335 train error:    0.32607    0.15707 test error:    0.61026    0.15040 
Epoch=  340 train error:    0.32300    0.15458 test error:    0.51257    0.14171 
Epoch=  345 train error:    0.31914    0.15353 test error:    0.52192    0.14765 
Epoch=  350 train error:    0.31581    0.15209 test error:    0.50692    0.14574 
Epoch=  355 train error:    0.31351    0.15158 test error:    0.49295    0.13909 
Epoch=  360 train error:    0.31606    0.14970 test error:    0.49198    0.13812 
Epoch=  365 train error:    0.31146    0.14850 test error:    0.48324    0.13458 
Epoch=  370 train error:    0.30525    0.14801 test error:    0.47270    0.13359 
Epoch=  375 train error:    0.30247    0.14514 test error:    0.48225    0.13183 
Epoch=  380 train error:    0.29779    0.14445 test error:    0.47379    0.13116 
Epoch=  385 train error:    0.29993    0.14376 test error:    0.49722    0.12962 
Epoch=  390 train error:    0.30586    0.14189 test error:    0.46411    0.12991 
Epoch=  395 train error:    0.29255    0.14044 test error:    0.46322    0.12712 
Epoch=  400 train error:    0.29386    0.13873 test error:    0.48767    0.12763 
Epoch=  405 train error:    0.29057    0.13780 test error:    0.45795    0.12474 
Epoch=  410 train error:    0.29150    0.13755 test error:    0.45451    0.12367 
Epoch=  415 train error:    0.28618    0.13672 test error:    0.45636    0.12253 
Epoch=  420 train error:    0.28687    0.13594 test error:    0.47336    0.12225 
Epoch=  425 train error:    0.28323    0.13441 test error:    0.45725    0.12071 
Epoch=  430 train error:    0.27997    0.13488 test error:    0.45164    0.12145 
Epoch=  435 train error:    0.27696    0.13316 test error:    0.46093    0.12300 
Epoch=  440 train error:    0.28097    0.13167 test error:    0.45177    0.12129 
Epoch=  445 train error:    0.27595    0.13216 test error:    0.44798    0.12057 
Epoch=  450 train error:    0.27145    0.13089 test error:    0.46372    0.11782 
Epoch=  455 train error:    0.26951    0.13058 test error:    0.45883    0.11793 
Epoch=  460 train error:    0.26926    0.12991 test error:    0.45479    0.11689 
Epoch=  465 train error:    0.26956    0.12945 test error:    0.44841    0.11644 
Epoch=  470 train error:    0.26849    0.12896 test error:    0.44530    0.11561 
Epoch=  475 train error:    0.26745    0.12785 test error:    0.43185    0.11580 
Epoch=  480 train error:    0.25636    0.12950 test error:    0.43641    0.11626 
Epoch=  485 train error:    0.26334    0.12861 test error:    0.44022    0.11550 
Epoch=  490 train error:    0.25866    0.12688 test error:    0.43011    0.11328 
Epoch=  495 train error:    0.26341    0.12724 test error:    0.42757    0.11362 
Epoch=  500 train error:    0.26279    0.12603 test error:    0.42330    0.11362 
Epoch=  505 train error:    0.25442    0.12552 test error:    0.43100    0.11445 
Epoch=  510 train error:    0.25721    0.12533 test error:    0.42994    0.11478 
Epoch=  515 train error:    0.25341    0.12541 test error:    0.42874    0.11345 
Epoch=  520 train error:    0.25034    0.12421 test error:    0.42729    0.11334 
Epoch=  525 train error:    0.25272    0.12417 test error:    0.42948    0.11427 
Epoch=  530 train error:    0.25307    0.12291 test error:    0.44174    0.11287 
Epoch=  535 train error:    0.24912    0.12296 test error:    0.43326    0.11337 
Epoch=  540 train error:    0.24848    0.12342 test error:    0.43434    0.11254 
Epoch=  545 train error:    0.24766    0.12284 test error:    0.42029    0.11275 
Epoch=  550 train error:    0.24255    0.12134 test error:    0.42138    0.11122 
Epoch=  555 train error:    0.24691    0.12117 test error:    0.43677    0.11259 
Epoch=  560 train error:    0.24463    0.12087 test error:    0.42494    0.11070 
Epoch=  565 train error:    0.23726    0.12091 test error:    0.42141    0.11024 
Epoch=  570 train error:    0.24060    0.11962 test error:    0.42945    0.11007 
Epoch=  575 train error:    0.24406    0.11920 test error:    0.42186    0.10889 
Epoch=  580 train error:    0.24090    0.11848 test error:    0.42736    0.10936 
Epoch=  585 train error:    0.23872    0.11858 test error:    0.42296    0.11019 
Epoch=  590 train error:    0.24206    0.11895 test error:    0.42476    0.10951 
Epoch=  595 train error:    0.24009    0.11781 test error:    0.42411    0.11003 
Epoch=  600 train error:    0.24045    0.11808 test error:    0.42459    0.11040 
Epoch=  605 train error:    0.23659    0.11850 test error:    0.42085    0.11070 
Epoch=  610 train error:    0.23376    0.11810 test error:    0.43202    0.11103 
Epoch=  615 train error:    0.23380    0.11726 test error:    0.43059    0.11015 
Epoch=  620 train error:    0.23660    0.15167 test error:    0.41388    0.11091 
Epoch=  625 train error:    0.23079    0.11733 test error:    0.41770    0.10908 
Epoch=  630 train error:    0.22674    0.11570 test error:    0.41642    0.10849 
Epoch=  635 train error:    0.22982    0.11625 test error:    0.41707    0.10850 
Epoch=  640 train error:    0.23172    0.11501 test error:    0.40993    0.10849 
Epoch=  645 train error:    0.22368    0.11623 test error:    0.40424    0.10789 
Epoch=  650 train error:    0.22749    0.11594 test error:    0.41543    0.10825 
Epoch=  655 train error:    0.22591    0.11545 test error:    0.41001    0.10809 
Epoch=  660 train error:    0.22428    0.11483 test error:    0.40455    0.10727 
Epoch=  665 train error:    0.22381    0.11490 test error:    0.40203    0.10816 
Epoch=  670 train error:    0.22437    0.11520 test error:    0.40517    0.10725 
Epoch=  675 train error:    0.22093    0.11452 test error:    0.40864    0.10691 
Epoch=  680 train error:    0.22309    0.11461 test error:    0.42124    0.10845 
Epoch=  685 train error:    0.22597    0.11386 test error:    0.42081    0.10626 
Epoch=  690 train error:    0.22287    0.11339 test error:    0.42170    0.10753 
Epoch=  695 train error:    0.22154    0.11313 test error:    0.40800    0.10698 
Epoch=  700 train error:    0.22021    0.11320 test error:    0.40675    0.10618 
Epoch=  705 train error:    0.22266    0.11348 test error:    0.40255    0.10668 
Epoch=  710 train error:    0.22436    0.11153 test error:    0.41039    0.10603 
Epoch=  715 train error:    0.22142    0.11237 test error:    0.41234    0.10681 
Epoch=  720 train error:    0.22308    0.11132 test error:    0.40277    0.10623 
Epoch=  725 train error:    0.22460    0.11089 test error:    0.40582    0.10588 
Epoch=  730 train error:    0.21897    0.11128 test error:    0.39636    0.10671 
Epoch=  735 train error:    0.21763    0.11029 test error:    0.41829    0.10515 
Epoch=  740 train error:    0.21898    0.11074 test error:    0.40744    0.10515 
Epoch=  745 train error:    0.21561    0.11012 test error:    0.41312    0.10443 
Epoch=  750 train error:    0.21336    0.10921 test error:    0.40978    0.10473 
Epoch=  755 train error:    0.21478    0.11119 test error:    0.40829    0.10417 
Epoch=  760 train error:    0.21311    0.10922 test error:    0.39877    0.10492 
Epoch=  765 train error:    0.21194    0.10974 test error:    0.41218    0.10703 
Epoch=  770 train error:    0.21349    0.10914 test error:    0.40527    0.10581 
Epoch=  775 train error:    0.21179    0.10902 test error:    0.40574    0.10470 
Epoch=  780 train error:    0.21443    0.10915 test error:    0.40303    0.10467 
Epoch=  785 train error:    0.21000    0.10878 test error:    0.41287    0.10337 
Epoch=  790 train error:    0.21031    0.10762 test error:    0.41182    0.10376 
Epoch=  795 train error:    0.21026    0.10813 test error:    0.39629    0.10407 
Epoch=  800 train error:    0.20943    0.10783 test error:    0.40790    0.10412 
Epoch=  805 train error:    0.20947    0.10709 test error:    0.39952    0.10277 
Epoch=  810 train error:    0.20819    0.10709 test error:    0.40186    0.10237 
Epoch=  815 train error:    0.20878    0.10717 test error:    0.41381    0.10310 
Epoch=  820 train error:    0.20908    0.10790 test error:    0.40728    0.10308 
Epoch=  825 train error:    0.20716    0.10738 test error:    0.40511    0.10331 
Epoch=  830 train error:    0.20762    0.10747 test error:    0.40134    0.10334 
Epoch=  835 train error:    0.20663    0.10650 test error:    0.40413    0.10460 
Epoch=  840 train error:    0.20939    0.10557 test error:    0.40414    0.10348 
Epoch=  845 train error:    0.20664    0.10626 test error:    0.39721    0.10264 
Epoch=  850 train error:    0.20568    0.10621 test error:    0.40258    0.10196 
Epoch=  855 train error:    0.20302    0.10597 test error:    0.39550    0.10201 
Epoch=  860 train error:    0.20308    0.10589 test error:    0.40790    0.10376 
Epoch=  865 train error:    0.20294    0.10652 test error:    0.40977    0.10438 
Epoch=  870 train error:    0.20328    0.10600 test error:    0.40791    0.10237 
Epoch=  875 train error:    0.20211    0.10569 test error:    0.38885    0.10563 
Epoch=  880 train error:    0.20259    0.10464 test error:    0.39478    0.10346 
Epoch=  885 train error:    0.20064    0.10454 test error:    0.38998    0.10394 
Epoch=  890 train error:    0.20325    0.10471 test error:    0.39075    0.10171 
Epoch=  895 train error:    0.19998    0.10434 test error:    0.38299    0.10281 
Epoch=  900 train error:    0.20029    0.10392 test error:    0.38588    0.10291 
Epoch=  905 train error:    0.19717    0.10377 test error:    0.38596    0.10330 
Epoch=  910 train error:    0.19776    0.10378 test error:    0.39721    0.10239 
Epoch=  915 train error:    0.19948    0.10374 test error:    0.39425    0.10080 
Epoch=  920 train error:    0.19939    0.10358 test error:    0.39088    0.10193 
Epoch=  925 train error:    0.20072    0.10346 test error:    0.39150    0.10225 
Epoch=  930 train error:    0.20151    0.10398 test error:    0.38215    0.10228 
Epoch=  935 train error:    0.19667    0.10433 test error:    0.39122    0.10048 
Epoch=  940 train error:    0.19665    0.10350 test error:    0.38372    0.10143 
Epoch=  945 train error:    0.19882    0.10315 test error:    0.37830    0.10142 
Epoch=  950 train error:    0.19928    0.10342 test error:    0.38586    0.10345 
Epoch=  955 train error:    0.19623    0.10326 test error:    0.37894    0.10144 
Epoch=  960 train error:    0.19484    0.10298 test error:    0.38220    0.10179 
Epoch=  965 train error:    0.19706    0.10352 test error:    0.37365    0.09965 
Epoch=  970 train error:    0.19574    0.10277 test error:    0.38002    0.10151 
Epoch=  975 train error:    0.19661    0.10272 test error:    0.38208    0.10016 
Epoch=  980 train error:    0.19403    0.10207 test error:    0.37997    0.10046 
Epoch=  985 train error:    0.19531    0.10173 test error:    0.37276    0.10168 
Epoch=  990 train error:    0.19245    0.10276 test error:    0.37598    0.10115 
Epoch=  995 train error:    0.19001    0.10212 test error:    0.37892    0.10102 
Epoch= 1000 train error:    0.19515    0.10243 test error:    0.38154    0.10179 
Epoch= 1005 train error:    0.19427    0.10218 test error:    0.38652    0.10139 
Epoch= 1010 train error:    0.19412    0.10216 test error:    0.38514    0.10213 
Epoch= 1015 train error:    0.19287    0.10218 test error:    0.37824    0.10050 
Epoch= 1020 train error:    0.19151    0.10131 test error:    0.37179    0.10061 
Epoch= 1025 train error:    0.19285    0.10161 test error:    0.39328    0.10004 
Epoch= 1030 train error:    0.19105    0.10141 test error:    0.37858    0.10121 
Epoch= 1035 train error:    0.19192    0.10122 test error:    0.37634    0.11387 
Epoch= 1040 train error:    0.19198    0.10072 test error:    0.37154    0.10119 
Epoch= 1045 train error:    0.19176    0.10125 test error:    0.37880    0.10140 
Epoch= 1050 train error:    0.19416    0.10089 test error:    0.37592    0.10467 
Epoch= 1055 train error:    0.19215    0.10068 test error:    0.38256    0.10103 
Epoch= 1060 train error:    0.19369    0.10071 test error:    0.36140    0.10302 
Epoch= 1065 train error:    0.19099    0.10001 test error:    0.37408    0.10818 
Epoch= 1070 train error:    0.28891    0.10433 test error:    0.36633    0.10738 
Epoch= 1075 train error:    0.18966    0.09983 test error:    0.37328    0.10337 
Epoch= 1080 train error:    0.18990    0.10001 test error:    0.37139    0.11192 
Epoch= 1085 train error:    0.18787    0.10056 test error:    0.36926    0.10085 
Epoch= 1090 train error:    0.18968    0.10038 test error:    0.36603    0.12059 
Epoch= 1095 train error:    0.18706    0.10040 test error:    0.36369    0.11315 
Epoch= 1100 train error:    0.19207    0.09990 test error:    0.35808    0.10780 
Epoch= 1105 train error:    0.18934    0.09955 test error:    0.36157    0.10216 
Epoch= 1110 train error:    0.18623    0.09985 test error:    0.36504    0.11131 
Epoch= 1115 train error:    0.18587    0.10010 test error:    0.35957    0.10332 
Epoch= 1120 train error:    0.18637    0.09947 test error:    0.35576    0.10682 
Epoch= 1125 train error:    0.18742    0.10003 test error:    0.35662    0.11795 
Epoch= 1130 train error:    0.18619    0.09926 test error:    0.34824    0.13951 
Epoch= 1135 train error:    0.18561    0.09930 test error:    0.36758    0.17120 
Epoch= 1140 train error:    0.18511    0.09963 test error:    0.35747    0.14266 
Epoch= 1145 train error:    0.18303    0.09946 test error:    0.34223    0.13789 
Epoch= 1150 train error:    0.18802    0.09929 test error:    0.34880    0.13841 
Epoch= 1155 train error:    0.20110    0.10513 test error:    0.35501    0.12915 
Epoch= 1160 train error:    0.18568    0.09892 test error:    0.36374    0.12535 
Epoch= 1165 train error:    0.18465    0.09897 test error:    0.35389    0.10689 
Epoch= 1170 train error:    0.18557    0.09897 test error:    0.34723    0.10423 
Epoch= 1175 train error:    0.18620    0.09916 test error:    0.35081    0.13095 
Epoch= 1180 train error:    0.18387    0.09904 test error:    0.34992    0.11000 
Epoch= 1185 train error:    0.18557    0.09912 test error:    0.34989    0.10549 
Epoch= 1190 train error:    0.18168    0.09873 test error:    0.35710    0.10746 
Epoch= 1195 train error:    0.18538    0.09831 test error:    0.36275    0.11144 
Epoch= 1200 train error:    0.18252    0.09901 test error:    0.35820    0.10291 
Epoch= 1205 train error:    0.18382    0.09881 test error:    0.34601    0.12677 
Epoch= 1210 train error:    0.18204    0.09821 test error:    0.34975    0.10509 
Epoch= 1215 train error:    0.18155    0.09892 test error:    0.35427    0.11664 
Epoch= 1220 train error:    0.18193    0.09894 test error:    0.36130    0.10484 
Epoch= 1225 train error:    0.18489    0.09815 test error:    0.35141    0.11107 
Epoch= 1230 train error:    0.18151    0.09805 test error:    0.36698    0.10157 
Epoch= 1235 train error:    0.18215    0.09766 test error:    0.35589    0.10569 
Epoch= 1240 train error:    0.18232    0.09816 test error:    0.36644    0.10341 
Epoch= 1245 train error:    0.18191    0.09772 test error:    0.35718    0.10067 
Epoch= 1250 train error:    0.18270    0.09790 test error:    0.36650    0.10515 
Epoch= 1255 train error:    0.18257    0.09791 test error:    0.35164    0.10619 
Epoch= 1260 train error:    0.18550    0.09813 test error:    0.35644    0.10154 
Epoch= 1265 train error:    0.18567    0.09818 test error:    0.34893    0.10005 
Epoch= 1270 train error:    0.18258    0.09744 test error:    0.36695    0.10041 
Epoch= 1275 train error:    0.18149    0.09759 test error:    0.37135    0.09909 
Epoch= 1280 train error:    0.18016    0.09759 test error:    0.35806    0.10357 
Epoch= 1285 train error:    0.18015    0.09750 test error:    0.37115    0.09943 
Epoch= 1290 train error:    0.17848    0.09767 test error:    0.36201    0.10037 
Epoch= 1295 train error:    0.17907    0.09759 test error:    0.36717    0.10069 
Epoch= 1300 train error:    0.17878    0.09760 test error:    0.35421    0.10152 
Epoch= 1305 train error:    0.18031    0.09751 test error:    0.35620    0.10260 
Epoch= 1310 train error:    0.17884    0.09781 test error:    0.36090    0.10214 
Epoch= 1315 train error:    0.18202    0.09713 test error:    0.35877    0.10167 
Epoch= 1320 train error:    0.18049    0.09766 test error:    0.35886    0.10059 
Epoch= 1325 train error:    0.17942    0.09769 test error:    0.35294    0.10214 
Epoch= 1330 train error:    0.17903    0.09697 test error:    0.35827    0.10340 
Epoch= 1335 train error:    0.17730    0.09757 test error:    0.34658    0.10425 
Epoch= 1340 train error:    0.17765    0.09746 test error:    0.36075    0.11262 
Epoch= 1345 train error:    0.17926    0.09712 test error:    0.35075    0.11295 
Epoch= 1350 train error:    0.17798    0.09675 test error:    0.34760    0.10449 
Epoch= 1355 train error:    0.17695    0.09663 test error:    0.34591    0.10362 
Epoch= 1360 train error:    0.17942    0.09696 test error:    0.34481    0.10784 
Epoch= 1365 train error:    0.17968    0.09652 test error:    0.35170    0.10240 
Epoch= 1370 train error:    0.17922    0.09652 test error:    0.35051    0.10834 
Epoch= 1375 train error:    0.17742    0.09650 test error:    0.35121    0.10187 
Epoch= 1380 train error:    0.17848    0.09639 test error:    0.35166    0.10411 
Epoch= 1385 train error:    0.17694    0.09685 test error:    0.34733    0.10437 
Epoch= 1390 train error:    0.17801    0.09651 test error:    0.34862    0.10243 
Epoch= 1395 train error:    0.17750    0.09608 test error:    0.35421    0.10260 
Epoch= 1400 train error:    0.17830    0.09633 test error:    0.35785    0.10343 
Epoch= 1405 train error:    0.17555    0.09630 test error:    0.35793    0.10235 
Epoch= 1410 train error:    0.17840    0.09658 test error:    0.34820    0.10406 
Epoch= 1415 train error:    0.17555    0.09610 test error:    0.35208    0.09964 
Epoch= 1420 train error:    0.17728    0.09623 test error:    0.34969    0.10083 
Epoch= 1425 train error:    0.17658    0.09604 test error:    0.37108    0.10098 
Epoch= 1430 train error:    0.17520    0.09566 test error:    0.35591    0.10072 
Epoch= 1435 train error:    0.17756    0.09577 test error:    0.35516    0.10120 
Epoch= 1440 train error:    0.17331    0.09573 test error:    0.35839    0.10021 
Epoch= 1445 train error:    0.17670    0.09576 test error:    0.36304    0.10332 
Epoch= 1450 train error:    0.17486    0.09606 test error:    0.35962    0.10432 
Epoch= 1455 train error:    0.17721    0.09552 test error:    0.34681    0.11218 
Epoch= 1460 train error:    0.17703    0.09579 test error:    0.35897    0.10173 
Epoch= 1465 train error:    0.17576    0.09564 test error:    0.35356    0.10355 
Epoch= 1470 train error:    0.17445    0.09592 test error:    0.35528    0.10406 
Epoch= 1475 train error:    0.17695    0.09565 test error:    0.35954    0.10289 
Epoch= 1480 train error:    0.17342    0.09584 test error:    0.35116    0.10720 
Epoch= 1485 train error:    0.17696    0.09591 test error:    0.35022    0.11132 
Epoch= 1490 train error:    0.17557    0.09524 test error:    0.36373    0.10545 
Epoch= 1495 train error:    0.17645    0.09553 test error:    0.35889    0.10629 
Epoch= 1500 train error:    0.17197    0.09548 test error:    0.35078    0.10131 
Epoch= 1505 train error:    0.17305    0.09539 test error:    0.35923    0.10048 
Epoch= 1510 train error:    0.17477    0.09560 test error:    0.35837    0.10122 
Epoch= 1515 train error:    0.17224    0.09547 test error:    0.35729    0.10129 
Epoch= 1520 train error:    0.17171    0.09560 test error:    0.35954    0.11048 
Epoch= 1525 train error:    0.17375    0.09546 test error:    0.35907    0.10472 
Epoch= 1530 train error:    0.17236    0.09587 test error:    0.36332    0.11072 
Epoch= 1535 train error:    0.17243    0.09630 test error:    0.35036    0.10133 
Epoch= 1540 train error:    0.17258    0.09538 test error:    0.35549    0.10412 
Epoch= 1545 train error:    0.17284    0.09555 test error:    0.36608    0.10440 
Epoch= 1550 train error:    0.17276    0.09495 test error:    0.35677    0.10216 
Epoch= 1555 train error:    0.17252    0.09509 test error:    0.35663    0.10209 
Epoch= 1560 train error:    0.17189    0.09547 test error:    0.35934    0.10291 
Epoch= 1565 train error:    0.17047    0.09530 test error:    0.35454    0.10376 
Epoch= 1570 train error:    0.16975    0.09493 test error:    0.35153    0.10365 
Epoch= 1575 train error:    0.16966    0.09522 test error:    0.35965    0.09993 
Epoch= 1580 train error:    0.17076    0.09557 test error:    0.34914    0.10025 
Epoch= 1585 train error:    0.17025    0.09475 test error:    0.35564    0.09964 
Epoch= 1590 train error:    0.17189    0.09505 test error:    0.35787    0.10187 
Epoch= 1595 train error:    0.17085    0.09502 test error:    0.36094    0.10160 
Epoch= 1600 train error:    0.17075    0.09507 test error:    0.35800    0.10038 
Epoch= 1605 train error:    0.17006    0.09468 test error:    0.36187    0.09985 
Epoch= 1610 train error:    0.17185    0.09457 test error:    0.35342    0.10268 
Epoch= 1615 train error:    0.16989    0.09494 test error:    0.35810    0.10180 
Epoch= 1620 train error:    0.17068    0.09480 test error:    0.34984    0.09987 
Epoch= 1625 train error:    0.17176    0.09467 test error:    0.35161    0.10277 
Epoch= 1630 train error:    0.16985    0.09473 test error:    0.35194    0.10096 
Epoch= 1635 train error:    0.16969    0.09457 test error:    0.35559    0.09988 
Epoch= 1640 train error:    0.17020    0.09465 test error:    0.35041    0.10158 
Epoch= 1645 train error:    0.17138    0.09445 test error:    0.36157    0.09980 
Epoch= 1650 train error:    0.17046    0.09451 test error:    0.36088    0.10208 
Epoch= 1655 train error:    0.17127    0.09420 test error:    0.35105    0.09994 
Epoch= 1660 train error:    0.16959    0.09457 test error:    0.34982    0.10068 
Epoch= 1665 train error:    0.16978    0.09472 test error:    0.34920    0.09878 
Epoch= 1670 train error:    0.16875    0.09461 test error:    0.34764    0.09961 
Epoch= 1675 train error:    0.17058    0.09419 test error:    0.35255    0.10105 
Epoch= 1680 train error:    0.17005    0.09406 test error:    0.35447    0.10003 
Epoch= 1685 train error:    0.17007    0.09427 test error:    0.34637    0.10288 
Epoch= 1690 train error:    0.16659    0.09442 test error:    0.34826    0.10316 
Epoch= 1695 train error:    0.16959    0.09423 test error:    0.36414    0.09893 
Epoch= 1700 train error:    0.17136    0.09446 test error:    0.34866    0.09931 
Epoch= 1705 train error:    0.16850    0.09439 test error:    0.36691    0.09920 
Epoch= 1710 train error:    0.16800    0.09433 test error:    0.36098    0.10005 
Epoch= 1715 train error:    0.16722    0.09414 test error:    0.36265    0.10087 
Epoch= 1720 train error:    0.16740    0.09399 test error:    0.36220    0.09908 
Epoch= 1725 train error:    0.16708    0.09392 test error:    0.36522    0.09993 
Epoch= 1730 train error:    0.16510    0.09390 test error:    0.36440    0.09924 
Epoch= 1735 train error:    0.16652    0.09424 test error:    0.35887    0.09865 
Epoch= 1740 train error:    0.16704    0.09351 test error:    0.36496    0.09944 
Epoch= 1745 train error:    0.16869    0.09354 test error:    0.35648    0.09992 
Epoch= 1750 train error:    0.16762    0.09363 test error:    0.36012    0.09967 
Epoch= 1755 train error:    0.16681    0.09364 test error:    0.36718    0.09912 
Epoch= 1760 train error:    0.16639    0.09363 test error:    0.36461    0.10141 
Epoch= 1765 train error:    0.16865    0.09350 test error:    0.35347    0.09926 
Epoch= 1770 train error:    0.16585    0.09349 test error:    0.35463    0.09921 
Epoch= 1775 train error:    0.16741    0.09391 test error:    0.35578    0.09967 
Epoch= 1780 train error:    0.16775    0.09360 test error:    0.36117    0.09973 
Epoch= 1785 train error:    0.16460    0.09422 test error:    0.35337    0.09898 
Epoch= 1790 train error:    0.16654    0.09368 test error:    0.35445    0.09837 
Epoch= 1795 train error:    0.16449    0.09345 test error:    0.34698    0.09932 
Epoch= 1800 train error:    0.16621    0.09404 test error:    0.36312    0.09796 
Epoch= 1805 train error:    0.16698    0.09322 test error:    0.36209    0.09793 
Epoch= 1810 train error:    0.16749    0.09311 test error:    0.36337    0.09921 
Epoch= 1815 train error:    0.16596    0.09321 test error:    0.36303    0.09910 
Epoch= 1820 train error:    0.16547    0.09382 test error:    0.35927    0.09943 
Epoch= 1825 train error:    0.16354    0.09348 test error:    0.35975    0.09935 
Epoch= 1830 train error:    0.16487    0.09318 test error:    0.35447    0.09959 
Epoch= 1835 train error:    0.16377    0.09296 test error:    0.35905    0.09915 
Epoch= 1840 train error:    0.16691    0.09305 test error:    0.36421    0.09995 
Epoch= 1845 train error:    0.16387    0.09336 test error:    0.36546    0.09975 
Epoch= 1850 train error:    0.16608    0.09312 test error:    0.36494    0.09964 
Epoch= 1855 train error:    0.16482    0.09311 test error:    0.35887    0.09969 
Epoch= 1860 train error:    0.16248    0.09314 test error:    0.35911    0.09895 
Epoch= 1865 train error:    0.16507    0.09312 test error:    0.36201    0.09938 
Epoch= 1870 train error:    0.16260    0.09311 test error:    0.35865    0.09872 
Epoch= 1875 train error:    0.16403    0.09299 test error:    0.35443    0.09796 
Epoch= 1880 train error:    0.16369    0.09283 test error:    0.35544    0.09926 
Epoch= 1885 train error:    0.16286    0.09293 test error:    0.36863    0.09941 
Epoch= 1890 train error:    0.16383    0.09289 test error:    0.36363    0.09765 
Epoch= 1895 train error:    0.16340    0.09338 test error:    0.35749    0.09784 
Epoch= 1900 train error:    0.16428    0.09313 test error:    0.35778    0.09845 
Epoch= 1905 train error:    0.16453    0.09254 test error:    0.36088    0.09793 
Epoch= 1910 train error:    0.16412    0.09322 test error:    0.36711    0.09840 
Epoch= 1915 train error:    0.16444    0.09253 test error:    0.36301    0.09882 
Epoch= 1920 train error:    0.16237    0.09289 test error:    0.35933    0.09790 
Epoch= 1925 train error:    0.16415    0.09358 test error:    0.36317    0.09837 
Epoch= 1930 train error:    0.16088    0.09318 test error:    0.35694    0.09750 
Epoch= 1935 train error:    0.16415    0.09339 test error:    0.36657    0.09957 
Epoch= 1940 train error:    0.16161    0.09300 test error:    0.36575    0.09874 
Epoch= 1945 train error:    0.16190    0.09266 test error:    0.36710    0.09798 
Epoch= 1950 train error:    0.16166    0.09313 test error:    0.36422    0.09860 
Epoch= 1955 train error:    0.16207    0.09278 test error:    0.35715    0.09749 
Epoch= 1960 train error:    0.16074    0.09270 test error:    0.35512    0.09819 
Epoch= 1965 train error:    0.16091    0.09276 test error:    0.36719    0.09842 
Epoch= 1970 train error:    0.16094    0.09250 test error:    0.35350    0.09894 
