REANN Package used for fitting energy and tensorial Property
2025-09-20-01_06_34 
Epoch=    0 learning rate   1.000000e-03  train error:   16.47055    0.67273 test error:   44.55904    0.50110 
Epoch=    1 learning rate   1.000000e-03  train error:   26.35286    0.53130 test error:   17.97025    0.50363 
Epoch=    2 learning rate   1.000000e-03  train error:   14.64605    0.51418 test error:    4.45266    0.55180 
Epoch=    3 learning rate   1.000000e-03  train error:    7.50974    0.51217 test error:    3.11910    0.48165 
Epoch=    4 learning rate   1.000000e-03  train error:    5.94348    0.49643 test error:    3.74820    0.41624 
Epoch=    5 learning rate   1.000000e-03  train error:    1.78727    0.33725 test error:    0.41095    0.24125 
Epoch=    6 learning rate   1.000000e-03  train error:    0.29843    0.21742 test error:    0.24904    0.17835 
Epoch=    7 learning rate   1.000000e-03  train error:    0.20777    0.16571 test error:    0.15003    0.13622 
Epoch=    8 learning rate   1.000000e-03  train error:    0.15017    0.12958 test error:    0.13727    0.11100 
Epoch=    9 learning rate   1.000000e-03  train error:    0.11703    0.10805 test error:    0.08963    0.09563 
Epoch=   10 learning rate   1.000000e-03  train error:    0.09402    0.09509 test error:    0.09308    0.08170 
Epoch=   11 learning rate   1.000000e-03  train error:    0.08389    0.08321 test error:    0.08715    0.07342 
Epoch=   12 learning rate   1.000000e-03  train error:    0.07994    0.07463 test error:    0.07186    0.06497 
Epoch=   13 learning rate   1.000000e-03  train error:    0.07226    0.06815 test error:    0.07144    0.05864 
Epoch=   14 learning rate   1.000000e-03  train error:    0.06755    0.06155 test error:    0.07218    0.05629 
Epoch=   15 learning rate   1.000000e-03  train error:    0.06737    0.05811 test error:    0.08282    0.05222 
Epoch=   16 learning rate   1.000000e-03  train error:    0.06277    0.05620 test error:    0.06123    0.05081 
Epoch=   17 learning rate   1.000000e-03  train error:    0.06172    0.05316 test error:    0.10762    0.04964 
Epoch=   18 learning rate   1.000000e-03  train error:    0.05605    0.05071 test error:    0.05204    0.04701 
Epoch=   19 learning rate   1.000000e-03  train error:    0.05440    0.04901 test error:    0.05174    0.04684 
Epoch=   20 learning rate   1.000000e-03  train error:    0.05368    0.04721 test error:    0.04858    0.04535 
Epoch=   21 learning rate   1.000000e-03  train error:    0.05152    0.04528 test error:    0.05562    0.04336 
Epoch=   22 learning rate   1.000000e-03  train error:    0.05042    0.04384 test error:    0.06190    0.04268 
Epoch=   23 learning rate   1.000000e-03  train error:    0.04674    0.04201 test error:    0.04739    0.04030 
Epoch=   24 learning rate   1.000000e-03  train error:    0.04704    0.04100 test error:    0.05991    0.04135 
Epoch=   25 learning rate   1.000000e-03  train error:    0.04684    0.04052 test error:    0.04410    0.04196 
Epoch=   26 learning rate   1.000000e-03  train error:    0.04349    0.03961 test error:    0.04411    0.03950 
Epoch=   27 learning rate   1.000000e-03  train error:    0.04460    0.03899 test error:    0.03946    0.03838 
Epoch=   28 learning rate   1.000000e-03  train error:    0.04484    0.03799 test error:    0.03956    0.03742 
Epoch=   29 learning rate   1.000000e-03  train error:    0.04293    0.03674 test error:    0.04443    0.03740 
Epoch=   30 learning rate   1.000000e-03  train error:    0.04357    0.03591 test error:    0.03888    0.03637 
Epoch=   31 learning rate   1.000000e-03  train error:    0.04084    0.03556 test error:    0.03667    0.03490 
Epoch=   32 learning rate   1.000000e-03  train error:    0.04005    0.03490 test error:    0.03883    0.03541 
Epoch=   33 learning rate   1.000000e-03  train error:    0.04077    0.03422 test error:    0.03473    0.03431 
Epoch=   34 learning rate   1.000000e-03  train error:    0.03747    0.03363 test error:    0.03590    0.03375 
Epoch=   35 learning rate   1.000000e-03  train error:    0.03761    0.03279 test error:    0.04025    0.03357 
Epoch=   36 learning rate   1.000000e-03  train error:    0.03671    0.03207 test error:    0.03332    0.03287 
Epoch=   37 learning rate   1.000000e-03  train error:    0.03604    0.03192 test error:    0.04826    0.03193 
Epoch=   38 learning rate   1.000000e-03  train error:    0.03477    0.03128 test error:    0.03106    0.03151 
Epoch=   39 learning rate   1.000000e-03  train error:    0.03419    0.03070 test error:    0.03987    0.03124 
Epoch=   40 learning rate   1.000000e-03  train error:    0.03521    0.03039 test error:    0.03130    0.03095 
Epoch=   41 learning rate   1.000000e-03  train error:    0.03473    0.02999 test error:    0.03597    0.03100 
Epoch=   42 learning rate   1.000000e-03  train error:    0.03348    0.02973 test error:    0.03878    0.03115 
Epoch=   43 learning rate   1.000000e-03  train error:    0.03317    0.02906 test error:    0.03206    0.02943 
Epoch=   44 learning rate   1.000000e-03  train error:    0.03290    0.02895 test error:    0.02923    0.03058 
Epoch=   45 learning rate   1.000000e-03  train error:    0.03308    0.02875 test error:    0.03022    0.03047 
Epoch=   46 learning rate   1.000000e-03  train error:    0.03228    0.02810 test error:    0.03167    0.02884 
Epoch=   47 learning rate   1.000000e-03  train error:    0.03070    0.02792 test error:    0.02968    0.02912 
Epoch=   48 learning rate   1.000000e-03  train error:    0.03233    0.02766 test error:    0.02741    0.02864 
Epoch=   49 learning rate   1.000000e-03  train error:    0.02938    0.02719 test error:    0.03095    0.02833 
Epoch=   50 learning rate   1.000000e-03  train error:    0.02978    0.02718 test error:    0.02970    0.02835 
Epoch=   51 learning rate   1.000000e-03  train error:    0.02997    0.02695 test error:    0.02959    0.02780 
Epoch=   52 learning rate   1.000000e-03  train error:    0.02876    0.02644 test error:    0.02981    0.02763 
Epoch=   53 learning rate   1.000000e-03  train error:    0.02841    0.02638 test error:    0.02726    0.02723 
Epoch=   54 learning rate   1.000000e-03  train error:    0.02798    0.02600 test error:    0.02602    0.02681 
Epoch=   55 learning rate   1.000000e-03  train error:    0.02786    0.02571 test error:    0.03028    0.02698 
Epoch=   56 learning rate   1.000000e-03  train error:    0.02662    0.02562 test error:    0.02684    0.02716 
Epoch=   57 learning rate   1.000000e-03  train error:    0.02671    0.02528 test error:    0.02371    0.02656 
Epoch=   58 learning rate   1.000000e-03  train error:    0.02441    0.02501 test error:    0.02315    0.02658 
Epoch=   59 learning rate   1.000000e-03  train error:    0.02567    0.02467 test error:    0.02325    0.02607 
Epoch=   60 learning rate   1.000000e-03  train error:    0.02470    0.02474 test error:    0.02299    0.02561 
Epoch=   61 learning rate   1.000000e-03  train error:    0.02523    0.02443 test error:    0.02348    0.02562 
Epoch=   62 learning rate   1.000000e-03  train error:    0.02554    0.02435 test error:    0.02471    0.02592 
Epoch=   63 learning rate   1.000000e-03  train error:    0.02407    0.02405 test error:    0.02324    0.02533 
Epoch=   64 learning rate   1.000000e-03  train error:    0.02382    0.02395 test error:    0.02314    0.02537 
Epoch=   65 learning rate   1.000000e-03  train error:    0.02368    0.02382 test error:    0.02574    0.02504 
Epoch=   66 learning rate   1.000000e-03  train error:    0.02367    0.02376 test error:    0.02115    0.02483 
Epoch=   67 learning rate   1.000000e-03  train error:    0.02308    0.02377 test error:    0.02352    0.02503 
Epoch=   68 learning rate   1.000000e-03  train error:    0.02337    0.02353 test error:    0.02227    0.02475 
Epoch=   69 learning rate   1.000000e-03  train error:    0.02289    0.02325 test error:    0.02202    0.02449 
Epoch=   70 learning rate   1.000000e-03  train error:    0.02341    0.02300 test error:    0.02093    0.02413 
Epoch=   71 learning rate   1.000000e-03  train error:    0.02208    0.02283 test error:    0.02286    0.02429 
Epoch=   72 learning rate   1.000000e-03  train error:    0.02228    0.02287 test error:    0.02286    0.02420 
Epoch=   73 learning rate   1.000000e-03  train error:    0.02193    0.02269 test error:    0.02306    0.02404 
Epoch=   74 learning rate   1.000000e-03  train error:    0.02163    0.02253 test error:    0.02034    0.02369 
Epoch=   75 learning rate   1.000000e-03  train error:    0.02246    0.02237 test error:    0.02258    0.02344 
Epoch=   76 learning rate   1.000000e-03  train error:    0.02172    0.02227 test error:    0.02038    0.02391 
Epoch=   77 learning rate   1.000000e-03  train error:    0.02160    0.02221 test error:    0.02151    0.02366 
Epoch=   78 learning rate   1.000000e-03  train error:    0.02071    0.02188 test error:    0.01979    0.02290 
Epoch=   79 learning rate   1.000000e-03  train error:    0.02087    0.02186 test error:    0.01971    0.02302 
Epoch=   80 learning rate   1.000000e-03  train error:    0.02083    0.02181 test error:    0.01989    0.02292 
Epoch=   81 learning rate   1.000000e-03  train error:    0.02014    0.02149 test error:    0.01993    0.02263 
Epoch=   82 learning rate   1.000000e-03  train error:    0.02049    0.02146 test error:    0.01947    0.02252 
Epoch=   83 learning rate   1.000000e-03  train error:    0.02006    0.02139 test error:    0.02458    0.02231 
Epoch=   84 learning rate   1.000000e-03  train error:    0.01995    0.02132 test error:    0.01843    0.02228 
Epoch=   85 learning rate   1.000000e-03  train error:    0.01952    0.02110 test error:    0.01888    0.02260 
Epoch=   86 learning rate   1.000000e-03  train error:    0.01961    0.02104 test error:    0.01969    0.02215 
Epoch=   87 learning rate   1.000000e-03  train error:    0.01985    0.02086 test error:    0.01808    0.02193 
Epoch=   88 learning rate   1.000000e-03  train error:    0.01917    0.02090 test error:    0.01802    0.02171 
Epoch=   89 learning rate   1.000000e-03  train error:    0.01882    0.02072 test error:    0.01977    0.02158 
Epoch=   90 learning rate   1.000000e-03  train error:    0.01943    0.02077 test error:    0.01824    0.02168 
Epoch=   91 learning rate   1.000000e-03  train error:    0.01882    0.02073 test error:    0.01719    0.02180 
Epoch=   92 learning rate   1.000000e-03  train error:    0.01925    0.02060 test error:    0.02164    0.02160 
Epoch=   93 learning rate   1.000000e-03  train error:    0.01894    0.02048 test error:    0.02095    0.02136 
Epoch=   94 learning rate   1.000000e-03  train error:    0.01888    0.02038 test error:    0.01998    0.02141 
Epoch=   95 learning rate   1.000000e-03  train error:    0.01855    0.02019 test error:    0.01850    0.02146 
Epoch=   96 learning rate   1.000000e-03  train error:    0.01798    0.02013 test error:    0.01670    0.02096 
Epoch=   97 learning rate   1.000000e-03  train error:    0.01833    0.02009 test error:    0.01748    0.02090 
Epoch=   98 learning rate   1.000000e-03  train error:    0.01832    0.01996 test error:    0.01932    0.02104 
Epoch=   99 learning rate   1.000000e-03  train error:    0.01799    0.01998 test error:    0.01826    0.02094 
Epoch=  100 learning rate   1.000000e-03  train error:    0.01788    0.01985 test error:    0.01622    0.02055 
Epoch=  101 learning rate   1.000000e-03  train error:    0.01778    0.01978 test error:    0.01731    0.02055 
Epoch=  102 learning rate   1.000000e-03  train error:    0.01767    0.01976 test error:    0.01877    0.02108 
Epoch=  103 learning rate   1.000000e-03  train error:    0.01785    0.01973 test error:    0.01784    0.02071 
Epoch=  104 learning rate   1.000000e-03  train error:    0.01787    0.01958 test error:    0.01763    0.02076 
Epoch=  105 learning rate   1.000000e-03  train error:    0.01739    0.01947 test error:    0.01890    0.02058 
Epoch=  106 learning rate   1.000000e-03  train error:    0.01755    0.01943 test error:    0.01809    0.02031 
Epoch=  107 learning rate   1.000000e-03  train error:    0.01702    0.01926 test error:    0.01615    0.02008 
Epoch=  108 learning rate   1.000000e-03  train error:    0.01695    0.01923 test error:    0.01636    0.02000 
Epoch=  109 learning rate   1.000000e-03  train error:    0.01707    0.01923 test error:    0.01643    0.01993 
Epoch=  110 learning rate   1.000000e-03  train error:    0.01689    0.01913 test error:    0.01662    0.01989 
Epoch=  111 learning rate   1.000000e-03  train error:    0.01691    0.01913 test error:    0.01528    0.02000 
Epoch=  112 learning rate   1.000000e-03  train error:    0.01664    0.01899 test error:    0.01668    0.02019 
Epoch=  113 learning rate   1.000000e-03  train error:    0.01654    0.01886 test error:    0.01630    0.02001 
Epoch=  114 learning rate   1.000000e-03  train error:    0.01700    0.01888 test error:    0.01599    0.01961 
Epoch=  115 learning rate   1.000000e-03  train error:    0.01666    0.01877 test error:    0.01479    0.01965 
Epoch=  116 learning rate   1.000000e-03  train error:    0.01663    0.01869 test error:    0.01787    0.01959 
Epoch=  117 learning rate   1.000000e-03  train error:    0.01659    0.01862 test error:    0.01612    0.01939 
Epoch=  118 learning rate   1.000000e-03  train error:    0.01669    0.01861 test error:    0.01764    0.01958 
Epoch=  119 learning rate   1.000000e-03  train error:    0.01646    0.01855 test error:    0.01539    0.01944 
Epoch=  120 learning rate   1.000000e-03  train error:    0.01622    0.01849 test error:    0.01558    0.01939 
Epoch=  121 learning rate   1.000000e-03  train error:    0.01642    0.01839 test error:    0.01626    0.01922 
Epoch=  122 learning rate   1.000000e-03  train error:    0.01591    0.01823 test error:    0.01519    0.01896 
Epoch=  123 learning rate   1.000000e-03  train error:    0.01621    0.01824 test error:    0.01561    0.01947 
Epoch=  124 learning rate   1.000000e-03  train error:    0.01616    0.01819 test error:    0.01605    0.01912 
Epoch=  125 learning rate   1.000000e-03  train error:    0.01624    0.01816 test error:    0.01554    0.01926 
Epoch=  126 learning rate   1.000000e-03  train error:    0.01604    0.01811 test error:    0.01546    0.01924 
Epoch=  127 learning rate   1.000000e-03  train error:    0.01591    0.01808 test error:    0.01606    0.01923 
Epoch=  128 learning rate   1.000000e-03  train error:    0.01571    0.01802 test error:    0.01503    0.01912 
Epoch=  129 learning rate   1.000000e-03  train error:    0.01563    0.01788 test error:    0.01585    0.01901 
Epoch=  130 learning rate   1.000000e-03  train error:    0.01559    0.01788 test error:    0.01526    0.01886 
Epoch=  131 learning rate   1.000000e-03  train error:    0.01537    0.01782 test error:    0.01505    0.01880 
Epoch=  132 learning rate   1.000000e-03  train error:    0.01546    0.01779 test error:    0.01532    0.01874 
Epoch=  133 learning rate   1.000000e-03  train error:    0.01569    0.01775 test error:    0.01506    0.01876 
Epoch=  134 learning rate   1.000000e-03  train error:    0.01544    0.01760 test error:    0.01528    0.01876 
Epoch=  135 learning rate   1.000000e-03  train error:    0.01530    0.01760 test error:    0.01543    0.01870 
Epoch=  136 learning rate   1.000000e-03  train error:    0.01530    0.01760 test error:    0.01437    0.01846 
Epoch=  137 learning rate   1.000000e-03  train error:    0.01536    0.01752 test error:    0.01526    0.01869 
Epoch=  138 learning rate   1.000000e-03  train error:    0.01495    0.01751 test error:    0.01445    0.01854 
Epoch=  139 learning rate   1.000000e-03  train error:    0.01502    0.01739 test error:    0.01609    0.01840 
Epoch=  140 learning rate   1.000000e-03  train error:    0.01515    0.01735 test error:    0.01438    0.01854 
Epoch=  141 learning rate   1.000000e-03  train error:    0.01508    0.01729 test error:    0.01502    0.01839 
Epoch=  142 learning rate   1.000000e-03  train error:    0.01498    0.01732 test error:    0.01475    0.01828 
Epoch=  143 learning rate   1.000000e-03  train error:    0.01495    0.01726 test error:    0.01458    0.01841 
Epoch=  144 learning rate   1.000000e-03  train error:    0.01473    0.01719 test error:    0.01452    0.01832 
Epoch=  145 learning rate   1.000000e-03  train error:    0.01481    0.01718 test error:    0.01418    0.01824 
Epoch=  146 learning rate   1.000000e-03  train error:    0.01447    0.01702 test error:    0.01390    0.01807 
Epoch=  147 learning rate   1.000000e-03  train error:    0.01472    0.01701 test error:    0.01507    0.01820 
Epoch=  148 learning rate   1.000000e-03  train error:    0.01446    0.01702 test error:    0.01495    0.01822 
Epoch=  149 learning rate   1.000000e-03  train error:    0.01462    0.01698 test error:    0.01371    0.01789 
Epoch=  150 learning rate   1.000000e-03  train error:    0.01427    0.01691 test error:    0.01438    0.01795 
Epoch=  151 learning rate   1.000000e-03  train error:    0.01439    0.01682 test error:    0.01391    0.01787 
Epoch=  152 learning rate   1.000000e-03  train error:    0.01426    0.01681 test error:    0.01341    0.01796 
Epoch=  153 learning rate   1.000000e-03  train error:    0.01418    0.01682 test error:    0.01339    0.01771 
Epoch=  154 learning rate   1.000000e-03  train error:    0.01394    0.01678 test error:    0.01404    0.01792 
Epoch=  155 learning rate   1.000000e-03  train error:    0.01427    0.01677 test error:    0.01435    0.01802 
Epoch=  156 learning rate   1.000000e-03  train error:    0.01381    0.01669 test error:    0.01362    0.01768 
Epoch=  157 learning rate   1.000000e-03  train error:    0.01398    0.01667 test error:    0.01359    0.01763 
Epoch=  158 learning rate   1.000000e-03  train error:    0.01399    0.01658 test error:    0.01404    0.01762 
Epoch=  159 learning rate   1.000000e-03  train error:    0.01397    0.01657 test error:    0.01393    0.01759 
Epoch=  160 learning rate   1.000000e-03  train error:    0.01392    0.01657 test error:    0.01509    0.01766 
Epoch=  161 learning rate   1.000000e-03  train error:    0.01388    0.01655 test error:    0.01402    0.01783 
Epoch=  162 learning rate   1.000000e-03  train error:    0.01409    0.01651 test error:    0.01414    0.01750 
Epoch=  163 learning rate   1.000000e-03  train error:    0.01421    0.01649 test error:    0.01358    0.01770 
Epoch=  164 learning rate   1.000000e-03  train error:    0.01363    0.01642 test error:    0.01337    0.01755 
Epoch=  165 learning rate   1.000000e-03  train error:    0.01357    0.01630 test error:    0.01415    0.01737 
Epoch=  166 learning rate   1.000000e-03  train error:    0.01349    0.01631 test error:    0.01417    0.01747 
Epoch=  167 learning rate   1.000000e-03  train error:    0.01353    0.01624 test error:    0.01354    0.01725 
Epoch=  168 learning rate   1.000000e-03  train error:    0.01334    0.01623 test error:    0.01313    0.01731 
Epoch=  169 learning rate   1.000000e-03  train error:    0.01349    0.01625 test error:    0.01354    0.01737 
Epoch=  170 learning rate   1.000000e-03  train error:    0.01329    0.01619 test error:    0.01358    0.01744 
Epoch=  171 learning rate   1.000000e-03  train error:    0.01360    0.01619 test error:    0.01357    0.01743 
Epoch=  172 learning rate   1.000000e-03  train error:    0.01309    0.01613 test error:    0.01334    0.01731 
Epoch=  173 learning rate   1.000000e-03  train error:    0.01337    0.01610 test error:    0.01390    0.01735 
Epoch=  174 learning rate   1.000000e-03  train error:    0.01337    0.01607 test error:    0.01393    0.01717 
Epoch=  175 learning rate   1.000000e-03  train error:    0.01306    0.01601 test error:    0.01364    0.01743 
Epoch=  176 learning rate   1.000000e-03  train error:    0.01308    0.01598 test error:    0.01256    0.01714 
Epoch=  177 learning rate   1.000000e-03  train error:    0.01307    0.01598 test error:    0.01309    0.01705 
Epoch=  178 learning rate   1.000000e-03  train error:    0.01339    0.01600 test error:    0.01412    0.01705 
Epoch=  179 learning rate   1.000000e-03  train error:    0.01306    0.01589 test error:    0.01350    0.01697 
Epoch=  180 learning rate   1.000000e-03  train error:    0.01315    0.01588 test error:    0.01391    0.01706 
Epoch=  181 learning rate   1.000000e-03  train error:    0.01282    0.01579 test error:    0.01328    0.01713 
Epoch=  182 learning rate   1.000000e-03  train error:    0.01314    0.01583 test error:    0.01327    0.01704 
Epoch=  183 learning rate   1.000000e-03  train error:    0.01301    0.01580 test error:    0.01299    0.01695 
Epoch=  184 learning rate   1.000000e-03  train error:    0.01295    0.01573 test error:    0.01349    0.01699 
Epoch=  185 learning rate   1.000000e-03  train error:    0.01289    0.01571 test error:    0.01366    0.01701 
Epoch=  186 learning rate   1.000000e-03  train error:    0.01303    0.01564 test error:    0.01378    0.01676 
Epoch=  187 learning rate   1.000000e-03  train error:    0.01291    0.01561 test error:    0.01469    0.01705 
Epoch=  188 learning rate   1.000000e-03  train error:    0.01282    0.01563 test error:    0.01297    0.01688 
Epoch=  189 learning rate   1.000000e-03  train error:    0.01275    0.01566 test error:    0.01319    0.01688 
Epoch=  190 learning rate   1.000000e-03  train error:    0.01276    0.01564 test error:    0.01408    0.01706 
Epoch=  191 learning rate   1.000000e-03  train error:    0.01258    0.01558 test error:    0.01311    0.01684 
Epoch=  192 learning rate   1.000000e-03  train error:    0.01266    0.01552 test error:    0.01388    0.01716 
Epoch=  193 learning rate   1.000000e-03  train error:    0.01273    0.01553 test error:    0.01338    0.01681 
Epoch=  194 learning rate   1.000000e-03  train error:    0.01245    0.01549 test error:    0.01299    0.01682 
Epoch=  195 learning rate   1.000000e-03  train error:    0.01265    0.01551 test error:    0.01454    0.01715 
Epoch=  196 learning rate   1.000000e-03  train error:    0.01262    0.01543 test error:    0.01312    0.01672 
Epoch=  197 learning rate   1.000000e-03  train error:    0.01232    0.01540 test error:    0.01267    0.01666 
Epoch=  198 learning rate   1.000000e-03  train error:    0.01218    0.01536 test error:    0.01339    0.01668 
Epoch=  199 learning rate   1.000000e-03  train error:    0.01242    0.01534 test error:    0.01304    0.01683 
Epoch=  200 learning rate   1.000000e-03  train error:    0.01222    0.01533 test error:    0.01302    0.01665 
Epoch=  201 learning rate   1.000000e-03  train error:    0.01242    0.01532 test error:    0.01377    0.01663 
Epoch=  202 learning rate   1.000000e-03  train error:    0.01233    0.01529 test error:    0.01270    0.01673 
Epoch=  203 learning rate   1.000000e-03  train error:    0.01210    0.01527 test error:    0.01353    0.01665 
Epoch=  204 learning rate   1.000000e-03  train error:    0.01224    0.01532 test error:    0.01276    0.01680 
Epoch=  205 learning rate   1.000000e-03  train error:    0.01208    0.01524 test error:    0.01329    0.01679 
Epoch=  206 learning rate   1.000000e-03  train error:    0.01212    0.01522 test error:    0.01220    0.01655 
Epoch=  207 learning rate   1.000000e-03  train error:    0.01217    0.01519 test error:    0.01336    0.01669 
Epoch=  208 learning rate   1.000000e-03  train error:    0.01199    0.01517 test error:    0.01307    0.01665 
Epoch=  209 learning rate   1.000000e-03  train error:    0.01227    0.01511 test error:    0.01277    0.01644 
Epoch=  210 learning rate   1.000000e-03  train error:    0.01205    0.01514 test error:    0.01225    0.01640 
Epoch=  211 learning rate   1.000000e-03  train error:    0.01192    0.01513 test error:    0.01280    0.01656 
Epoch=  212 learning rate   1.000000e-03  train error:    0.01205    0.01510 test error:    0.01298    0.01656 
Epoch=  213 learning rate   1.000000e-03  train error:    0.01187    0.01511 test error:    0.01277    0.01659 
Epoch=  214 learning rate   1.000000e-03  train error:    0.01196    0.01504 test error:    0.01295    0.01652 
Epoch=  215 learning rate   1.000000e-03  train error:    0.01201    0.01509 test error:    0.01310    0.01659 
Epoch=  216 learning rate   1.000000e-03  train error:    0.01191    0.01504 test error:    0.01241    0.01639 
Epoch=  217 learning rate   1.000000e-03  train error:    0.01182    0.01502 test error:    0.01258    0.01652 
Epoch=  218 learning rate   1.000000e-03  train error:    0.01176    0.01505 test error:    0.01269    0.01648 
Epoch=  219 learning rate   1.000000e-03  train error:    0.01162    0.01501 test error:    0.01231    0.01643 
Epoch=  220 learning rate   1.000000e-03  train error:    0.01173    0.01495 test error:    0.01261    0.01652 
Epoch=  221 learning rate   1.000000e-03  train error:    0.01170    0.01491 test error:    0.01238    0.01635 
Epoch=  222 learning rate   1.000000e-03  train error:    0.01170    0.01494 test error:    0.01222    0.01614 
Epoch=  223 learning rate   1.000000e-03  train error:    0.01146    0.01494 test error:    0.01283    0.01637 
Epoch=  224 learning rate   1.000000e-03  train error:    0.01161    0.01494 test error:    0.01216    0.01641 
Epoch=  225 learning rate   1.000000e-03  train error:    0.01165    0.01492 test error:    0.01242    0.01650 
Epoch=  226 learning rate   1.000000e-03  train error:    0.01170    0.01489 test error:    0.01281    0.01640 
Epoch=  227 learning rate   1.000000e-03  train error:    0.01125    0.01487 test error:    0.01204    0.01635 
Epoch=  228 learning rate   1.000000e-03  train error:    0.01152    0.01489 test error:    0.01187    0.01645 
Epoch=  229 learning rate   1.000000e-03  train error:    0.01134    0.01486 test error:    0.01203    0.01624 
Epoch=  230 learning rate   1.000000e-03  train error:    0.01145    0.01485 test error:    0.01150    0.01622 
Epoch=  231 learning rate   1.000000e-03  train error:    0.01120    0.01484 test error:    0.01191    0.01659 
Epoch=  232 learning rate   1.000000e-03  train error:    0.01123    0.01488 test error:    0.01180    0.01651 
Epoch=  233 learning rate   1.000000e-03  train error:    0.01127    0.01483 test error:    0.01264    0.01665 
Epoch=  234 learning rate   1.000000e-03  train error:    0.01143    0.01489 test error:    0.01222    0.01645 
Epoch=  235 learning rate   1.000000e-03  train error:    0.01118    0.01487 test error:    0.01248    0.01654 
Epoch=  236 learning rate   1.000000e-03  train error:    0.01144    0.01497 test error:    0.01147    0.01662 
Epoch=  237 learning rate   1.000000e-03  train error:    0.01126    0.01499 test error:    0.01179    0.01676 
Epoch=  238 learning rate   1.000000e-03  train error:    0.01145    0.01506 test error:    0.01205    0.01673 
Epoch=  239 learning rate   1.000000e-03  train error:    0.01156    0.01525 test error:    0.01265    0.01702 
Epoch=  240 learning rate   1.000000e-03  train error:    0.01178    0.01547 test error:    0.01266    0.01753 
Epoch=  241 learning rate   1.000000e-03  train error:    0.01464    0.01699 test error:    0.01244    0.01724 
Epoch=  242 learning rate   1.000000e-03  train error:    0.01184    0.01526 test error:    0.01202    0.01648 
Epoch=  243 learning rate   1.000000e-03  train error:    0.01141    0.01481 test error:    0.01137    0.01640 
Epoch=  244 learning rate   1.000000e-03  train error:    0.01134    0.01475 test error:    0.01210    0.01623 
Epoch=  245 learning rate   1.000000e-03  train error:    0.01126    0.01470 test error:    0.01279    0.01616 
Epoch=  246 learning rate   1.000000e-03  train error:    0.01125    0.01466 test error:    0.01200    0.01603 
Epoch=  247 learning rate   1.000000e-03  train error:    0.01111    0.01452 test error:    0.01286    0.01611 
Epoch=  248 learning rate   1.000000e-03  train error:    0.01109    0.01454 test error:    0.01191    0.01610 
Epoch=  249 learning rate   1.000000e-03  train error:    0.01101    0.01452 test error:    0.01106    0.01601 
Epoch=  250 learning rate   1.000000e-03  train error:    0.01099    0.01446 test error:    0.01206    0.01595 
Epoch=  251 learning rate   1.000000e-03  train error:    0.01102    0.01444 test error:    0.01186    0.01592 
Epoch=  252 learning rate   1.000000e-03  train error:    0.01098    0.01441 test error:    0.01208    0.01593 
Epoch=  253 learning rate   1.000000e-03  train error:    0.01121    0.01439 test error:    0.01180    0.01590 
Epoch=  254 learning rate   1.000000e-03  train error:    0.01094    0.01435 test error:    0.01139    0.01593 
Epoch=  255 learning rate   1.000000e-03  train error:    0.01090    0.01436 test error:    0.01085    0.01596 
Epoch=  256 learning rate   1.000000e-03  train error:    0.01097    0.01431 test error:    0.01179    0.01591 
Epoch=  257 learning rate   1.000000e-03  train error:    0.01090    0.01429 test error:    0.01192    0.01609 
Epoch=  258 learning rate   1.000000e-03  train error:    0.01094    0.01429 test error:    0.01147    0.01595 
Epoch=  259 learning rate   1.000000e-03  train error:    0.01082    0.01424 test error:    0.01109    0.01579 
Epoch=  260 learning rate   1.000000e-03  train error:    0.01083    0.01422 test error:    0.01152    0.01579 
Epoch=  261 learning rate   1.000000e-03  train error:    0.01066    0.01424 test error:    0.01115    0.01567 
Epoch=  262 learning rate   1.000000e-03  train error:    0.01070    0.01418 test error:    0.01112    0.01579 
Epoch=  263 learning rate   1.000000e-03  train error:    0.01064    0.01421 test error:    0.01085    0.01567 
Epoch=  264 learning rate   1.000000e-03  train error:    0.01065    0.01418 test error:    0.01098    0.01580 
Epoch=  265 learning rate   1.000000e-03  train error:    0.01059    0.01418 test error:    0.01151    0.01560 
Epoch=  266 learning rate   1.000000e-03  train error:    0.01074    0.01415 test error:    0.01153    0.01566 
Epoch=  267 learning rate   1.000000e-03  train error:    0.01066    0.01417 test error:    0.01078    0.01557 
Epoch=  268 learning rate   1.000000e-03  train error:    0.01063    0.01419 test error:    0.01146    0.01587 
Epoch=  269 learning rate   1.000000e-03  train error:    0.01076    0.01413 test error:    0.01096    0.01549 
Epoch=  270 learning rate   1.000000e-03  train error:    0.01067    0.01413 test error:    0.01097    0.01556 
Epoch=  271 learning rate   1.000000e-03  train error:    0.01058    0.01410 test error:    0.01064    0.01556 
Epoch=  272 learning rate   1.000000e-03  train error:    0.01075    0.01406 test error:    0.01097    0.01553 
Epoch=  273 learning rate   1.000000e-03  train error:    0.01045    0.01405 test error:    0.01054    0.01551 
Epoch=  274 learning rate   1.000000e-03  train error:    0.01052    0.01405 test error:    0.01102    0.01553 
Epoch=  275 learning rate   1.000000e-03  train error:    0.01045    0.01406 test error:    0.01069    0.01544 
Epoch=  276 learning rate   1.000000e-03  train error:    0.01048    0.01402 test error:    0.01067    0.01555 
Epoch=  277 learning rate   1.000000e-03  train error:    0.01053    0.01402 test error:    0.01071    0.01540 
Epoch=  278 learning rate   1.000000e-03  train error:    0.01058    0.01402 test error:    0.01123    0.01538 
Epoch=  279 learning rate   1.000000e-03  train error:    0.01053    0.01402 test error:    0.01090    0.01562 
Epoch=  280 learning rate   1.000000e-03  train error:    0.01058    0.01405 test error:    0.01147    0.01564 
Epoch=  281 learning rate   1.000000e-03  train error:    0.01052    0.01406 test error:    0.01108    0.01569 
Epoch=  282 learning rate   1.000000e-03  train error:    0.01065    0.01406 test error:    0.01125    0.01544 
Epoch=  283 learning rate   1.000000e-03  train error:    0.01044    0.01407 test error:    0.01137    0.01561 
Epoch=  284 learning rate   1.000000e-03  train error:    0.01072    0.01411 test error:    0.01133    0.01550 
Epoch=  285 learning rate   1.000000e-03  train error:    0.01078    0.01422 test error:    0.01193    0.01610 
Epoch=  286 learning rate   1.000000e-03  train error:    0.01087    0.01435 test error:    0.01158    0.01596 
Epoch=  287 learning rate   1.000000e-03  train error:    0.01118    0.01486 test error:    0.01283    0.01678 
Epoch=  288 learning rate   1.000000e-03  train error:    0.01508    0.01727 test error:    0.01392    0.01770 
Epoch=  289 learning rate   1.000000e-03  train error:    0.01193    0.01518 test error:    0.01214    0.01606 
Epoch=  290 learning rate   1.000000e-03  train error:    0.01093    0.01446 test error:    0.01126    0.01570 
Epoch=  291 learning rate   1.000000e-03  train error:    0.01079    0.01425 test error:    0.01086    0.01568 
Epoch=  292 learning rate   1.000000e-03  train error:    0.01067    0.01411 test error:    0.01142    0.01556 
Epoch=  293 learning rate   1.000000e-03  train error:    0.01051    0.01406 test error:    0.01078    0.01558 
Epoch=  294 learning rate   1.000000e-03  train error:    0.01042    0.01400 test error:    0.01099    0.01551 
Epoch=  295 learning rate   1.000000e-03  train error:    0.01044    0.01392 test error:    0.01140    0.01546 
Epoch=  296 learning rate   1.000000e-03  train error:    0.01032    0.01390 test error:    0.01099    0.01538 
Epoch=  297 learning rate   1.000000e-03  train error:    0.01056    0.01390 test error:    0.01109    0.01531 
Epoch=  298 learning rate   1.000000e-03  train error:    0.01038    0.01391 test error:    0.01061    0.01523 
Epoch=  299 learning rate   1.000000e-03  train error:    0.01033    0.01387 test error:    0.01085    0.01540 
Epoch=  300 learning rate   1.000000e-03  train error:    0.01026    0.01384 test error:    0.01047    0.01529 
Epoch=  301 learning rate   1.000000e-03  train error:    0.01038    0.01383 test error:    0.01071    0.01537 
Epoch=  302 learning rate   1.000000e-03  train error:    0.01034    0.01380 test error:    0.01060    0.01518 
Epoch=  303 learning rate   1.000000e-03  train error:    0.01042    0.01381 test error:    0.01045    0.01533 
Epoch=  304 learning rate   1.000000e-03  train error:    0.01020    0.01375 test error:    0.01038    0.01509 
Epoch=  305 learning rate   1.000000e-03  train error:    0.01036    0.01380 test error:    0.01082    0.01529 
Epoch=  306 learning rate   1.000000e-03  train error:    0.01026    0.01376 test error:    0.01160    0.01515 
Epoch=  307 learning rate   1.000000e-03  train error:    0.01021    0.01373 test error:    0.01019    0.01528 
Epoch=  308 learning rate   1.000000e-03  train error:    0.01017    0.01375 test error:    0.01040    0.01529 
Epoch=  309 learning rate   1.000000e-03  train error:    0.01021    0.01374 test error:    0.01056    0.01497 
Epoch=  310 learning rate   1.000000e-03  train error:    0.01018    0.01376 test error:    0.01042    0.01521 
Epoch=  311 learning rate   1.000000e-03  train error:    0.01011    0.01377 test error:    0.01026    0.01524 
Epoch=  312 learning rate   1.000000e-03  train error:    0.01013    0.01380 test error:    0.01039    0.01516 
Epoch=  313 learning rate   1.000000e-03  train error:    0.01023    0.01387 test error:    0.01104    0.01542 
Epoch=  314 learning rate   1.000000e-03  train error:    0.01038    0.01391 test error:    0.01085    0.01543 
Epoch=  315 learning rate   1.000000e-03  train error:    0.01039    0.01400 test error:    0.01082    0.01564 
Epoch=  316 learning rate   1.000000e-03  train error:    0.01043    0.01423 test error:    0.01072    0.01590 
Epoch=  317 learning rate   1.000000e-03  train error:    0.01350    0.01516 test error:    0.01219    0.01601 
Epoch=  318 learning rate   1.000000e-03  train error:    0.01064    0.01394 test error:    0.01067    0.01531 
Epoch=  319 learning rate   1.000000e-03  train error:    0.01028    0.01381 test error:    0.01080    0.01511 
Epoch=  320 learning rate   1.000000e-03  train error:    0.01013    0.01371 test error:    0.01026    0.01514 
Epoch=  321 learning rate   1.000000e-03  train error:    0.01019    0.01374 test error:    0.01100    0.01505 
Epoch=  322 learning rate   1.000000e-03  train error:    0.01027    0.01369 test error:    0.01016    0.01501 
Epoch=  323 learning rate   1.000000e-03  train error:    0.01006    0.01368 test error:    0.01042    0.01505 
Epoch=  324 learning rate   1.000000e-03  train error:    0.01012    0.01363 test error:    0.01023    0.01497 
Epoch=  325 learning rate   1.000000e-03  train error:    0.01012    0.01366 test error:    0.01015    0.01507 
Epoch=  326 learning rate   1.000000e-03  train error:    0.01009    0.01368 test error:    0.01033    0.01493 
Epoch=  327 learning rate   1.000000e-03  train error:    0.01014    0.01364 test error:    0.01076    0.01510 
Epoch=  328 learning rate   1.000000e-03  train error:    0.01001    0.01360 test error:    0.01058    0.01501 
Epoch=  329 learning rate   1.000000e-03  train error:    0.01021    0.01365 test error:    0.01066    0.01505 
Epoch=  330 learning rate   1.000000e-03  train error:    0.01006    0.01363 test error:    0.01051    0.01493 
Epoch=  331 learning rate   1.000000e-03  train error:    0.01002    0.01358 test error:    0.01052    0.01493 
Epoch=  332 learning rate   1.000000e-03  train error:    0.01013    0.01361 test error:    0.01034    0.01497 
Epoch=  333 learning rate   1.000000e-03  train error:    0.00996    0.01358 test error:    0.01036    0.01499 
Epoch=  334 learning rate   1.000000e-03  train error:    0.01006    0.01361 test error:    0.01012    0.01488 
Epoch=  335 learning rate   1.000000e-03  train error:    0.01002    0.01358 test error:    0.01006    0.01479 
Epoch=  336 learning rate   1.000000e-03  train error:    0.00992    0.01355 test error:    0.01015    0.01491 
Epoch=  337 learning rate   1.000000e-03  train error:    0.00979    0.01353 test error:    0.01031    0.01491 
Epoch=  338 learning rate   1.000000e-03  train error:    0.00991    0.01353 test error:    0.01014    0.01480 
Epoch=  339 learning rate   1.000000e-03  train error:    0.00994    0.01352 test error:    0.01062    0.01495 
Epoch=  340 learning rate   1.000000e-03  train error:    0.00985    0.01355 test error:    0.00999    0.01486 
Epoch=  341 learning rate   1.000000e-03  train error:    0.00989    0.01356 test error:    0.01014    0.01496 
Epoch=  342 learning rate   1.000000e-03  train error:    0.00998    0.01352 test error:    0.00998    0.01484 
Epoch=  343 learning rate   1.000000e-03  train error:    0.00997    0.01353 test error:    0.01056    0.01491 
Epoch=  344 learning rate   1.000000e-03  train error:    0.00993    0.01355 test error:    0.00992    0.01492 
Epoch=  345 learning rate   1.000000e-03  train error:    0.00997    0.01354 test error:    0.01016    0.01492 
Epoch=  346 learning rate   1.000000e-03  train error:    0.00985    0.01355 test error:    0.01054    0.01490 
Epoch=  347 learning rate   1.000000e-03  train error:    0.00994    0.01356 test error:    0.01049    0.01487 
Epoch=  348 learning rate   1.000000e-03  train error:    0.00986    0.01350 test error:    0.01025    0.01490 
Epoch=  349 learning rate   1.000000e-03  train error:    0.00986    0.01347 test error:    0.01080    0.01496 
Epoch=  350 learning rate   1.000000e-03  train error:    0.00994    0.01350 test error:    0.01122    0.01483 
Epoch=  351 learning rate   1.000000e-03  train error:    0.00993    0.01351 test error:    0.01026    0.01479 
Epoch=  352 learning rate   1.000000e-03  train error:    0.00992    0.01351 test error:    0.01059    0.01487 
Epoch=  353 learning rate   1.000000e-03  train error:    0.00986    0.01353 test error:    0.01031    0.01486 
Epoch=  354 learning rate   1.000000e-03  train error:    0.00983    0.01354 test error:    0.01035    0.01493 
Epoch=  355 learning rate   1.000000e-03  train error:    0.00983    0.01353 test error:    0.01009    0.01484 
Epoch=  356 learning rate   1.000000e-03  train error:    0.00992    0.01354 test error:    0.01089    0.01487 
Epoch=  357 learning rate   1.000000e-03  train error:    0.00994    0.01352 test error:    0.01057    0.01483 
Epoch=  358 learning rate   1.000000e-03  train error:    0.00980    0.01352 test error:    0.01013    0.01484 
Epoch=  359 learning rate   1.000000e-03  train error:    0.00976    0.01349 test error:    0.01059    0.01483 
Epoch=  360 learning rate   1.000000e-03  train error:    0.00994    0.01347 test error:    0.01000    0.01490 
Epoch=  361 learning rate   1.000000e-03  train error:    0.00979    0.01348 test error:    0.01053    0.01487 
Epoch=  362 learning rate   1.000000e-03  train error:    0.00973    0.01350 test error:    0.01050    0.01505 
Epoch=  363 learning rate   1.000000e-03  train error:    0.00984    0.01353 test error:    0.01036    0.01486 
Epoch=  364 learning rate   1.000000e-03  train error:    0.00988    0.01353 test error:    0.01016    0.01485 
Epoch=  365 learning rate   1.000000e-03  train error:    0.00987    0.01352 test error:    0.00951    0.01480 
Epoch=  366 learning rate   5.000000e-04  train error:    0.00982    0.01352 test error:    0.00960    0.01483 
Epoch=  367 learning rate   5.000000e-04  train error:    0.00974    0.01353 test error:    0.00980    0.01487 
Epoch=  368 learning rate   5.000000e-04  train error:    0.00995    0.01357 test error:    0.01043    0.01490 
Epoch=  369 learning rate   5.000000e-04  train error:    0.00995    0.01368 test error:    0.01077    0.01505 
Epoch=  370 learning rate   5.000000e-04  train error:    0.01008    0.01396 test error:    0.01104    0.01571 
Epoch=  371 learning rate   5.000000e-04  train error:    0.01080    0.01446 test error:    0.01038    0.01500 
Epoch=  372 learning rate   5.000000e-04  train error:    0.00994    0.01363 test error:    0.00979    0.01496 
Epoch=  373 learning rate   5.000000e-04  train error:    0.00973    0.01358 test error:    0.01005    0.01493 
Epoch=  374 learning rate   5.000000e-04  train error:    0.00975    0.01359 test error:    0.01027    0.01496 
Epoch=  375 learning rate   5.000000e-04  train error:    0.00976    0.01362 test error:    0.01047    0.01505 
Epoch=  376 learning rate   5.000000e-04  train error:    0.00985    0.01362 test error:    0.01043    0.01501 
Epoch=  377 learning rate   5.000000e-04  train error:    0.00994    0.01362 test error:    0.01082    0.01503 
Epoch=  378 learning rate   5.000000e-04  train error:    0.00985    0.01368 test error:    0.00999    0.01498 
Epoch=  379 learning rate   5.000000e-04  train error:    0.00973    0.01367 test error:    0.01055    0.01516 
Epoch=  380 learning rate   5.000000e-04  train error:    0.00994    0.01375 test error:    0.01013    0.01518 
Epoch=  381 learning rate   5.000000e-04  train error:    0.01007    0.01387 test error:    0.01068    0.01516 
Epoch=  382 learning rate   5.000000e-04  train error:    0.01026    0.01400 test error:    0.01073    0.01559 
Epoch=  383 learning rate   5.000000e-04  train error:    0.01052    0.01434 test error:    0.01123    0.01604 
Epoch=  384 learning rate   5.000000e-04  train error:    0.01147    0.01500 test error:    0.01022    0.01531 
Epoch=  385 learning rate   5.000000e-04  train error:    0.01007    0.01385 test error:    0.01048    0.01514 
Epoch=  386 learning rate   5.000000e-04  train error:    0.00991    0.01378 test error:    0.01073    0.01513 
Epoch=  387 learning rate   5.000000e-04  train error:    0.00995    0.01377 test error:    0.01057    0.01526 
Epoch=  388 learning rate   5.000000e-04  train error:    0.00997    0.01380 test error:    0.00999    0.01521 
Epoch=  389 learning rate   5.000000e-04  train error:    0.01001    0.01388 test error:    0.01085    0.01532 
Epoch=  390 learning rate   5.000000e-04  train error:    0.00997    0.01404 test error:    0.01081    0.01555 
Epoch=  391 learning rate   5.000000e-04  train error:    0.01070    0.01469 test error:    0.01402    0.01792 
Epoch=  392 learning rate   5.000000e-04  train error:    0.01628    0.01448 test error:    0.01037    0.01531 
Epoch=  393 learning rate   5.000000e-04  train error:    0.52816    0.04250 test error:    0.48488    0.04340 
Epoch=  394 learning rate   5.000000e-04  train error:    0.14474    0.01891 test error:    0.01712    0.01580 
Epoch=  395 learning rate   5.000000e-04  train error:    0.01686    0.01427 test error:    0.01242    0.01534 
Epoch=  396 learning rate   5.000000e-04  train error:    1.62776    0.07655 test error:    1.43439    0.10445 
Epoch=  397 learning rate   2.500000e-04  train error:    0.07746    0.01765 test error:    0.01069    0.01485 
Epoch=  398 learning rate   2.500000e-04  train error:    0.01184    0.01391 test error:    0.03440    0.01924 
Epoch=  399 learning rate   2.500000e-04  train error:    0.01503    0.01487 test error:    0.01134    0.01574 
Epoch=  400 learning rate   2.500000e-04  train error:    1.89481    0.12360 test error:    0.11455    0.04266 
Epoch=  401 learning rate   2.500000e-04  train error:    0.05013    0.02710 test error:    0.02479    0.02217 
Epoch=  402 learning rate   2.500000e-04  train error:    0.01979    0.01858 test error:    0.01547    0.01823 
Epoch=  403 learning rate   2.500000e-04  train error:    0.01310    0.01638 test error:    0.01248    0.01737 
Epoch=  404 learning rate   2.500000e-04  train error:    0.03979    0.01948 test error:    0.01255    0.01798 
Epoch=  405 learning rate   2.500000e-04  train error:    0.01410    0.01781 test error:    0.01185    0.01754 
Epoch=  406 learning rate   2.500000e-04  train error:    0.01163    0.01561 test error:    0.01109    0.01622 
Epoch=  407 learning rate   2.500000e-04  train error:    0.01122    0.01478 test error:    0.01145    0.01571 
Epoch=  408 learning rate   2.500000e-04  train error:    0.01085    0.01438 test error:    0.01137    0.01558 
Epoch=  409 learning rate   2.500000e-04  train error:    0.01658    0.01424 test error:    0.01057    0.01527 
Epoch=  410 learning rate   2.500000e-04  train error:    0.01021    0.01388 test error:    0.01074    0.01506 
Epoch=  411 learning rate   2.500000e-04  train error:    0.01037    0.01381 test error:    0.01101    0.01508 
Epoch=  412 learning rate   2.500000e-04  train error:    0.03464    0.01765 test error:    0.01340    0.01598 
Epoch=  413 learning rate   2.500000e-04  train error:    0.01109    0.01398 test error:    0.01078    0.01503 
Epoch=  414 learning rate   2.500000e-04  train error:    0.01026    0.01367 test error:    0.01041    0.01495 
Epoch=  415 learning rate   2.500000e-04  train error:    0.01301    0.01356 test error:    0.00996    0.01496 
Epoch=  416 learning rate   2.500000e-04  train error:    0.01008    0.01353 test error:    0.01050    0.01489 
Epoch=  417 learning rate   2.500000e-04  train error:    0.01002    0.01353 test error:    0.01176    0.01500 
Epoch=  418 learning rate   2.500000e-04  train error:    0.01018    0.01366 test error:    0.01246    0.01538 
Epoch=  419 learning rate   2.500000e-04  train error:    0.34889    0.03240 test error:    0.01717    0.01651 
Epoch=  420 learning rate   2.500000e-04  train error:    0.07768    0.03871 test error:    0.01672    0.01981 
Epoch=  421 learning rate   2.500000e-04  train error:    0.01532    0.01605 test error:    0.01184    0.01598 
Epoch=  422 learning rate   2.500000e-04  train error:    0.01126    0.01423 test error:    0.01091    0.01523 
Epoch=  423 learning rate   2.500000e-04  train error:    0.01040    0.01381 test error:    0.01015    0.01501 
Epoch=  424 learning rate   2.500000e-04  train error:    0.01009    0.01375 test error:    0.01076    0.01524 
Epoch=  425 learning rate   2.500000e-04  train error:    0.01002    0.01373 test error:    0.01042    0.01494 
Epoch=  426 learning rate   2.500000e-04  train error:    0.01036    0.01379 test error:    0.01073    0.01512 
Epoch=  427 learning rate   2.500000e-04  train error:    0.01040    0.01410 test error:    0.01135    0.01588 
Epoch=  428 learning rate   2.500000e-04  train error:        nan        nan 