REANN Package used for fitting energy and tensorial Property
2025-09-18-11_22_43 
Epoch=    0 learning rate   1.000000e-03  train error:    0.43324    0.68760 test error:    0.45088    0.67218 
Epoch=    5 learning rate   1.000000e-03  train error:    0.31216    0.20408 test error:    0.22503    0.19816 
Epoch=   10 learning rate   1.000000e-03  train error:    0.13483    0.12363 test error:    0.16029    0.10779 
Epoch=   15 learning rate   1.000000e-03  train error:    0.07798    0.07985 test error:    0.10381    0.07433 
Epoch=   20 learning rate   1.000000e-03  train error:    0.06288    0.06632 test error:    0.08591    0.06277 
Epoch=   25 learning rate   1.000000e-03  train error:    0.05531    0.05533 test error:    0.07900    0.05276 
Epoch=   30 learning rate   1.000000e-03  train error:    0.04987    0.04742 test error:    0.07279    0.04444 
Epoch=   35 learning rate   1.000000e-03  train error:    0.04388    0.04144 test error:    0.07032    0.03930 
Epoch=   40 learning rate   1.000000e-03  train error:    0.04119    0.03600 test error:    0.06200    0.03662 
Epoch=   45 learning rate   1.000000e-03  train error:    0.03894    0.03302 test error:    0.05777    0.03360 
Epoch=   50 learning rate   1.000000e-03  train error:    0.03574    0.03108 test error:    0.05225    0.03174 
Epoch=   55 learning rate   1.000000e-03  train error:    0.03167    0.02969 test error:    0.05140    0.03107 
Epoch=   60 learning rate   1.000000e-03  train error:    0.02884    0.02799 test error:    0.04536    0.02899 
Epoch=   65 learning rate   1.000000e-03  train error:    0.02724    0.02684 test error:    0.04368    0.02789 
Epoch=   70 learning rate   1.000000e-03  train error:    0.02725    0.02587 test error:    0.04180    0.02702 
Epoch=   75 learning rate   1.000000e-03  train error:    0.02537    0.02492 test error:    0.04043    0.02648 
Epoch=   80 learning rate   1.000000e-03  train error:    0.02398    0.02393 test error:    0.03994    0.02627 
Epoch=   85 learning rate   1.000000e-03  train error:    0.02287    0.02333 test error:    0.03670    0.02507 
Epoch=   90 learning rate   1.000000e-03  train error:    0.02198    0.02284 test error:    0.03325    0.02458 
Epoch=   95 learning rate   1.000000e-03  train error:    0.02155    0.02236 test error:    0.02735    0.02395 
Epoch=  100 learning rate   1.000000e-03  train error:    0.02106    0.02189 test error:    0.02722    0.02413 
Epoch=  105 learning rate   1.000000e-03  train error:    0.02046    0.02165 test error:    0.02385    0.02363 
Epoch=  110 learning rate   1.000000e-03  train error:    0.01976    0.02123 test error:    0.02490    0.02252 
Epoch=  115 learning rate   1.000000e-03  train error:    0.01925    0.02096 test error:    0.02328    0.02255 
Epoch=  120 learning rate   1.000000e-03  train error:    0.01843    0.02075 test error:    0.02127    0.02244 
Epoch=  125 learning rate   5.000000e-04  train error:    0.01771    0.02059 test error:    0.01984    0.02232 
Epoch=  130 learning rate   5.000000e-04  train error:    0.01850    0.02090 test error:    0.02150    0.02276 
Epoch=  135 learning rate   5.000000e-04  train error:    0.02262    0.02151 test error:    0.02174    0.02326 
Epoch=  140 learning rate   5.000000e-04  train error:    0.01810    0.02041 test error:    0.02116    0.02241 
Epoch=  145 learning rate   5.000000e-04  train error:    0.01809    0.02007 test error:    0.01929    0.02161 
Epoch=  150 learning rate   5.000000e-04  train error:    0.01784    0.01991 test error:    0.01969    0.02189 
Epoch=  155 learning rate   5.000000e-04  train error:    0.01943    0.02081 test error:    0.02299    0.02346 
Epoch=  160 learning rate   5.000000e-04  train error:    0.02063    0.02138 test error:    0.02245    0.02326 
Epoch=  165 learning rate   2.500000e-04  train error:    0.01828    0.01987 test error:    0.01998    0.02182 
Epoch=  170 learning rate   2.500000e-04  train error:    0.01825    0.01957 test error:    0.02078    0.02147 
Epoch=  175 learning rate   2.500000e-04  train error:    0.01728    0.01911 test error:    0.02203    0.02112 
Epoch=  180 learning rate   2.500000e-04  train error:    0.01702    0.01882 test error:    0.02022    0.02082 
Epoch=  185 learning rate   2.500000e-04  train error:    0.01688    0.01853 test error:    0.01819    0.02056 
Epoch=  190 learning rate   2.500000e-04  train error:    0.01807    0.01875 test error:    0.01922    0.02097 
Epoch=  195 learning rate   2.500000e-04  train error:    0.01654    0.01827 test error:    0.01994    0.02025 
Epoch=  200 learning rate   2.500000e-04  train error:    0.01555    0.01809 test error:    0.01858    0.01981 
Epoch=  205 learning rate   2.500000e-04  train error:    0.01582    0.01799 test error:    0.01856    0.01987 
Epoch=  210 learning rate   2.500000e-04  train error:    0.01628    0.01812 test error:    0.01840    0.02008 
Epoch=  215 learning rate   2.500000e-04  train error:    0.01657    0.01789 test error:    0.01760    0.01965 
Epoch=  220 learning rate   2.500000e-04  train error:    0.01575    0.01766 test error:    0.01825    0.01927 
Epoch=  225 learning rate   2.500000e-04  train error:    0.01537    0.01742 test error:    0.01811    0.01917 
Epoch=  230 learning rate   2.500000e-04  train error:    0.01496    0.01726 test error:    0.01853    0.01908 
Epoch=  235 learning rate   2.500000e-04  train error:    0.01487    0.01717 test error:    0.01682    0.01888 
Epoch=  240 learning rate   2.500000e-04  train error:    0.01482    0.01702 test error:    0.01776    0.01865 
Epoch=  245 learning rate   2.500000e-04  train error:    0.01447    0.01684 test error:    0.01848    0.01855 
Epoch=  250 learning rate   2.500000e-04  train error:    0.01459    0.01676 test error:    0.01793    0.01869 
Epoch=  255 learning rate   2.500000e-04  train error:    0.01492    0.01680 test error:    0.01631    0.01839 
Epoch=  260 learning rate   2.500000e-04  train error:    0.01582    0.01692 test error:    0.01783    0.01840 
Epoch=  265 learning rate   2.500000e-04  train error:    0.01548    0.01698 test error:    0.01665    0.01835 
Epoch=  270 learning rate   2.500000e-04  train error:    0.01422    0.01650 test error:    0.01634    0.01807 
Epoch=  275 learning rate   2.500000e-04  train error:    0.01391    0.01634 test error:    0.01535    0.01799 
Epoch=  280 learning rate   2.500000e-04  train error:    0.01369    0.01619 test error:    0.01597    0.01775 
Epoch=  285 learning rate   2.500000e-04  train error:    0.01373    0.01612 test error:    0.01563    0.01770 
Epoch=  290 learning rate   2.500000e-04  train error:    0.01371    0.01618 test error:    0.01593    0.01777 
Epoch=  295 learning rate   2.500000e-04  train error:    0.01441    0.01663 test error:    0.01554    0.01856 
Epoch=  300 learning rate   2.500000e-04  train error:    0.01379    0.01629 test error:    0.01529    0.01800 
Epoch=  305 learning rate   2.500000e-04  train error:    0.01368    0.01596 test error:    0.01475    0.01743 
Epoch=  310 learning rate   2.500000e-04  train error:    0.01330    0.01591 test error:    0.01474    0.01753 
Epoch=  315 learning rate   2.500000e-04  train error:    0.01345    0.01592 test error:    0.01488    0.01732 
Epoch=  320 learning rate   2.500000e-04  train error:    0.01294    0.01568 test error:    0.01389    0.01716 
Epoch=  325 learning rate   2.500000e-04  train error:    0.01264    0.01560 test error:    0.01387    0.01708 
Epoch=  330 learning rate   2.500000e-04  train error:    0.01283    0.01580 test error:    0.01374    0.01752 
Epoch=  335 learning rate   2.500000e-04  train error:    0.01274    0.01566 test error:    0.01406    0.01706 
Epoch=  340 learning rate   2.500000e-04  train error:    0.01218    0.01539 test error:    0.01275    0.01693 
Epoch=  345 learning rate   2.500000e-04  train error:    0.01272    0.01533 test error:    0.01346    0.01697 
Epoch=  350 learning rate   2.500000e-04  train error:    0.01219    0.01527 test error:    0.01295    0.01676 
Epoch=  355 learning rate   2.500000e-04  train error:    0.01196    0.01519 test error:    0.01425    0.01676 
Epoch=  360 learning rate   2.500000e-04  train error:    0.01189    0.01518 test error:    0.01305    0.01670 
Epoch=  365 learning rate   1.250000e-04  train error:    0.01230    0.01529 test error:    0.01308    0.01693 
Epoch=  370 learning rate   1.250000e-04  train error:    0.11726    0.02469 test error:    0.02107    0.02307 
Epoch=  375 learning rate   1.250000e-04  train error:    0.06578    0.01844 test error:    0.04240    0.01896 
Epoch=  380 learning rate   1.250000e-04  train error:    0.01317    0.01570 test error:    0.01346    0.01735 
Epoch=  385 learning rate   1.250000e-04  train error:    0.01265    0.01534 test error:    0.01192    0.01670 
Epoch=  390 learning rate   1.250000e-04  train error:    0.01195    0.01512 test error:    0.01165    0.01660 
Epoch=  395 learning rate   1.250000e-04  train error:    0.01183    0.01501 test error:    0.01267    0.01665 
Epoch=  400 learning rate   1.250000e-04  train error:    0.01177    0.01489 test error:    0.01399    0.01651 
Epoch=  405 learning rate   1.250000e-04  train error:    0.01231    0.01529 test error:    0.01212    0.01699 
Epoch=  410 learning rate   1.250000e-04  train error:    0.01155    0.01478 test error:    0.01162    0.01634 
Epoch=  415 learning rate   1.250000e-04  train error:    0.01151    0.01469 test error:    0.01183    0.01630 
Epoch=  420 learning rate   1.250000e-04  train error:    0.01140    0.01471 test error:    0.01141    0.01630 
Epoch=  425 learning rate   1.250000e-04  train error:    0.01173    0.01483 test error:    0.01125    0.01623 
Epoch=  430 learning rate   1.250000e-04  train error:    0.01113    0.01454 test error:    0.01110    0.01596 
Epoch=  435 learning rate   1.250000e-04  train error:    0.01126    0.01462 test error:    0.01159    0.01632 
Epoch=  440 learning rate   1.250000e-04  train error:    0.01145    0.01471 test error:    0.01147    0.01624 
Epoch=  445 learning rate   6.250000e-05  train error:    0.01095    0.01441 test error:    0.01062    0.01587 
Epoch=  450 learning rate   6.250000e-05  train error:    0.01097    0.01439 test error:    0.01106    0.01602 
Epoch=  455 learning rate   6.250000e-05  train error:        nan        nan test error:        nan        nan 
Epoch=  460 learning rate   3.125000e-05  train error:        nan        nan test error:        nan        nan 
Epoch=  465 learning rate   1.562500e-05  train error:        nan        nan test error:        nan        nan 
2025-09-18-16_18_26 
terminated normal
