REANN Package used for fitting energy and tensorial Property
2025-09-17-10_38_23 
Epoch=    0 train error:    0.43228    0.68761 test error:    0.44856    0.67219 
Epoch=    5 train error:   28.63280    0.54080 test error:   27.05454    0.47985 
Epoch=   10 train error:   10.96257    0.19362 test error:    9.69829    0.17199 
Epoch=   15 train error:    0.26856    0.11828 test error:    0.42965    0.10630 
Epoch=   20 train error:    0.30036    0.08578 test error:    0.12020    0.08159 
Epoch=   25 train error:    0.17479    0.06580 test error:    0.13331    0.07092 
Epoch=   30 train error:    0.18792    0.05811 test error:    0.10567    0.07210 
Epoch=   35 train error:    0.15987    0.05435 test error:    0.06567    0.05562 
Epoch=   40 train error:    0.17251    0.04801 test error:    0.08360    0.04900 
Epoch=   45 train error:    0.15896    0.04508 test error:    0.04457    0.05188 
Epoch=   50 train error:    0.13949    0.04198 test error:    0.06326    0.04459 
Epoch=   55 train error:    0.14402    0.04202 test error:    0.04475    0.04570 
Epoch=   60 train error:    0.13038    0.03966 test error:    0.06674    0.04187 
Epoch=   65 train error:    0.11077    0.04139 test error:    0.09973    0.04943 
Epoch=   70 train error:    0.13898    0.03647 test error:    0.07479    0.03924 
Epoch=   75 train error:    0.10869    0.03763 test error:    0.06031    0.03455 
Epoch=   80 train error:    0.11889    0.03503 test error:    0.05343    0.03972 
Epoch=   85 train error:    0.09181    0.03421 test error:    0.07632    0.03556 
Epoch=   90 train error:    0.29588    0.03650 test error:    0.06590    0.03686 
Epoch=   95 train error:    0.08094    0.03290 test error:    0.13085    0.03523 
Epoch=  100 train error:    0.08732    0.03289 test error:    0.02857    0.03493 
Epoch=  105 train error:    0.08501    0.03299 test error:    0.04980    0.03251 
Epoch=  110 train error:    0.07661    0.03143 test error:    0.03169    0.03157 
Epoch=  115 train error:    0.07101    0.03073 test error:    0.06482    0.03142 
Epoch=  120 train error:    0.07005    0.03000 test error:    0.07485    0.03097 
Epoch=  125 train error:    0.06947    0.03014 test error:    0.02913    0.03104 
Epoch=  130 train error:    0.06422    0.02908 test error:    0.02563    0.03093 
Epoch=  135 train error:    0.05824    0.02901 test error:    0.02681    0.02950 
Epoch=  140 train error:    0.06257    0.03035 test error:    0.05243    0.02978 
Epoch=  145 train error:    0.05484    0.02811 test error:    0.02677    0.03686 
Epoch=  150 train error:    0.05176    0.02909 test error:    0.02823    0.03358 
Epoch=  155 train error:    0.06167    0.02819 test error:    0.02899    0.03394 
Epoch=  160 train error:    0.05564    0.03553 test error:    0.03708    0.02821 
Epoch=  165 train error:    0.05490    0.03088 test error:    0.03411    0.02914 
Epoch=  170 train error:    0.04285    0.02727 test error:    0.03070    0.02861 
Epoch=  175 train error:    0.04108    0.02645 test error:    0.03008    0.03038 
Epoch=  180 train error:    0.12530    0.06935 test error:    0.02598    0.02883 
Epoch=  185 train error:    0.03810    0.02669 test error:    0.02991    0.02889 
Epoch=  190 train error:    0.03181    0.02654 test error:    0.02109    0.02926 
Epoch=  195 train error:    0.03574    0.02633 test error:    0.03065    0.02725 
Epoch=  200 train error:    0.04157    0.03721 test error:    0.02443    0.02802 
Epoch=  205 train error:    0.03273    0.02570 test error:    0.02632    0.02908 
Epoch=  210 train error:    0.03255    0.02573 test error:    0.02095    0.02670 
Epoch=  215 train error:    0.04588    0.02514 test error:    0.02417    0.02793 
Epoch=  220 train error:    0.02186    0.02509 test error:    0.02040    0.02748 
Epoch=  225 train error:    0.03133    0.02492 test error:    0.02042    0.02620 
Epoch=  230 train error:    0.02267    0.02506 test error:    0.02035    0.02605 
Epoch=  235 train error:    0.03019    0.02502 test error:    0.02585    0.02626 
Epoch=  240 train error:    0.02951    0.02504 test error:    0.01966    0.02673 
Epoch=  245 train error:    0.02541    0.02460 test error:    0.02481    0.02592 
Epoch=  250 train error:    0.02766    0.02439 test error:    0.02479    0.02586 
Epoch=  255 train error:    0.02668    0.02421 test error:    0.02327    0.02674 
Epoch=  260 train error:    0.06837    0.02410 test error:    0.01878    0.02563 
Epoch=  265 train error:    0.02164    0.02437 test error:    0.01880    0.02633 
Epoch=  270 train error:    0.01800    0.02390 test error:    0.01895    0.02548 
Epoch=  275 train error:    0.02030    0.02414 test error:    0.01823    0.02525 
Epoch=  280 train error:    0.02411    0.02388 test error:    0.01911    0.02479 
Epoch=  285 train error:    0.02496    0.02359 test error:    0.01596    0.02477 
Epoch=  290 train error:    0.02221    0.02382 test error:    0.02256    0.02569 
Epoch=  295 train error:    0.02012    0.02336 test error:    0.01956    0.02436 
Epoch=  300 train error:    0.02304    0.02327 test error:    0.02011    0.02613 
Epoch=  305 train error:    0.01788    0.02332 test error:    0.01763    0.02420 
Epoch=  310 train error:    0.01698    0.02300 test error:    0.01581    0.02427 
Epoch=  315 train error:    0.02008    0.02304 test error:    0.02276    0.02432 
Epoch=  320 train error:    0.02524    0.02288 test error:    0.01953    0.02461 
Epoch=  325 train error:    0.02485    0.02281 test error:    0.01735    0.02385 
Epoch=  330 train error:    0.01856    0.02257 test error:    0.01786    0.02564 
Epoch=  335 train error:    0.02260    0.02263 test error:    0.01882    0.02487 
Epoch=  340 train error:    0.01638    0.02244 test error:    0.01599    0.02332 
Epoch=  345 train error:    0.02220    0.02257 test error:    0.01602    0.02436 
Epoch=  350 train error:    0.01728    0.02239 test error:    0.01613    0.02319 
Epoch=  355 train error:    0.01445    0.02203 test error:    0.01621    0.02434 
Epoch=  360 train error:    0.02059    0.02213 test error:    0.01812    0.02409 
Epoch=  365 train error:    0.01490    0.02211 test error:    0.01796    0.02613 
Epoch=  370 train error:    0.01930    0.02213 test error:    0.02193    0.02445 
Epoch=  375 train error:    0.02159    0.02201 test error:    0.01732    0.02388 
Epoch=  380 train error:    0.01549    0.02180 test error:    0.01486    0.02333 
Epoch=  385 train error:    0.01773    0.02173 test error:    0.01868    0.02444 
Epoch=  390 train error:    0.02206    0.02167 test error:    0.01794    0.02572 
Epoch=  395 train error:    0.01560    0.02147 test error:    0.01481    0.02267 
Epoch=  400 train error:    0.01503    0.02157 test error:    0.01502    0.02242 
Epoch=  405 train error:    0.01503    0.02150 test error:    0.01680    0.02319 
Epoch=  410 train error:    0.01649    0.02142 test error:    0.01529    0.02248 
Epoch=  415 train error:    0.02059    0.02139 test error:    0.01467    0.02243 
Epoch=  420 train error:    0.02271    0.02136 test error:    0.01581    0.02342 
Epoch=  425 train error:    0.01836    0.02130 test error:    0.01432    0.02215 
Epoch=  430 train error:    0.02023    0.02106 test error:    0.01497    0.02205 
Epoch=  435 train error:    0.01659    0.02114 test error:    0.02035    0.02269 
Epoch=  440 train error:    0.01347    0.02095 test error:    0.01543    0.02292 
Epoch=  445 train error:    0.01496    0.02097 test error:    0.01554    0.02269 
Epoch=  450 train error:    0.02417    0.02116 test error:    0.01628    0.02353 
Epoch=  455 train error:    0.01426    0.02098 test error:    0.01390    0.02196 
Epoch=  460 train error:    0.01289    0.02056 test error:    0.01377    0.02142 
Epoch=  465 train error:    0.01349    0.02065 test error:    0.01521    0.02199 
Epoch=  470 train error:    0.01325    0.02069 test error:    0.01360    0.02205 
Epoch=  475 train error:    0.01966    0.02039 test error:    0.01537    0.02284 
Epoch=  480 train error:    0.01595    0.02033 test error:    0.01588    0.02177 
Epoch=  485 train error:    0.02132    0.02056 test error:    0.01430    0.02174 
Epoch=  490 train error:    0.01369    0.02037 test error:    0.01405    0.02131 
Epoch=  495 train error:    0.02349    0.02027 test error:    0.01455    0.02173 
Epoch=  500 train error:    0.01496    0.02023 test error:    0.01780    0.02179 
Epoch=  505 train error:    0.01551    0.02033 test error:    0.01420    0.02122 
Epoch=  510 train error:    0.01544    0.01991 test error:    0.01721    0.02176 
Epoch=  515 train error:    0.01213    0.02013 test error:    0.01319    0.02112 
Epoch=  520 train error:    0.01457    0.01992 test error:    0.01325    0.02114 
Epoch=  525 train error:    0.01245    0.01988 test error:    0.01382    0.02219 
Epoch=  530 train error:    0.02080    0.02001 test error:    0.01453    0.02074 
Epoch=  535 train error:    0.02075    0.01984 test error:    0.01293    0.02126 
Epoch=  540 train error:    0.01222    0.01976 test error:    0.01438    0.02184 
Epoch=  545 train error:    0.01863    0.01980 test error:    0.01531    0.02140 
Epoch=  550 train error:    0.01326    0.01958 test error:    0.01394    0.02113 
Epoch=  555 train error:    0.01262    0.01956 test error:    0.01337    0.02041 
Epoch=  560 train error:    0.02129    0.01967 test error:    0.01453    0.02107 
Epoch=  565 train error:    0.01766    0.01948 test error:    0.01411    0.02071 
Epoch=  570 train error:    0.01314    0.01940 test error:    0.01430    0.02166 
Epoch=  575 train error:    0.02407    0.01962 test error:    0.01392    0.02077 
Epoch=  580 train error:    0.01318    0.01950 test error:    0.01573    0.02073 
Epoch=  585 train error:    0.01478    0.01926 test error:    0.01656    0.02174 
Epoch=  590 train error:    0.01113    0.01937 test error:    0.01384    0.02141 
Epoch=  595 train error:    0.02044    0.01925 test error:    0.01258    0.02049 
Epoch=  600 train error:    0.01266    0.01931 test error:    0.01483    0.02103 
Epoch=  605 train error:    0.01164    0.01902 test error:    0.01274    0.02060 
Epoch=  610 train error:    0.01178    0.01899 test error:    0.01315    0.02055 
Epoch=  615 train error:    0.01173    0.01899 test error:    0.01368    0.02046 
Epoch=  620 train error:    0.01317    0.01889 test error:    0.01281    0.02031 
Epoch=  625 train error:    0.01071    0.01913 test error:    0.01308    0.02047 
Epoch=  630 train error:    0.01876    0.01892 test error:    0.01269    0.02031 
Epoch=  635 train error:    0.01119    0.01875 test error:    0.01234    0.02017 
Epoch=  640 train error:    0.01127    0.01877 test error:    0.01261    0.02027 
Epoch=  645 train error:    0.01224    0.01862 test error:    0.01307    0.02062 
Epoch=  650 train error:    0.01873    0.01888 test error:    0.01817    0.02269 
Epoch=  655 train error:    0.01787    0.01965 test error:    0.01548    0.02037 
Epoch=  660 train error:    0.01270    0.01891 test error:    0.01232    0.01970 
Epoch=  665 train error:    0.01100    0.01853 test error:    0.01290    0.02008 
Epoch=  670 train error:    0.01215    0.01854 test error:    0.01385    0.02061 
Epoch=  675 train error:    0.01134    0.01841 test error:    0.01316    0.02099 
Epoch=  680 train error:    0.01124    0.01837 test error:    0.01260    0.01997 
Epoch=  685 train error:    0.02032    0.01855 test error:    0.01325    0.02052 
Epoch=  690 train error:    0.01214    0.01831 test error:    0.01220    0.01970 
Epoch=  695 train error:    0.01577    0.01849 test error:    0.01495    0.01998 
Epoch=  700 train error:    0.01064    0.01831 test error:    0.01382    0.02012 
Epoch=  705 train error:    0.01127    0.01821 test error:    0.01200    0.01968 
Epoch=  710 train error:    0.01283    0.01827 test error:    0.01429    0.02060 
Epoch=  715 train error:    0.02339    0.01835 test error:    0.01427    0.02046 
Epoch=  720 train error:    0.01134    0.01815 test error:    0.01213    0.01997 
Epoch=  725 train error:    0.02325    0.01838 test error:    0.01289    0.02052 
Epoch=  730 train error:    0.01139    0.01819 test error:    0.01259    0.01957 
Epoch=  735 train error:    0.02270    0.01853 test error:    0.01223    0.01942 
Epoch=  740 train error:    0.02136    0.01808 test error:    0.01326    0.01950 
Epoch=  745 train error:    0.01456    0.01808 test error:    0.01600    0.01976 
Epoch=  750 train error:    0.01204    0.01808 test error:    0.01329    0.02086 
Epoch=  755 train error:    0.01100    0.01790 test error:    0.01209    0.01980 
Epoch=  760 train error:    0.01930    0.01802 test error:    0.01388    0.01990 
Epoch=  765 train error:    0.01078    0.01796 test error:    0.01274    0.01963 
Epoch=  770 train error:    0.01060    0.01787 test error:    0.01156    0.01951 
Epoch=  775 train error:    0.01136    0.01772 test error:    0.01268    0.01945 
Epoch=  780 train error:    0.01054    0.01773 test error:    0.01193    0.01929 
Epoch=  785 train error:    0.01041    0.01765 test error:    0.01131    0.01973 
Epoch=  790 train error:    0.00967    0.01771 test error:    0.01166    0.01928 
Epoch=  795 train error:    0.01566    0.01778 test error:    0.01639    0.01968 
Epoch=  800 train error:    0.02073    0.01784 test error:    0.01491    0.02031 
Epoch=  805 train error:    0.01039    0.01758 test error:    0.01174    0.01889 
Epoch=  810 train error:    0.01073    0.01750 test error:    0.01168    0.01899 
Epoch=  815 train error:    0.01031    0.01747 test error:    0.01191    0.01907 
Epoch=  820 train error:    0.01115    0.01750 test error:    0.01159    0.01922 
Epoch=  825 train error:    0.01074    0.01753 test error:    0.01190    0.01928 
Epoch=  830 train error:    0.01096    0.01739 test error:    0.01185    0.01921 
Epoch=  835 train error:    0.01791    0.01779 test error:    0.01167    0.01898 
Epoch=  840 train error:    0.01043    0.01738 test error:    0.01148    0.01902 
Epoch=  845 train error:    0.01080    0.01734 test error:    0.01178    0.01912 
Epoch=  850 train error:    0.01002    0.01733 test error:    0.01164    0.01899 
Epoch=  855 train error:    0.00957    0.01734 test error:    0.01121    0.01903 
Epoch=  860 train error:    0.01009    0.01729 test error:    0.01138    0.01854 
Epoch=  865 train error:    0.01073    0.01714 test error:    0.01214    0.01892 
Epoch=  870 train error:    0.01009    0.01723 test error:    0.01217    0.01930 
Epoch=  875 train error:    0.01205    0.01721 test error:    0.01150    0.01883 
Epoch=  880 train error:    0.01110    0.01711 test error:    0.01159    0.01900 
Epoch=  885 train error:    0.01063    0.01715 test error:    0.01153    0.01872 
Epoch=  890 train error:    0.01106    0.01725 test error:    0.01132    0.01919 
Epoch=  895 train error:    0.01231    0.01704 test error:    0.01873    0.02029 
Epoch=  900 train error:    0.01044    0.01703 test error:    0.01178    0.01881 
Epoch=  905 train error:    0.01059    0.01705 test error:    0.01220    0.01875 
Epoch=  910 train error:    0.01025    0.01692 test error:    0.01152    0.01850 
