REANN Package used for fitting energy and tensorial Property
2025-09-17-20_40_26 
Epoch=    0 learning rate   1.000000e-03  train error:    0.43245    0.68761 test error:    0.44547    0.67219 
Epoch=    5 learning rate   1.000000e-03  train error:    4.26955    0.52503 test error:    4.89090    0.50264 
Epoch=   10 learning rate   1.000000e-03  train error:    4.04774    0.50648 test error:    3.76109    0.48447 
Epoch=   15 learning rate   1.000000e-03  train error:    5.45179    0.51747 test error:    4.07384    0.47926 
Epoch=   20 learning rate   1.000000e-03  train error:    4.06360    0.50011 test error:    4.14135    0.47650 
Epoch=   25 learning rate   1.000000e-03  train error:  475.29855   22.44630 test error:  470.82770   22.16170 
Epoch=   30 learning rate   5.000000e-04  train error:    5.71810    0.50774 test error:    4.77035    0.47422 
Epoch=   35 learning rate   5.000000e-04  train error:    6.22826    0.51586 test error:    5.02458    0.51856 
Epoch=   40 learning rate   5.000000e-04  train error:    3.00667    0.38094 test error:    3.05199    0.34732 
Epoch=   45 learning rate   5.000000e-04  train error:    1.57568    0.34228 test error:    1.80124    0.31112 
Epoch=   50 learning rate   5.000000e-04  train error:    2.18232    0.34861 test error:    1.98136    0.31486 
Epoch=   55 learning rate   5.000000e-04  train error:    9.96562    0.39822 test error:   10.17313    0.34967 
Epoch=   60 learning rate   5.000000e-04  train error:   12.40281    0.33527 test error:   11.07313    0.28821 
Epoch=   65 learning rate   5.000000e-04  train error:    6.05817    0.27399 test error:    6.10788    0.25351 
Epoch=   70 learning rate   5.000000e-04  train error:    5.20143    0.26194 test error:    5.83703    0.23818 
Epoch=   75 learning rate   5.000000e-04  train error:    5.19303    0.23910 test error:    5.16162    0.21868 
Epoch=   80 learning rate   5.000000e-04  train error:    5.94002    0.23123 test error:    5.88549    0.21042 
Epoch=   85 learning rate   5.000000e-04  train error: 37963.05078 3325.02637 test error: 37975.20312 3326.48926 
Epoch=   90 learning rate   2.500000e-04  train error:    6.99588    0.24379 test error:    7.23002    0.22118 
Epoch=   95 learning rate   2.500000e-04  train error:   31.86563    0.52161 test error:   32.44164    0.49211 
Epoch=  100 learning rate   2.500000e-04  train error:   26.48076    0.45956 test error:   26.58485    0.42229 
Epoch=  105 learning rate   2.500000e-04  train error: 66534.49219 4493.26758 test error: 66531.71094 4492.89209 
Epoch=  110 learning rate   1.250000e-04  train error:   69.72965    0.61508 test error:   74.13517    0.67237 
Epoch=  115 learning rate   1.250000e-04  train error:   61.20761    0.50966 test error:   65.45882    0.47842 
Epoch=  120 learning rate   1.250000e-04  train error:   71.38882    0.37162 test error:   71.07862    0.34738 
Epoch=  125 learning rate   6.250000e-05  train error:   70.77587    0.29057 test error:   70.49690    0.27040 
Epoch=  130 learning rate   6.250000e-05  train error:   70.21766    0.26133 test error:   70.15914    0.23973 
Epoch=  135 learning rate   6.250000e-05  train error:   77.00421    0.71382 test error:   70.48129    0.39078 
Epoch=  140 learning rate   6.250000e-05  train error:   59.22652    0.18394 test error:   59.26060    0.16531 
Epoch=  145 learning rate   6.250000e-05  train error:  215.11758   20.43692 test error:  206.18602   19.48553 
Epoch=  150 learning rate   3.125000e-05  train error:   34.81666    0.71604 test error:   31.09591    0.54157 
Epoch=  155 learning rate   3.125000e-05  train error:   16.55939    0.29519 test error:   16.36663    0.26853 
Epoch=  160 learning rate   3.125000e-05  train error:   15.66560    0.22665 test error:   15.61499    0.19987 
Epoch=  165 learning rate   3.125000e-05  train error:   15.22185    0.16560 test error:   15.16465    0.13606 
Epoch=  170 learning rate   3.125000e-05  train error:   14.70252    0.17523 test error:   14.60582    0.11638 
Epoch=  175 learning rate   3.125000e-05  train error:   14.53869    0.12886 test error:   14.54366    0.09809 
Epoch=  180 learning rate   3.125000e-05  train error:    7.07444    0.12232 test error:    7.11940    0.08788 
Epoch=  185 learning rate   3.125000e-05  train error:    8.07575    0.11796 test error:    7.99102    0.08502 
Epoch=  190 learning rate   3.125000e-05  train error:    7.68018    0.10689 test error:    7.65472    0.07368 
Epoch=  195 learning rate   3.125000e-05  train error:    7.61084    0.10967 test error:    7.78634    0.08651 
Epoch=  200 learning rate   3.125000e-05  train error:    8.43675    0.09687 test error:    8.29358    0.06839 
Epoch=  205 learning rate   1.562500e-05  train error:    6.33597    0.08991 test error:    6.30996    0.06209 
Epoch=  210 learning rate   1.562500e-05  train error:    5.90576    0.08203 test error:    5.91612    0.05897 
Epoch=  215 learning rate   1.562500e-05  train error:    5.32603    0.07928 test error:    5.29236    0.05820 
Epoch=  220 learning rate   1.562500e-05  train error:    5.80750    0.07500 test error:    6.62908    0.05636 
Epoch=  225 learning rate   1.562500e-05  train error:    6.54274    0.07021 test error:    6.51417    0.05553 
Epoch=  230 learning rate   1.562500e-05  train error:    6.43012    0.21329 test error:    5.99316    0.38205 
Epoch=  235 learning rate   1.562500e-05  train error:    5.05046    0.06310 test error:    5.10085    0.05531 
Epoch=  240 learning rate   1.562500e-05  train error:    3.61825    0.10520 test error:    3.53812    0.05698 
Epoch=  245 learning rate   1.562500e-05  train error:    2.60774    0.05880 test error:    2.55986    0.05236 
Epoch=  250 learning rate   1.562500e-05  train error:    2.08448    0.05710 test error:    3.45953    0.05606 
Epoch=  255 learning rate   1.562500e-05  train error:    2.69990    0.05216 test error:    2.62787    0.04742 
Epoch=  260 learning rate   1.562500e-05  train error:    2.16175    0.04884 test error:    2.05988    0.04609 
Epoch=  265 learning rate   1.562500e-05  train error:    1.80936    0.04481 test error:    1.78207    0.04231 
Epoch=  270 learning rate   1.562500e-05  train error:   10.69464    0.24467 test error:    9.00806    0.16250 
Epoch=  275 learning rate   1.562500e-05  train error:    2.95297    0.07894 test error:    2.62250    0.06278 
Epoch=  280 learning rate   1.562500e-05  train error:    2.16265    0.04784 test error:    2.00575    0.04652 
2025-09-17-23_44_38 
terminated normal
