REANN Package used for fitting energy and tensorial Property
Epoch=    0 learning rate   5.000000e-03  train error:   19.90804    2.25829 test error:   17.53807    2.26677 
Epoch=    1 learning rate   5.000000e-03  train error:   19.48048    1.78294 test error:    3.57743    0.46633 
Epoch=    2 learning rate   5.000000e-03  train error:    3.11535    0.33043 test error:    2.47255    0.23195 
Epoch=    3 learning rate   5.000000e-03  train error:    2.05069    0.22873 test error:    1.50472    0.18128 
Epoch=    4 learning rate   5.000000e-03  train error:    1.71967    0.19611 test error:    1.47419    0.15633 
Epoch=    5 learning rate   5.000000e-03  train error:    1.60559    0.18040 test error:    1.27519    0.14538 
Epoch=    6 learning rate   5.000000e-03  train error:    1.57934    0.16838 test error:    1.13409    0.13400 
Epoch=    7 learning rate   5.000000e-03  train error:    1.37086    0.16110 test error:    1.12754    0.12875 
Epoch=    8 learning rate   5.000000e-03  train error:    1.41417    0.15588 test error:    1.42832    0.12220 
Epoch=    9 learning rate   5.000000e-03  train error:    1.29700    0.15141 test error:    1.05446    0.11801 
Epoch=   10 learning rate   5.000000e-03  train error:    1.18945    0.14584 test error:    0.87821    0.11137 
Epoch=   11 learning rate   5.000000e-03  train error:    1.18826    0.13854 test error:    1.12532    0.10487 
Epoch=   12 learning rate   5.000000e-03  train error:    1.21431    0.13450 test error:    0.97940    0.10356 
Epoch=   13 learning rate   5.000000e-03  train error:    1.14788    0.13170 test error:    1.05010    0.10046 
Epoch=   14 learning rate   5.000000e-03  train error:    1.11906    0.12530 test error:    0.80847    0.09667 
Epoch=   15 learning rate   5.000000e-03  train error:    1.15415    0.12086 test error:    1.03865    0.09503 
Epoch=   16 learning rate   5.000000e-03  train error:    1.12205    0.11137 test error:    0.84337    0.09225 
Epoch=   17 learning rate   5.000000e-03  train error:    1.04017    0.11080 test error:    0.84676    0.09057 
Epoch=   18 learning rate   5.000000e-03  train error:    1.00711    0.10460 test error:    0.82610    0.08976 
Epoch=   19 learning rate   5.000000e-03  train error:    0.99967    0.10549 test error:    0.95186    0.09022 
Epoch=   20 learning rate   5.000000e-03  train error:    0.96478    0.10913 test error:    0.88525    0.08780 
Epoch=   21 learning rate   5.000000e-03  train error:    0.97943    0.11082 test error:    0.87449    0.08776 
Epoch=   22 learning rate   5.000000e-03  train error:    0.99714    0.10200 test error:    0.77368    0.08581 
Epoch=   23 learning rate   5.000000e-03  train error:    0.96576    0.10283 test error:    0.85080    0.08483 
Epoch=   24 learning rate   5.000000e-03  train error:    0.86690    0.10371 test error:    0.72964    0.08560 
Epoch=   25 learning rate   5.000000e-03  train error:    0.90056    0.09966 test error:    0.72917    0.08474 
Epoch=   26 learning rate   5.000000e-03  train error:    0.85764    0.09799 test error:    0.72821    0.08343 
Epoch=   27 learning rate   5.000000e-03  train error:    0.77450    0.09816 test error:    0.71883    0.08434 
Epoch=   28 learning rate   5.000000e-03  train error:    0.77611    0.09609 test error:    0.76954    0.08377 
Epoch=   29 learning rate   5.000000e-03  train error:    0.76200    0.09597 test error:    0.69597    0.08378 
Epoch=   30 learning rate   5.000000e-03  train error:    0.77808    0.09209 test error:    0.63714    0.08443 
Epoch=   31 learning rate   5.000000e-03  train error:    0.74107    0.09312 test error:    0.61570    0.08312 
Epoch=   32 learning rate   5.000000e-03  train error:    0.72494    0.09676 test error:    0.60618    0.08397 
Epoch=   33 learning rate   5.000000e-03  train error:    0.71735    0.09427 test error:    0.60347    0.08488 
Epoch=   34 learning rate   5.000000e-03  train error:    0.66374    0.09253 test error:    0.60664    0.08342 
Epoch=   35 learning rate   5.000000e-03  train error:    0.64010    0.08995 test error:    0.61780    0.08270 
Epoch=   36 learning rate   5.000000e-03  train error:    0.65925    0.09040 test error:    0.60979    0.08292 
Epoch=   37 learning rate   5.000000e-03  train error:    0.65920    0.09046 test error:    0.60030    0.08204 
Epoch=   38 learning rate   5.000000e-03  train error:    0.64610    0.09051 test error:    0.59523    0.08318 
Epoch=   39 learning rate   5.000000e-03  train error:    0.62468    0.09013 test error:    0.58902    0.08221 
Epoch=   40 learning rate   5.000000e-03  train error:    0.60520    0.08978 test error:    0.57439    0.08227 
Epoch=   41 learning rate   5.000000e-03  train error:    0.58481    0.08794 test error:    0.56329    0.08270 
Epoch=   42 learning rate   5.000000e-03  train error:    0.55162    0.08793 test error:    0.52731    0.08366 
Epoch=   43 learning rate   5.000000e-03  train error:    0.54790    0.08739 test error:    0.52541    0.08261 
Epoch=   44 learning rate   5.000000e-03  train error:    0.53027    0.08724 test error:    0.57863    0.08458 
Epoch=   45 learning rate   5.000000e-03  train error:    0.55268    0.08721 test error:    0.54791    0.08384 
Epoch=   46 learning rate   5.000000e-03  train error:    0.53008    0.08671 test error:    0.51664    0.08437 
Epoch=   47 learning rate   5.000000e-03  train error:    0.52001    0.08752 test error:    0.59573    0.08366 
Epoch=   48 learning rate   5.000000e-03  train error:    0.52441    0.08667 test error:    0.52929    0.08436 
Epoch=   49 learning rate   5.000000e-03  train error:    0.53270    0.08679 test error:    0.53490    0.08474 
Epoch=   50 learning rate   5.000000e-03  train error:    0.52774    0.08709 test error:    0.53886    0.08751 
Epoch=   51 learning rate   5.000000e-03  train error:    0.53014    0.08779 test error:    0.50751    0.08685 
Epoch=   52 learning rate   5.000000e-03  train error:    0.73588    0.09793 test error:    0.92054    0.10656 
Epoch=   53 learning rate   5.000000e-03  train error:    0.63828    0.08988 test error:    0.58541    0.08307 
Epoch=   54 learning rate   5.000000e-03  train error:    0.50308    0.08765 test error:    0.51863    0.08315 
Epoch=   55 learning rate   5.000000e-03  train error:    0.43664    0.08695 test error:    0.50899    0.08457 
Epoch=   56 learning rate   5.000000e-03  train error:    0.43125    0.08719 test error:    0.47586    0.08533 
Epoch=   57 learning rate   5.000000e-03  train error:    0.41092    0.08767 test error:    0.45258    0.08463 
Epoch=   58 learning rate   5.000000e-03  train error:    0.40341    0.08727 test error:    0.48013    0.08285 
Epoch=   59 learning rate   5.000000e-03  train error:    0.39514    0.08678 test error:    0.45979    0.08408 
Epoch=   60 learning rate   5.000000e-03  train error:    0.37816    0.08609 test error:    0.43267    0.08351 
Epoch=   61 learning rate   5.000000e-03  train error:    0.37770    0.08651 test error:    0.44642    0.08384 
Epoch=   62 learning rate   5.000000e-03  train error:    0.35606    0.08654 test error:    0.41396    0.08526 
Epoch=   63 learning rate   5.000000e-03  train error:    0.35919    0.08626 test error:    0.42700    0.08369 
Epoch=   64 learning rate   5.000000e-03  train error:    0.35644    0.08625 test error:    0.41020    0.08546 
Epoch=   65 learning rate   5.000000e-03  train error:    0.33845    0.08642 test error:    0.43321    0.08452 
Epoch=   66 learning rate   5.000000e-03  train error:    0.34449    0.08578 test error:    0.40791    0.08416 
Epoch=   67 learning rate   5.000000e-03  train error:    0.32118    0.08580 test error:    0.42097    0.08517 
Epoch=   68 learning rate   2.500000e-03  train error:    0.32619    0.08538 test error:    0.39039    0.08460 
Epoch=   69 learning rate   2.500000e-03  train error:    0.31255    0.08553 test error:    0.40416    0.08526 
Epoch=   70 learning rate   2.500000e-03  train error:    0.31588    0.08550 test error:    0.98607    0.09588 
Epoch=   71 learning rate   2.500000e-03  train error:    0.41049    0.08740 test error:    0.42540    0.08565 
Epoch=   72 learning rate   2.500000e-03  train error:    0.33753    0.08608 test error:    0.41803    0.08576 
Epoch=   73 learning rate   2.500000e-03  train error:    0.33982    0.08631 test error:    0.43017    0.08623 
Epoch=   74 learning rate   2.500000e-03  train error:    0.33907    0.08677 test error:    0.42071    0.08491 
Epoch=   75 learning rate   2.500000e-03  train error:    0.33657    0.08693 test error:    0.42880    0.08444 
Epoch=   76 learning rate   2.500000e-03  train error:    0.34116    0.08698 test error:    0.44598    0.08617 
Epoch=   77 learning rate   2.500000e-03  train error:    0.35326    0.08750 test error:    0.43039    0.08713 
Epoch=   78 learning rate   2.500000e-03  train error:    0.34526    0.08872 test error:    0.43978    0.08621 
Epoch=   79 learning rate   2.500000e-03  train error:    0.35642    0.08854 test error:    0.42960    0.08761 
Epoch=   80 learning rate   2.500000e-03  train error:    0.35762    0.08915 test error:    0.46163    0.08679 
Epoch=   81 learning rate   2.500000e-03  train error:    0.35592    0.08955 test error:    0.45444    0.08728 
Epoch=   82 learning rate   2.500000e-03  train error:    0.35836    0.09309 test error:    0.44780    0.08646 
Epoch=   83 learning rate   2.500000e-03  train error:    0.36607    0.09402 test error:    0.44150    0.08785 
Epoch=   84 learning rate   2.500000e-03  train error:    0.37879    0.09109 test error:    0.43896    0.08909 
Epoch=   85 learning rate   2.500000e-03  train error:    0.38304    0.09428 test error:    0.46362    0.08992 
Epoch=   86 learning rate   2.500000e-03  train error:    0.39895    0.09704 test error:    0.46894    0.08951 
Epoch=   87 learning rate   2.500000e-03  train error:    0.41618    0.09821 test error:    0.50126    0.09204 
Epoch=   88 learning rate   2.500000e-03  train error:    0.54183    0.10252 test error:    0.49996    0.08682 
Epoch=   89 learning rate   2.500000e-03  train error:    0.41098    0.09441 test error:    0.47624    0.08529 
Epoch=   90 learning rate   2.500000e-03  train error:    0.38681    0.09211 test error:    0.44739    0.08645 
Epoch=   91 learning rate   2.500000e-03  train error:    0.37426    0.09036 test error:    0.43665    0.08865 
Epoch=   92 learning rate   2.500000e-03  train error:    0.34831    0.09050 test error:    0.42207    0.08941 
Epoch=   93 learning rate   2.500000e-03  train error:    0.34101    0.08983 test error:    0.40530    0.08874 
Epoch=   94 learning rate   2.500000e-03  train error:    0.34825    0.08999 test error:    0.44631    0.08777 
Epoch=   95 learning rate   2.500000e-03  train error:    0.36595    0.09347 test error:    0.43769    0.09264 
Epoch=   96 learning rate   2.500000e-03  train error:  788.40942    5.49333 test error:    5.04085    0.45353 
Epoch=   97 learning rate   1.250000e-03  train error:    0.32466    0.08629 test error:    0.37850    0.08461 
Epoch=   98 learning rate   1.250000e-03  train error:    0.29483    0.08655 test error:    0.36954    0.08457 
Epoch=   99 learning rate   1.250000e-03  train error:    0.28412    0.08632 test error:    0.37237    0.08499 
Epoch=  100 learning rate   1.250000e-03  train error:    0.27499    0.08629 test error:    0.36899    0.08536 
Epoch=  101 learning rate   1.250000e-03  train error:    0.27241    0.08654 test error:    0.37669    0.08599 
Epoch=  102 learning rate   1.250000e-03  train error:    0.26677    0.08663 test error:    0.37014    0.08726 
Epoch=  103 learning rate   1.250000e-03  train error:    0.26524    0.08675 test error:    0.35806    0.08710 
Epoch=  104 learning rate   1.250000e-03  train error:    0.26988    0.08643 test error:    0.38151    0.08562 
Epoch=  105 learning rate   1.250000e-03  train error:    0.26852    0.08744 test error:    0.38119    0.08622 
Epoch=  106 learning rate   1.250000e-03  train error:    0.31638    0.09109 test error:    0.43752    0.08864 
Epoch=  107 learning rate   1.250000e-03  train error:    0.28819    0.08634 test error:    0.38865    0.08647 
Epoch=  108 learning rate   1.250000e-03  train error:    0.26573    0.08655 test error:    0.37241    0.08710 
Epoch=  109 learning rate   1.250000e-03  train error:    0.25961    0.08649 test error:    0.36342    0.08674 
Epoch=  110 learning rate   1.250000e-03  train error:    0.25177    0.08696 test error:    0.37273    0.08679 
Epoch=  111 learning rate   1.250000e-03  train error:    0.25281    0.08771 test error:    0.36045    0.08626 
Epoch=  112 learning rate   1.250000e-03  train error:    0.25187    0.08779 test error:    0.34263    0.08619 
Epoch=  113 learning rate   1.250000e-03  train error:    0.24912    0.08882 test error:    0.35481    0.08527 
Epoch=  114 learning rate   1.250000e-03  train error:    0.25214    0.09011 test error:    0.34913    0.08641 
Epoch=  115 learning rate   1.250000e-03  train error:    0.26974    0.09254 test error:    0.37959    0.08720 
Epoch=  116 learning rate   1.250000e-03  train error:    0.35264    0.10487 test error:    0.40286    0.08683 
Epoch=  117 learning rate   1.250000e-03  train error:    0.28029    0.09070 test error:    0.37084    0.08531 
Epoch=  118 learning rate   1.250000e-03  train error:    0.25790    0.08855 test error:    0.37804    0.08575 
Epoch=  119 learning rate   1.250000e-03  train error:    0.25017    0.08784 test error:    0.34660    0.08522 
Epoch=  120 learning rate   1.250000e-03  train error:    0.24043    0.08747 test error:    0.35901    0.08513 
Epoch=  121 learning rate   1.250000e-03  train error:    0.23298    0.08748 test error:    0.35860    0.08457 
Epoch=  122 learning rate   1.250000e-03  train error:    0.23568    0.08754 test error:    0.33726    0.08473 
Epoch=  123 learning rate   1.250000e-03  train error:   83.06805   12.04136 test error:    0.63105    0.12650 
Epoch=  124 learning rate   1.250000e-03  train error:    0.37439    0.11511 test error:    0.40450    0.10072 
Epoch=  125 learning rate   1.250000e-03  train error:    0.29806    0.09872 test error:    0.38903    0.09429 
Epoch=  126 learning rate   1.250000e-03  train error:    0.27672    0.09419 test error:    0.41794    0.09437 
Epoch=  127 learning rate   1.250000e-03  train error:    0.26300    0.09335 test error:    0.38439    0.09182 
Epoch=  128 learning rate   1.250000e-03  train error:    0.25520    0.09107 test error:    0.38004    0.09254 
Epoch=  129 learning rate   6.250000e-04  train error:    0.24533    0.09096 test error:    0.39866    0.09272 
Epoch=  130 learning rate   6.250000e-04  train error:    0.23984    0.09058 test error:    0.38725    0.09141 
Epoch=  131 learning rate   6.250000e-04  train error:    0.23212    0.09055 test error:    0.36959    0.08915 
Epoch=  132 learning rate   6.250000e-04  train error:    0.23306    0.09075 test error:    0.35846    0.08814 
Epoch=  133 learning rate   6.250000e-04  train error:    0.26673    0.09267 test error:    0.34682    0.08441 
Epoch=  134 learning rate   6.250000e-04  train error:    0.23223    0.08974 test error:    0.33002    0.08513 
Epoch=  135 learning rate   6.250000e-04  train error:    0.22684    0.09008 test error:    0.34430    0.08607 
Epoch=  136 learning rate   6.250000e-04  train error:    0.21735    0.08991 test error:    0.35155    0.08639 
Epoch=  137 learning rate   6.250000e-04  train error:    0.21462    0.08988 test error:    0.33612    0.08588 
Epoch=  138 learning rate   6.250000e-04  train error:    0.21378    0.08952 test error:    0.33895    0.08552 
Epoch=  139 learning rate   6.250000e-04  train error:    0.20812    0.08976 test error:    0.34659    0.08504 
Epoch=  140 learning rate   6.250000e-04  train error:    0.20522    0.08987 test error:    0.33303    0.08526 
Epoch=  141 learning rate   6.250000e-04  train error:    0.20220    0.08980 test error:    0.34367    0.08701 
Epoch=  142 learning rate   6.250000e-04  train error:    0.19782    0.08991 test error:    0.33735    0.08736 
Epoch=  143 learning rate   6.250000e-04  train error:    0.19331    0.09013 test error:    0.34216    0.08753 
Epoch=  144 learning rate   6.250000e-04  train error:    0.18886    0.09011 test error:    0.35018    0.08793 
Epoch=  145 learning rate   6.250000e-04  train error:    0.18916    0.09001 test error:    0.34629    0.08779 
Epoch=  146 learning rate   6.250000e-04  train error:    0.18642    0.09010 test error:    0.33679    0.08808 
Epoch=  147 learning rate   6.250000e-04  train error:    0.18448    0.09021 test error:    0.33575    0.08808 
Epoch=  148 learning rate   6.250000e-04  train error:    0.18141    0.09047 test error:    0.33813    0.08810 
Epoch=  149 learning rate   6.250000e-04  train error:    0.17852    0.09059 test error:    0.34672    0.08768 
Epoch=  150 learning rate   6.250000e-04  train error:    0.17860    0.09044 test error:    0.33995    0.08778 
Epoch=  151 learning rate   6.250000e-04  train error:    0.17667    0.09067 test error:    0.35240    0.08816 
Epoch=  152 learning rate   6.250000e-04  train error:    0.17404    0.09061 test error:    0.34392    0.08864 
Epoch=  153 learning rate   6.250000e-04  train error:    0.17143    0.09057 test error:    0.34101    0.08794 
Epoch=  154 learning rate   6.250000e-04  train error:    0.17073    0.09040 test error:    0.33795    0.08750 
Epoch=  155 learning rate   6.250000e-04  train error:    0.16836    0.09029 test error:    0.34398    0.08751 
Epoch=  156 learning rate   6.250000e-04  train error:    0.16619    0.09025 test error:    0.33463    0.08828 
Epoch=  157 learning rate   6.250000e-04  train error:    0.16565    0.09049 test error:    0.33278    0.08886 
Epoch=  158 learning rate   6.250000e-04  train error:    0.16312    0.09069 test error:    0.34131    0.08856 
Epoch=  159 learning rate   6.250000e-04  train error:    0.16117    0.09064 test error:    0.34488    0.08895 
Epoch=  160 learning rate   6.250000e-04  train error:    0.16126    0.09083 test error:    0.35308    0.08874 
Epoch=  161 learning rate   6.250000e-04  train error:    0.15820    0.09079 test error:    0.35208    0.08951 
Epoch=  162 learning rate   6.250000e-04  train error:    0.15542    0.09076 test error:    0.35307    0.08954 
Epoch=  163 learning rate   6.250000e-04  train error:    0.15542    0.09076 test error:    0.35315    0.08967 
Epoch=  164 learning rate   3.125000e-04  train error:    0.15501    0.09097 test error:    0.36057    0.08987 
Epoch=  165 learning rate   3.125000e-04  train error:    0.15259    0.09080 test error:    0.36049    0.09032 
Epoch=  166 learning rate   3.125000e-04  train error:    0.15260    0.09110 test error:    0.35820    0.09065 
Epoch=  167 learning rate   3.125000e-04  train error:    0.14959    0.09101 test error:    0.35442    0.09080 
Epoch=  168 learning rate   3.125000e-04  train error:    0.15068    0.09093 test error:    0.35187    0.09121 
Epoch=  169 learning rate   3.125000e-04  train error:    0.15128    0.09099 test error:    0.35898    0.09172 
Epoch=  170 learning rate   3.125000e-04  train error:    0.14852    0.09147 test error:    0.35435    0.09179 
Epoch=  171 learning rate   3.125000e-04  train error:    0.14880    0.09136 test error:    0.36261    0.09195 
Epoch=  172 learning rate   3.125000e-04  train error:    0.15047    0.09147 test error:    0.36839    0.09273 
Epoch=  173 learning rate   3.125000e-04  train error:    0.15331    0.09166 test error:    0.36399    0.09274 
Epoch=  174 learning rate   3.125000e-04  train error:    0.15565    0.09246 test error:    0.37380    0.09398 
Epoch=  175 learning rate   3.125000e-04  train error:    0.16489    0.09357 test error:    0.38301    0.09643 
Epoch=  176 learning rate   3.125000e-04  train error:    0.22613    0.10647 test error:    0.42887    0.09996 
Epoch=  177 learning rate   3.125000e-04  train error:    0.16800    0.09054 test error:    0.36166    0.08952 
Epoch=  178 learning rate   3.125000e-04  train error:    0.15571    0.08972 test error:    0.36017    0.08987 
Epoch=  179 learning rate   3.125000e-04  train error:    0.15438    0.08973 test error:    0.36263    0.08926 
Epoch=  180 learning rate   3.125000e-04  train error:    0.15113    0.08976 test error:    0.36730    0.08956 
Epoch=  181 learning rate   3.125000e-04  train error:    0.14934    0.08987 test error:    0.36078    0.09016 
Epoch=  182 learning rate   3.125000e-04  train error:    0.14833    0.08989 test error:    0.36382    0.09013 
Epoch=  183 learning rate   3.125000e-04  train error:    0.14804    0.08988 test error:    0.36011    0.09066 
Epoch=  184 learning rate   3.125000e-04  train error:    0.14677    0.08995 test error:    0.36132    0.09192 
Epoch=  185 learning rate   3.125000e-04  train error:    0.14447    0.09001 test error:    0.35909    0.09117 
Epoch=  186 learning rate   3.125000e-04  train error:    0.14333    0.09005 test error:    0.36343    0.09125 
Epoch=  187 learning rate   3.125000e-04  train error:    0.14213    0.09026 test error:    0.36351    0.09152 
Epoch=  188 learning rate   3.125000e-04  train error:    0.14075    0.09038 test error:    0.36176    0.09141 
Epoch=  189 learning rate   3.125000e-04  train error:    0.13939    0.09065 test error:    0.36061    0.09172 
Epoch=  190 learning rate   3.125000e-04  train error:    0.13663    0.09059 test error:    0.36203    0.09193 
Epoch=  191 learning rate   3.125000e-04  train error:    0.13722    0.09072 test error:    0.35744    0.09244 
Epoch=  192 learning rate   3.125000e-04  train error:    0.13560    0.09101 test error:    0.36083    0.09292 
Epoch=  193 learning rate   3.125000e-04  train error:    0.13391    0.09129 test error:    0.36268    0.09303 
Epoch=  194 learning rate   3.125000e-04  train error:    0.13591    0.09159 test error:    0.36716    0.09423 
Epoch=  195 learning rate   3.125000e-04  train error:    0.13619    0.09209 test error:    0.37172    0.09479 
Epoch=  196 learning rate   3.125000e-04  train error:    0.13760    0.09350 test error:    0.37777    0.09614 
Epoch=  197 learning rate   3.125000e-04  train error:    0.14904    0.09604 test error:    0.38099    0.09813 
Epoch=  198 learning rate   3.125000e-04  train error:   14.29655    0.52650 test error:    0.71942    0.16023 
Epoch=  199 learning rate   3.125000e-04  train error:    0.44784    0.13651 test error:    0.45153    0.10695 
Epoch=  200 learning rate   3.125000e-04  train error:    0.27499    0.11103 test error:    0.42132    0.09823 
Epoch=  201 learning rate   3.125000e-04  train error:    0.22799    0.10264 test error:    0.40626    0.09456 
Epoch=  202 learning rate   3.125000e-04  train error:    0.21294    0.09801 test error:    0.37396    0.09212 
Epoch=  203 learning rate   3.125000e-04  train error:    0.19484    0.09574 test error:    0.37341    0.09346 
Epoch=  204 learning rate   3.125000e-04  train error:    0.18648    0.09455 test error:    0.36331    0.09366 
Epoch=  205 learning rate   3.125000e-04  train error:    0.17977    0.09378 test error:    0.35431    0.09349 
Epoch=  206 learning rate   3.125000e-04  train error:    0.17269    0.09354 test error:    0.33936    0.09523 
Epoch=  207 learning rate   3.125000e-04  train error:    0.17408    0.09456 test error:    0.33775    0.09538 
Epoch=  208 learning rate   3.125000e-04  train error:    0.22455    0.10585 test error:    0.31425    0.09277 
Epoch=  209 learning rate   3.125000e-04  train error:    0.18386    0.09384 test error:    0.31763    0.09188 
Epoch=  210 learning rate   1.562500e-04  train error:    0.17626    0.09272 test error:    0.31952    0.09116 
Epoch=  211 learning rate   1.562500e-04  train error:    0.16830    0.09192 test error:    0.31395    0.09128 
Epoch=  212 learning rate   1.562500e-04  train error:    0.16300    0.09166 test error:    0.31639    0.09230 
Epoch=  213 learning rate   1.562500e-04  train error:    0.16216    0.09162 test error:    0.31281    0.09234 
Epoch=  214 learning rate   1.562500e-04  train error:    0.15845    0.09150 test error:    0.31917    0.09298 
Epoch=  215 learning rate   1.562500e-04  train error:    0.15571    0.09133 test error:    0.32120    0.09280 
Epoch=  216 learning rate   1.562500e-04  train error:    0.15188    0.09135 test error:    0.32081    0.09311 
Epoch=  217 learning rate   1.562500e-04  train error:    0.14954    0.09118 test error:    0.31794    0.09305 
Epoch=  218 learning rate   1.562500e-04  train error:    0.14814    0.09109 test error:    0.31723    0.09338 
Epoch=  219 learning rate   1.562500e-04  train error:    0.14504    0.09126 test error:    0.31416    0.09340 
Epoch=  220 learning rate   1.562500e-04  train error:    0.14370    0.09115 test error:    0.31392    0.09336 
Epoch=  221 learning rate   1.562500e-04  train error:    0.14173    0.09108 test error:    0.31906    0.09416 
Epoch=  222 learning rate   1.562500e-04  train error:    0.14059    0.09124 test error:    0.31836    0.09446 
Epoch=  223 learning rate   1.562500e-04  train error:    0.13978    0.09129 test error:    0.32055    0.09422 
Epoch=  224 learning rate   1.562500e-04  train error:    0.13704    0.09123 test error:    0.31953    0.09467 
Epoch=  225 learning rate   1.562500e-04  train error:    0.13524    0.09140 test error:    0.31996    0.09464 
Epoch=  226 learning rate   1.562500e-04  train error:    0.13464    0.09130 test error:    0.32129    0.09457 
Epoch=  227 learning rate   1.562500e-04  train error:    0.13265    0.09148 test error:    0.32129    0.09514 
Epoch=  228 learning rate   1.562500e-04  train error:    0.13175    0.09151 test error:    0.32453    0.09535 
Epoch=  229 learning rate   1.562500e-04  train error:    0.13025    0.09166 test error:    0.32645    0.09491 
Epoch=  230 learning rate   1.562500e-04  train error:    0.13005    0.09144 test error:    0.32693    0.09546 
Epoch=  231 learning rate   1.562500e-04  train error:    0.12934    0.09149 test error:    0.33171    0.09578 
Epoch=  232 learning rate   1.562500e-04  train error:    0.12800    0.09156 test error:    0.33072    0.09539 
Epoch=  233 learning rate   1.562500e-04  train error:    0.12634    0.09126 test error:    0.32888    0.09608 
Epoch=  234 learning rate   1.562500e-04  train error:    0.12466    0.09143 test error:    0.32577    0.09647 
Epoch=  235 learning rate   1.562500e-04  train error:    0.12485    0.09144 test error:    0.32658    0.09628 
Epoch=  236 learning rate   1.562500e-04  train error:    0.12374    0.09137 test error:    0.32651    0.09661 
Epoch=  237 learning rate   1.562500e-04  train error:    0.12281    0.09139 test error:    0.32863    0.09737 
Epoch=  238 learning rate   1.562500e-04  train error:    0.12204    0.09149 test error:    0.33110    0.09737 
Epoch=  239 learning rate   1.562500e-04  train error:    0.12026    0.09153 test error:    0.33258    0.09767 
Epoch=  240 learning rate   1.562500e-04  train error:    0.11913    0.09155 test error:    0.33243    0.09750 
Epoch=  241 learning rate   1.562500e-04  train error:    0.11887    0.09148 test error:    0.33568    0.09742 
Epoch=  242 learning rate   7.812500e-05  train error:    0.11792    0.09143 test error:    0.33630    0.09789 
Epoch=  243 learning rate   7.812500e-05  train error:    0.11707    0.09144 test error:    0.33579    0.09835 
Epoch=  244 learning rate   7.812500e-05  train error:    0.11683    0.09152 test error:    0.33440    0.09833 
Epoch=  245 learning rate   7.812500e-05  train error:    0.11555    0.09151 test error:    0.33185    0.09875 
Epoch=  246 learning rate   7.812500e-05  train error:    0.11542    0.09151 test error:    0.33198    0.09869 
Epoch=  247 learning rate   7.812500e-05  train error:    0.11426    0.09154 test error:    0.33543    0.09901 
Epoch=  248 learning rate   7.812500e-05  train error:    0.11427    0.09159 test error:    0.33683    0.09880 
Epoch=  249 learning rate   7.812500e-05  train error:    0.11317    0.09162 test error:    0.33770    0.09901 
Epoch=  250 learning rate   7.812500e-05  train error:    0.11299    0.09155 test error:    0.33712    0.09876 
Epoch=  251 learning rate   7.812500e-05  train error:    0.11256    0.09149 test error:    0.33920    0.09890 
Epoch=  252 learning rate   7.812500e-05  train error:    0.11127    0.09154 test error:    0.33823    0.09897 
Epoch=  253 learning rate   7.812500e-05  train error:    0.11072    0.09154 test error:    0.33797    0.09827 
Epoch=  254 learning rate   7.812500e-05  train error:    0.11020    0.09161 test error:    0.33949    0.09819 
Epoch=  255 learning rate   7.812500e-05  train error:    0.10941    0.09164 test error:    0.34022    0.09864 
Epoch=  256 learning rate   7.812500e-05  train error:    0.11008    0.09146 test error:    0.34022    0.09893 
Epoch=  257 learning rate   7.812500e-05  train error:    0.10893    0.09152 test error:    0.34128    0.09883 
Epoch=  258 learning rate   7.812500e-05  train error:    0.10835    0.09159 test error:    0.34283    0.09885 
Epoch=  259 learning rate   7.812500e-05  train error:    0.10778    0.09168 test error:    0.34333    0.09920 
Epoch=  260 learning rate   7.812500e-05  train error:    0.10797    0.09167 test error:    0.33996    0.09933 
Epoch=  261 learning rate   7.812500e-05  train error:    0.10740    0.09168 test error:    0.33893    0.09934 
Epoch=  262 learning rate   7.812500e-05  train error:    0.10696    0.09165 test error:    0.34040    0.09908 
Epoch=  263 learning rate   7.812500e-05  train error:    0.10678    0.09164 test error:    0.34277    0.09924 
Epoch=  264 learning rate   7.812500e-05  train error:    0.10586    0.09167 test error:    0.34316    0.09947 
Epoch=  265 learning rate   7.812500e-05  train error:    0.10528    0.09157 test error:    0.34345    0.09940 
Epoch=  266 learning rate   7.812500e-05  train error:    0.10543    0.09164 test error:    0.34499    0.09998 
Epoch=  267 learning rate   7.812500e-05  train error:    0.10599    0.09154 test error:    0.34468    0.09979 
Epoch=  268 learning rate   7.812500e-05  train error:    0.10456    0.09144 test error:    0.34606    0.09972 
Epoch=  269 learning rate   7.812500e-05  train error:    0.10472    0.09138 test error:    0.34575    0.09973 
Epoch=  270 learning rate   7.812500e-05  train error:    0.10393    0.09146 test error:    0.34551    0.09981 
Epoch=  271 learning rate   7.812500e-05  train error:    0.10355    0.09135 test error:    0.34898    0.10032 
Epoch=  272 learning rate   7.812500e-05  train error:    0.10337    0.09130 test error:    0.35008    0.10053 
Epoch=  273 learning rate   7.812500e-05  train error:    0.10295    0.09133 test error:    0.35085    0.10047 
Epoch=  274 learning rate   7.812500e-05  train error:    0.10283    0.09143 test error:    0.34805    0.10052 
Epoch=  275 learning rate   7.812500e-05  train error:    0.10207    0.09141 test error:    0.35050    0.10067 
Epoch=  276 learning rate   7.812500e-05  train error:    0.10164    0.09146 test error:    0.34803    0.10031 
Epoch=  277 learning rate   7.812500e-05  train error:    0.10148    0.09148 test error:    0.34551    0.10011 
Epoch=  278 learning rate   7.812500e-05  train error:    0.10105    0.09151 test error:    0.34674    0.10006 
Epoch=  279 learning rate   7.812500e-05  train error:    0.10073    0.09142 test error:    0.34500    0.10002 
Epoch=  280 learning rate   7.812500e-05  train error:    0.10073    0.09142 test error:    0.34441    0.10047 
Epoch=  281 learning rate   7.812500e-05  train error:    0.09996    0.09144 test error:    0.34873    0.10059 
Epoch=  282 learning rate   7.812500e-05  train error:    0.09941    0.09144 test error:    0.34678    0.10057 
Epoch=  283 learning rate   7.812500e-05  train error:    0.09925    0.09153 test error:    0.34746    0.10073 
Epoch=  284 learning rate   7.812500e-05  train error:    0.09882    0.09159 test error:    0.34119    0.10051 
Epoch=  285 learning rate   3.906250e-05  train error:    0.09849    0.09158 test error:    0.34305    0.10060 
Epoch=  286 learning rate   3.906250e-05  train error:    0.09836    0.09176 test error:    0.34263    0.10028 
Epoch=  287 learning rate   3.906250e-05  train error:    0.09756    0.09185 test error:    0.34485    0.10048 
Epoch=  288 learning rate   3.906250e-05  train error:    0.09816    0.09198 test error:    0.34483    0.10074 
Epoch=  289 learning rate   3.906250e-05  train error:    0.09868    0.09243 test error:    0.34582    0.10115 
Epoch=  290 learning rate   3.906250e-05  train error:    0.10016    0.09310 test error:    0.34463    0.10161 
Epoch=  291 learning rate   3.906250e-05  train error:    0.10392    0.09515 test error:    0.34653    0.10324 
Epoch=  292 learning rate   3.906250e-05  train error:    0.12717    0.10087 test error:    0.35541    0.09929 
Epoch=  293 learning rate   3.906250e-05  train error:    0.10612    0.09154 test error:    0.35890    0.09962 
Epoch=  294 learning rate   3.906250e-05  train error:    0.10078    0.09103 test error:    0.35963    0.09969 
Epoch=  295 learning rate   3.906250e-05  train error:    0.10040    0.09087 test error:    0.36223    0.09962 
Epoch=  296 learning rate   3.906250e-05  train error:    0.10010    0.09088 test error:    0.35694    0.09952 
Epoch=  297 learning rate   3.906250e-05  train error:    0.09943    0.09098 test error:    0.35628    0.09966 
Epoch=  298 learning rate   3.906250e-05  train error:    0.09906    0.09096 test error:    0.35671    0.09979 
Epoch=  299 learning rate   3.906250e-05  train error:    0.09839    0.09098 test error:    0.35486    0.09995 
Epoch=  300 learning rate   3.906250e-05  train error:    0.09853    0.09104 test error:    0.35614    0.09995 
Epoch=  301 learning rate   3.906250e-05  train error:    0.09770    0.09097 test error:    0.35988    0.09995 
Epoch=  302 learning rate   3.906250e-05  train error:    0.09769    0.09098 test error:    0.36087    0.10013 
Epoch=  303 learning rate   3.906250e-05  train error:    0.09714    0.09102 test error:    0.36042    0.10036 
Epoch=  304 learning rate   3.906250e-05  train error:    0.09745    0.09105 test error:    0.36212    0.10033 
Epoch=  305 learning rate   3.906250e-05  train error:    0.09661    0.09104 test error:    0.36314    0.10075 
Epoch=  306 learning rate   3.906250e-05  train error:    0.09644    0.09115 test error:    0.36455    0.10092 
Epoch=  307 learning rate   3.906250e-05  train error:    0.09597    0.09127 test error:    0.36163    0.10114 
Epoch=  308 learning rate   3.906250e-05  train error:    0.09552    0.09144 test error:    0.36314    0.10115 
Epoch=  309 learning rate   3.906250e-05  train error:    0.09551    0.09170 test error:    0.35986    0.10171 
Epoch=  310 learning rate   3.906250e-05  train error:    0.09453    0.09201 test error:    0.36111    0.10207 
Epoch=  311 learning rate   3.906250e-05  train error:    0.09617    0.09250 test error:    0.36403    0.10280 
Epoch=  312 learning rate   3.906250e-05  train error:    0.09772    0.09339 test error:    0.36048    0.10433 
Epoch=  313 learning rate   3.906250e-05  train error:    0.10469    0.09713 test error:    0.36808    0.11011 
Epoch=  314 learning rate   3.906250e-05  train error:    0.89605    0.12498 test error:    0.38311    0.10255 
Epoch=  315 learning rate   3.906250e-05  train error:    0.11083    0.09425 test error:    0.37050    0.09959 
Epoch=  316 learning rate   3.906250e-05  train error:    0.10479    0.09281 test error:    0.36776    0.09893 
Epoch=  317 learning rate   3.906250e-05  train error:    0.10261    0.09194 test error:    0.37239    0.09919 
Epoch=  318 learning rate   3.906250e-05  train error:    0.10064    0.09156 test error:    0.36851    0.09876 
Epoch=  319 learning rate   3.906250e-05  train error:    0.09940    0.09137 test error:    0.37116    0.09895 
Epoch=  320 learning rate   3.906250e-05  train error:    0.09868    0.09123 test error:    0.36647    0.09873 
Epoch=  321 learning rate   3.906250e-05  train error:    0.09852    0.09106 test error:    0.36912    0.09875 
Epoch=  322 learning rate   3.906250e-05  train error:    0.09784    0.09103 test error:    0.36769    0.09850 
Epoch=  323 learning rate   3.906250e-05  train error:    0.09695    0.09097 test error:    0.36845    0.09837 
Epoch=  324 learning rate   3.906250e-05  train error:    0.09660    0.09081 test error:    0.37031    0.09843 
Epoch=  325 learning rate   3.906250e-05  train error:    0.09653    0.09075 test error:    0.37243    0.09835 
Epoch=  326 learning rate   3.906250e-05  train error:    0.09625    0.09076 test error:    0.36975    0.09843 
Epoch=  327 learning rate   3.906250e-05  train error:    0.09569    0.09071 test error:    0.36873    0.09860 
Epoch=  328 learning rate   3.906250e-05  train error:    0.09527    0.09071 test error:    0.36961    0.09847 
Epoch=  329 learning rate   3.906250e-05  train error:    0.09464    0.09075 test error:    0.36821    0.09828 
Epoch=  330 learning rate   3.906250e-05  train error:    0.09435    0.09074 test error:    0.36726    0.09791 
Epoch=  331 learning rate   3.906250e-05  train error:    0.09432    0.09070 test error:    0.36610    0.09817 
Epoch=  332 learning rate   3.906250e-05  train error:    0.09386    0.09073 test error:    0.36529    0.09831 
Epoch=  333 learning rate   3.906250e-05  train error:    0.09387    0.09068 test error:    0.36742    0.09855 
Epoch=  334 learning rate   3.906250e-05  train error:    0.09373    0.09070 test error:    0.36549    0.09886 
Epoch=  335 learning rate   3.906250e-05  train error:    0.09215    0.09087 test error:    0.36604    0.09904 
Epoch=  336 learning rate   3.906250e-05  train error:    0.09266    0.09100 test error:    0.36236    0.09946 
Epoch=  337 learning rate   3.906250e-05  train error:    0.09283    0.09121 test error:    0.36214    0.10014 
Epoch=  338 learning rate   3.906250e-05  train error:    0.09498    0.09250 test error:    0.36608    0.10364 
Epoch=  339 learning rate   3.906250e-05  train error:    0.10778    0.09666 test error:    0.36399    0.09987 
Epoch=  340 learning rate   3.906250e-05  train error:    0.09465    0.09082 test error:    0.36678    0.09891 
Epoch=  341 learning rate   3.906250e-05  train error:    0.09315    0.09056 test error:    0.36946    0.09862 
Epoch=  342 learning rate   3.906250e-05  train error:    0.09325    0.09051 test error:    0.36879    0.09877 
Epoch=  343 learning rate   3.906250e-05  train error:    0.09334    0.09040 test error:    0.36709    0.09875 
Epoch=  344 learning rate   3.906250e-05  train error:    0.09291    0.09044 test error:    0.37116    0.09850 
Epoch=  345 learning rate   3.906250e-05  train error:    0.09286    0.09038 test error:    0.36954    0.09886 
Epoch=  346 learning rate   3.906250e-05  train error:    0.09217    0.09036 test error:    0.36753    0.09868 
Epoch=  347 learning rate   3.906250e-05  train error:    0.09150    0.09036 test error:    0.36946    0.09857 
Epoch=  348 learning rate   3.906250e-05  train error:    0.09171    0.09040 test error:    0.36970    0.09867 
Epoch=  349 learning rate   3.906250e-05  train error:    0.09139    0.09041 test error:    0.36996    0.09868 
Epoch=  350 learning rate   3.906250e-05  train error:    0.09105    0.09042 test error:    0.36818    0.09873 
Epoch=  351 learning rate   3.906250e-05  train error:    0.09077    0.09038 test error:    0.36939    0.09884 
Epoch=  352 learning rate   3.906250e-05  train error:    0.09053    0.09039 test error:    0.36808    0.09863 
Epoch=  353 learning rate   3.906250e-05  train error:    0.09006    0.09040 test error:    0.36847    0.09891 
Epoch=  354 learning rate   3.906250e-05  train error:    0.09008    0.09035 test error:    0.36921    0.09867 
Epoch=  355 learning rate   3.906250e-05  train error:    0.08948    0.09036 test error:    0.36753    0.09845 
Epoch=  356 learning rate   3.906250e-05  train error:    0.08925    0.09040 test error:    0.37070    0.09842 
Epoch=  357 learning rate   3.906250e-05  train error:    0.08960    0.09040 test error:    0.36993    0.09859 
Epoch=  358 learning rate   3.906250e-05  train error:    0.08927    0.09034 test error:    0.37200    0.09849 
Epoch=  359 learning rate   3.906250e-05  train error:    0.08887    0.09032 test error:    0.37000    0.09844 
Epoch=  360 learning rate   3.906250e-05  train error:    0.08848    0.09028 test error:    0.36976    0.09846 
Epoch=  361 learning rate   1.953125e-05  train error:    0.08827    0.09029 test error:    0.37093    0.09852 
Epoch=  362 learning rate   1.953125e-05  train error:    0.08832    0.09027 test error:    0.37017    0.09872 
Epoch=  363 learning rate   1.953125e-05  train error:    0.08805    0.09027 test error:    0.36941    0.09870 
Epoch=  364 learning rate   1.953125e-05  train error:    0.08769    0.09027 test error:    0.36790    0.09886 
Epoch=  365 learning rate   1.953125e-05  train error:    0.08726    0.09021 test error:    0.37025    0.09889 
Epoch=  366 learning rate   1.953125e-05  train error:    0.08714    0.09024 test error:    0.37185    0.09878 
Epoch=  367 learning rate   1.953125e-05  train error:    0.08742    0.09024 test error:    0.36992    0.09859 
Epoch=  368 learning rate   1.953125e-05  train error:    0.08760    0.09022 test error:    0.36982    0.09864 
Epoch=  369 learning rate   1.953125e-05  train error:    0.08668    0.09021 test error:    0.37079    0.09859 
Epoch=  370 learning rate   1.953125e-05  train error:    0.08672    0.09028 test error:    0.37279    0.09860 
Epoch=  371 learning rate   1.953125e-05  train error:    0.08665    0.09028 test error:    0.37431    0.09860 
Epoch=  372 learning rate   1.953125e-05  train error:    0.08612    0.09029 test error:    0.37329    0.09861 
Epoch=  373 learning rate   1.953125e-05  train error:    0.08631    0.09031 test error:    0.37320    0.09875 
Epoch=  374 learning rate   1.953125e-05  train error:    0.08625    0.09028 test error:    0.37266    0.09866 
Epoch=  375 learning rate   1.953125e-05  train error:    0.08601    0.09024 test error:    0.37319    0.09878 
Epoch=  376 learning rate   1.953125e-05  train error:    0.08566    0.09026 test error:    0.37293    0.09847 
Epoch=  377 learning rate   1.953125e-05  train error:    0.08541    0.09028 test error:    0.37029    0.09847 
Epoch=  378 learning rate   1.953125e-05  train error:    0.08546    0.09024 test error:    0.37107    0.09850 
Epoch=  379 learning rate   1.953125e-05  train error:    0.08515    0.09027 test error:    0.37067    0.09822 
Epoch=  380 learning rate   1.953125e-05  train error:    0.08491    0.09030 test error:    0.36922    0.09823 
Epoch=  381 learning rate   1.953125e-05  train error:    0.08450    0.09033 test error:    0.36932    0.09815 
Epoch=  382 learning rate   1.953125e-05  train error:    0.08476    0.09032 test error:    0.36754    0.09817 
Epoch=  383 learning rate   1.953125e-05  train error:    0.08456    0.09027 test error:    0.36861    0.09852 
Epoch=  384 learning rate   1.953125e-05  train error:    0.08403    0.09025 test error:    0.37055    0.09855 
Epoch=  385 learning rate   1.953125e-05  train error:    0.08434    0.09025 test error:    0.37491    0.09889 
Epoch=  386 learning rate   1.953125e-05  train error:    0.08448    0.09026 test error:    0.37368    0.09891 
Epoch=  387 learning rate   1.953125e-05  train error:    0.08381    0.09030 test error:    0.37516    0.09889 
Epoch=  388 learning rate   1.953125e-05  train error:    0.08386    0.09030 test error:    0.37460    0.09878 
Epoch=  389 learning rate   1.953125e-05  train error:    0.08406    0.09030 test error:    0.37388    0.09848 
Epoch=  390 learning rate   1.953125e-05  train error:    0.08394    0.09031 test error:    0.37228    0.09861 
Epoch=  391 learning rate   1.953125e-05  train error:    0.08360    0.09032 test error:    0.37263    0.09829 
Epoch=  392 learning rate   1.953125e-05  train error:    0.08337    0.09033 test error:    0.37215    0.09835 
Epoch=  393 learning rate   1.953125e-05  train error:    0.08327    0.09030 test error:    0.37079    0.09823 
Epoch=  394 learning rate   1.953125e-05  train error:    0.08339    0.09031 test error:    0.37048    0.09826 
Epoch=  395 learning rate   1.953125e-05  train error:    0.08338    0.09033 test error:    0.36903    0.09796 
Epoch=  396 learning rate   1.953125e-05  train error:    0.08299    0.09034 test error:    0.36964    0.09807 
Epoch=  397 learning rate   1.953125e-05  train error:    0.08272    0.09033 test error:    0.36971    0.09791 
Epoch=  398 learning rate   1.953125e-05  train error:    0.08339    0.09034 test error:    0.36963    0.09802 
Epoch=  399 learning rate   1.953125e-05  train error:    0.08318    0.09029 test error:    0.36785    0.09799 
Epoch=  400 learning rate   1.953125e-05  train error:    0.08285    0.09031 test error:    0.36836    0.09803 
Epoch=  401 learning rate   1.953125e-05  train error:    0.08240    0.09034 test error:    0.36721    0.09808 
Epoch=  402 learning rate   1.953125e-05  train error:    0.08241    0.09042 test error:    0.36516    0.09786 
Epoch=  403 learning rate   1.953125e-05  train error:    0.08225    0.09046 test error:    0.36683    0.09796 
Epoch=  404 learning rate   1.953125e-05  train error:    0.08243    0.09045 test error:    0.36706    0.09798 
Epoch=  405 learning rate   1.953125e-05  train error:    0.08194    0.09040 test error:    0.36828    0.09790 
Epoch=  406 learning rate   1.953125e-05  train error:    0.08238    0.09045 test error:    0.36759    0.09791 
Epoch=  407 learning rate   1.953125e-05  train error:    0.08183    0.09055 test error:    0.36974    0.09754 
Epoch=  408 learning rate   1.953125e-05  train error:    0.08194    0.09057 test error:    0.36798    0.09745 
Epoch=  409 learning rate   1.953125e-05  train error:    0.08185    0.09063 test error:    0.36882    0.09750 
Epoch=  410 learning rate   1.953125e-05  train error:    0.08145    0.09069 test error:    0.36825    0.09733 
Epoch=  411 learning rate   1.953125e-05  train error:    0.08159    0.09069 test error:    0.36873    0.09731 
Epoch=  412 learning rate   1.953125e-05  train error:    0.08068    0.09076 test error:    0.36785    0.09737 
Epoch=  413 learning rate   1.953125e-05  train error:    0.08128    0.09081 test error:    0.36757    0.09694 
Epoch=  414 learning rate   1.953125e-05  train error:    0.08116    0.09088 test error:    0.36823    0.09684 
Epoch=  415 learning rate   1.953125e-05  train error:    0.08096    0.09098 test error:    0.36755    0.09660 
Epoch=  416 learning rate   1.953125e-05  train error:    0.08156    0.09106 test error:    0.36645    0.09654 
Epoch=  417 learning rate   1.953125e-05  train error:    0.08112    0.09114 test error:    0.36688    0.09638 
Epoch=  418 learning rate   1.953125e-05  train error:    0.08134    0.09124 test error:    0.36738    0.09617 
Epoch=  419 learning rate   1.953125e-05  train error:    0.08100    0.09139 test error:    0.36981    0.09609 
Epoch=  420 learning rate   1.953125e-05  train error:    0.08135    0.09155 test error:    0.37153    0.09623 
Epoch=  421 learning rate   1.953125e-05  train error:    0.08105    0.09174 test error:    0.37556    0.09634 
Epoch=  422 learning rate   1.953125e-05  train error:    0.08099    0.09195 test error:    0.37632    0.09629 
Epoch=  423 learning rate   1.953125e-05  train error:    0.08128    0.09220 test error:    0.37711    0.09657 
Epoch=  424 learning rate   1.953125e-05  train error:    0.08155    0.09253 test error:    0.37894    0.09707 
Epoch=  425 learning rate   1.953125e-05  train error:    0.08128    0.09293 test error:    0.38134    0.09722 
Epoch=  426 learning rate   1.953125e-05  train error:    0.08208    0.09339 test error:    0.38695    0.09788 
Epoch=  427 learning rate   1.953125e-05  train error:    0.08272    0.09400 test error:    0.39246    0.09863 
Epoch=  428 learning rate   1.953125e-05  train error:    0.08284    0.09478 test error:    0.39794    0.09990 
Epoch=  429 learning rate   1.953125e-05  train error:    0.08492    0.09626 test error:    0.40851    0.10248 
Epoch=  430 learning rate   1.953125e-05  train error:    0.08805    0.09888 test error:    0.42052    0.10800 
Epoch=  431 learning rate   1.953125e-05  train error:    2.48424    0.38970 test error:    0.82056    0.25338 
Epoch=  432 learning rate   1.953125e-05  train error:    0.40005    0.20493 test error:    0.48682    0.15035 
Epoch=  433 learning rate   1.953125e-05  train error:    3.79860    0.23997 test error:    0.82950    0.16277 
Epoch=  434 learning rate   1.953125e-05  train error:    0.57089    0.17501 test error:    0.47752    0.14110 
Epoch=  435 learning rate   1.953125e-05  train error:    0.46753    0.16509 test error:    0.43209    0.13629 
Epoch=  436 learning rate   1.953125e-05  train error:    0.37147    0.16122 test error:    0.36767    0.11830 
Epoch=  437 learning rate   1.953125e-05  train error:    0.27757    0.13371 test error:    0.35495    0.11374 
Epoch=  438 learning rate   1.953125e-05  train error:    0.23807    0.12858 test error:    0.32945    0.11207 
Epoch=  439 learning rate   1.953125e-05  train error:    0.21111    0.12456 test error:    0.32493    0.10977 
Epoch=  440 learning rate   1.953125e-05  train error:    0.19467    0.12041 test error:    0.32010    0.10815 
Epoch=  441 learning rate   1.953125e-05  train error:    0.18202    0.11876 test error:    0.31972    0.10683 
Epoch=  442 learning rate   1.953125e-05  train error:    0.17195    0.11690 test error:    0.32157    0.10609 
Epoch=  443 learning rate   1.953125e-05  train error:    0.16355    0.11471 test error:    0.32286    0.10495 
Epoch=  444 learning rate   1.953125e-05  train error:    0.15661    0.11384 test error:    0.32090    0.10461 
Epoch=  445 learning rate   1.953125e-05  train error:    0.15147    0.11279 test error:    0.32182    0.10402 
Epoch=  446 learning rate   1.953125e-05  train error:    0.14673    0.11214 test error:    0.32518    0.10417 
Epoch=  447 learning rate   1.953125e-05  train error:    0.14330    0.11071 test error:    0.32448    0.10388 
Epoch=  448 learning rate   1.953125e-05  train error:    0.14057    0.10981 test error:    0.33023    0.10328 
Epoch=  449 learning rate   1.953125e-05  train error:    0.13819    0.10948 test error:    0.32515    0.10309 
2025-09-19-23_09_13 
terminated normal
